
*** Running vivado
    with args -log Testing_HDMI_wrapper.vds -m64 -product Vivado -mode batch -messageDb vivado.pb -notrace -source Testing_HDMI_wrapper.tcl


****** Vivado v2018.3 (64-bit)
  **** SW Build 2405991 on Thu Dec  6 23:38:27 MST 2018
  **** IP Build 2404404 on Fri Dec  7 01:43:56 MST 2018
    ** Copyright 1986-2018 Xilinx, Inc. All Rights Reserved.

source Testing_HDMI_wrapper.tcl -notrace
INFO: [IP_Flow 19-234] Refreshing IP repositories
INFO: [IP_Flow 19-1700] Loaded user IP repository 'c:/Users/itr9fc/Desktop/FPGA__Proj/Interface/solution1/impl/ip'.
INFO: [IP_Flow 19-2313] Loaded Vivado IP repository 'C:/Xilinx/Vivado/2018.3/data/ip'.
add_files: Time (s): cpu = 00:00:00 ; elapsed = 00:00:11 . Memory (MB): peak = 288.641 ; gain = 12.047
Command: synth_design -top Testing_HDMI_wrapper -part xc7z020clg400-1
Starting synth_design
Attempting to get a license for feature 'Synthesis' and/or device 'xc7z020'
INFO: [Common 17-349] Got license for feature 'Synthesis' and/or device 'xc7z020'
INFO: Launching helper process for spawning children vivado processes
INFO: Helper process launched with PID 11844 
---------------------------------------------------------------------------------
Starting RTL Elaboration : Time (s): cpu = 00:00:03 ; elapsed = 00:00:02 . Memory (MB): peak = 397.270 ; gain = 98.992
---------------------------------------------------------------------------------
INFO: [Synth 8-6157] synthesizing module 'Testing_HDMI_wrapper' [C:/Users/itr9fc/Desktop/FPGA__Proj/HDMI_game_project/HDMI_game_project.srcs/sources_1/bd/Testing_HDMI/hdl/Testing_HDMI_wrapper.v:12]
INFO: [Synth 8-6157] synthesizing module 'Testing_HDMI' [C:/Users/itr9fc/Desktop/FPGA__Proj/HDMI_game_project/HDMI_game_project.srcs/sources_1/bd/Testing_HDMI/synth/Testing_HDMI.v:13]
INFO: [Synth 8-6157] synthesizing module 'Testing_HDMI_HDMI_test_0_0' [C:/Users/itr9fc/Desktop/FPGA__Proj/HDMI_game_project/HDMI_game_project.runs/synth_1/.Xil/Vivado-10700-EmbSys18/realtime/Testing_HDMI_HDMI_test_0_0_stub.v:6]
INFO: [Synth 8-6155] done synthesizing module 'Testing_HDMI_HDMI_test_0_0' (1#1) [C:/Users/itr9fc/Desktop/FPGA__Proj/HDMI_game_project/HDMI_game_project.runs/synth_1/.Xil/Vivado-10700-EmbSys18/realtime/Testing_HDMI_HDMI_test_0_0_stub.v:6]
INFO: [Synth 8-6157] synthesizing module 'Testing_HDMI_Interface_0_1' [C:/Users/itr9fc/Desktop/FPGA__Proj/HDMI_game_project/HDMI_game_project.runs/synth_1/.Xil/Vivado-10700-EmbSys18/realtime/Testing_HDMI_Interface_0_1_stub.v:6]
INFO: [Synth 8-6155] done synthesizing module 'Testing_HDMI_Interface_0_1' (2#1) [C:/Users/itr9fc/Desktop/FPGA__Proj/HDMI_game_project/HDMI_game_project.runs/synth_1/.Xil/Vivado-10700-EmbSys18/realtime/Testing_HDMI_Interface_0_1_stub.v:6]
WARNING: [Synth 8-350] instance 'Interface_0' of module 'Testing_HDMI_Interface_0_1' requires 11 connections, but only 8 given [C:/Users/itr9fc/Desktop/FPGA__Proj/HDMI_game_project/HDMI_game_project.srcs/sources_1/bd/Testing_HDMI/synth/Testing_HDMI.v:92]
INFO: [Synth 8-6157] synthesizing module 'Testing_HDMI_clean_button_0_0' [C:/Users/itr9fc/Desktop/FPGA__Proj/HDMI_game_project/HDMI_game_project.runs/synth_1/.Xil/Vivado-10700-EmbSys18/realtime/Testing_HDMI_clean_button_0_0_stub.v:6]
INFO: [Synth 8-6155] done synthesizing module 'Testing_HDMI_clean_button_0_0' (3#1) [C:/Users/itr9fc/Desktop/FPGA__Proj/HDMI_game_project/HDMI_game_project.runs/synth_1/.Xil/Vivado-10700-EmbSys18/realtime/Testing_HDMI_clean_button_0_0_stub.v:6]
INFO: [Synth 8-6157] synthesizing module 'Testing_HDMI_clean_button_0_1' [C:/Users/itr9fc/Desktop/FPGA__Proj/HDMI_game_project/HDMI_game_project.runs/synth_1/.Xil/Vivado-10700-EmbSys18/realtime/Testing_HDMI_clean_button_0_1_stub.v:6]
INFO: [Synth 8-6155] done synthesizing module 'Testing_HDMI_clean_button_0_1' (4#1) [C:/Users/itr9fc/Desktop/FPGA__Proj/HDMI_game_project/HDMI_game_project.runs/synth_1/.Xil/Vivado-10700-EmbSys18/realtime/Testing_HDMI_clean_button_0_1_stub.v:6]
INFO: [Synth 8-6157] synthesizing module 'Testing_HDMI_clean_button_1_0' [C:/Users/itr9fc/Desktop/FPGA__Proj/HDMI_game_project/HDMI_game_project.runs/synth_1/.Xil/Vivado-10700-EmbSys18/realtime/Testing_HDMI_clean_button_1_0_stub.v:6]
INFO: [Synth 8-6155] done synthesizing module 'Testing_HDMI_clean_button_1_0' (5#1) [C:/Users/itr9fc/Desktop/FPGA__Proj/HDMI_game_project/HDMI_game_project.runs/synth_1/.Xil/Vivado-10700-EmbSys18/realtime/Testing_HDMI_clean_button_1_0_stub.v:6]
INFO: [Synth 8-6157] synthesizing module 'Testing_HDMI_clean_button_1_1' [C:/Users/itr9fc/Desktop/FPGA__Proj/HDMI_game_project/HDMI_game_project.runs/synth_1/.Xil/Vivado-10700-EmbSys18/realtime/Testing_HDMI_clean_button_1_1_stub.v:6]
INFO: [Synth 8-6155] done synthesizing module 'Testing_HDMI_clean_button_1_1' (6#1) [C:/Users/itr9fc/Desktop/FPGA__Proj/HDMI_game_project/HDMI_game_project.runs/synth_1/.Xil/Vivado-10700-EmbSys18/realtime/Testing_HDMI_clean_button_1_1_stub.v:6]
INFO: [Synth 8-6157] synthesizing module 'Testing_HDMI_clk_wiz_0_0' [C:/Users/itr9fc/Desktop/FPGA__Proj/HDMI_game_project/HDMI_game_project.runs/synth_1/.Xil/Vivado-10700-EmbSys18/realtime/Testing_HDMI_clk_wiz_0_0_stub.v:5]
INFO: [Synth 8-6155] done synthesizing module 'Testing_HDMI_clk_wiz_0_0' (7#1) [C:/Users/itr9fc/Desktop/FPGA__Proj/HDMI_game_project/HDMI_game_project.runs/synth_1/.Xil/Vivado-10700-EmbSys18/realtime/Testing_HDMI_clk_wiz_0_0_stub.v:5]
INFO: [Synth 8-6155] done synthesizing module 'Testing_HDMI' (8#1) [C:/Users/itr9fc/Desktop/FPGA__Proj/HDMI_game_project/HDMI_game_project.srcs/sources_1/bd/Testing_HDMI/synth/Testing_HDMI.v:13]
INFO: [Synth 8-6155] done synthesizing module 'Testing_HDMI_wrapper' (9#1) [C:/Users/itr9fc/Desktop/FPGA__Proj/HDMI_game_project/HDMI_game_project.srcs/sources_1/bd/Testing_HDMI/hdl/Testing_HDMI_wrapper.v:12]
---------------------------------------------------------------------------------
Finished RTL Elaboration : Time (s): cpu = 00:00:03 ; elapsed = 00:00:03 . Memory (MB): peak = 453.750 ; gain = 155.473
---------------------------------------------------------------------------------

Report Check Netlist: 
+------+------------------+-------+---------+-------+------------------+
|      |Item              |Errors |Warnings |Status |Description       |
+------+------------------+-------+---------+-------+------------------+
|1     |multi_driven_nets |      0|        0|Passed |Multi driven nets |
+------+------------------+-------+---------+-------+------------------+
---------------------------------------------------------------------------------
Start Handling Custom Attributes
---------------------------------------------------------------------------------
---------------------------------------------------------------------------------
Finished Handling Custom Attributes : Time (s): cpu = 00:00:03 ; elapsed = 00:00:03 . Memory (MB): peak = 453.750 ; gain = 155.473
---------------------------------------------------------------------------------
---------------------------------------------------------------------------------
Finished RTL Optimization Phase 1 : Time (s): cpu = 00:00:03 ; elapsed = 00:00:03 . Memory (MB): peak = 453.750 ; gain = 155.473
---------------------------------------------------------------------------------
INFO: [Device 21-403] Loading part xc7z020clg400-1
INFO: [Project 1-570] Preparing netlist for logic optimization

Processing XDC Constraints
Initializing timing engine
Parsing XDC File [c:/Users/itr9fc/Desktop/FPGA__Proj/HDMI_game_project/HDMI_game_project.srcs/sources_1/bd/Testing_HDMI/ip/Testing_HDMI_HDMI_test_0_0/Testing_HDMI_HDMI_test_0_0/Testing_HDMI_HDMI_test_0_0_in_context.xdc] for cell 'Testing_HDMI_i/HDMI_test_0'
Finished Parsing XDC File [c:/Users/itr9fc/Desktop/FPGA__Proj/HDMI_game_project/HDMI_game_project.srcs/sources_1/bd/Testing_HDMI/ip/Testing_HDMI_HDMI_test_0_0/Testing_HDMI_HDMI_test_0_0/Testing_HDMI_HDMI_test_0_0_in_context.xdc] for cell 'Testing_HDMI_i/HDMI_test_0'
Parsing XDC File [c:/Users/itr9fc/Desktop/FPGA__Proj/HDMI_game_project/HDMI_game_project.srcs/sources_1/bd/Testing_HDMI/ip/Testing_HDMI_clk_wiz_0_0/Testing_HDMI_clk_wiz_0_0/Testing_HDMI_clk_wiz_0_0_in_context.xdc] for cell 'Testing_HDMI_i/clk_wiz_0'
Finished Parsing XDC File [c:/Users/itr9fc/Desktop/FPGA__Proj/HDMI_game_project/HDMI_game_project.srcs/sources_1/bd/Testing_HDMI/ip/Testing_HDMI_clk_wiz_0_0/Testing_HDMI_clk_wiz_0_0/Testing_HDMI_clk_wiz_0_0_in_context.xdc] for cell 'Testing_HDMI_i/clk_wiz_0'
Parsing XDC File [c:/Users/itr9fc/Desktop/FPGA__Proj/HDMI_game_project/HDMI_game_project.srcs/sources_1/bd/Testing_HDMI/ip/Testing_HDMI_clean_button_0_0/Testing_HDMI_clean_button_0_0/Testing_HDMI_clean_button_0_0_in_context.xdc] for cell 'Testing_HDMI_i/clean_button_0'
Finished Parsing XDC File [c:/Users/itr9fc/Desktop/FPGA__Proj/HDMI_game_project/HDMI_game_project.srcs/sources_1/bd/Testing_HDMI/ip/Testing_HDMI_clean_button_0_0/Testing_HDMI_clean_button_0_0/Testing_HDMI_clean_button_0_0_in_context.xdc] for cell 'Testing_HDMI_i/clean_button_0'
Parsing XDC File [c:/Users/itr9fc/Desktop/FPGA__Proj/HDMI_game_project/HDMI_game_project.srcs/sources_1/bd/Testing_HDMI/ip/Testing_HDMI_clean_button_0_1/Testing_HDMI_clean_button_0_1/Testing_HDMI_clean_button_0_1_in_context.xdc] for cell 'Testing_HDMI_i/clean_button_1'
Finished Parsing XDC File [c:/Users/itr9fc/Desktop/FPGA__Proj/HDMI_game_project/HDMI_game_project.srcs/sources_1/bd/Testing_HDMI/ip/Testing_HDMI_clean_button_0_1/Testing_HDMI_clean_button_0_1/Testing_HDMI_clean_button_0_1_in_context.xdc] for cell 'Testing_HDMI_i/clean_button_1'
Parsing XDC File [c:/Users/itr9fc/Desktop/FPGA__Proj/HDMI_game_project/HDMI_game_project.srcs/sources_1/bd/Testing_HDMI/ip/Testing_HDMI_clean_button_1_0/Testing_HDMI_clean_button_1_0/Testing_HDMI_clean_button_1_0_in_context.xdc] for cell 'Testing_HDMI_i/clean_button_2'
Finished Parsing XDC File [c:/Users/itr9fc/Desktop/FPGA__Proj/HDMI_game_project/HDMI_game_project.srcs/sources_1/bd/Testing_HDMI/ip/Testing_HDMI_clean_button_1_0/Testing_HDMI_clean_button_1_0/Testing_HDMI_clean_button_1_0_in_context.xdc] for cell 'Testing_HDMI_i/clean_button_2'
Parsing XDC File [c:/Users/itr9fc/Desktop/FPGA__Proj/HDMI_game_project/HDMI_game_project.srcs/sources_1/bd/Testing_HDMI/ip/Testing_HDMI_clean_button_1_1/Testing_HDMI_clean_button_1_1/Testing_HDMI_clean_button_1_1_in_context.xdc] for cell 'Testing_HDMI_i/clean_button_3'
Finished Parsing XDC File [c:/Users/itr9fc/Desktop/FPGA__Proj/HDMI_game_project/HDMI_game_project.srcs/sources_1/bd/Testing_HDMI/ip/Testing_HDMI_clean_button_1_1/Testing_HDMI_clean_button_1_1/Testing_HDMI_clean_button_1_1_in_context.xdc] for cell 'Testing_HDMI_i/clean_button_3'
Parsing XDC File [c:/Users/itr9fc/Desktop/FPGA__Proj/HDMI_game_project/HDMI_game_project.srcs/sources_1/bd/Testing_HDMI/ip/Testing_HDMI_Interface_0_1/Testing_HDMI_Interface_0_1/Testing_HDMI_Interface_0_1_in_context.xdc] for cell 'Testing_HDMI_i/Interface_0'
Finished Parsing XDC File [c:/Users/itr9fc/Desktop/FPGA__Proj/HDMI_game_project/HDMI_game_project.srcs/sources_1/bd/Testing_HDMI/ip/Testing_HDMI_Interface_0_1/Testing_HDMI_Interface_0_1/Testing_HDMI_Interface_0_1_in_context.xdc] for cell 'Testing_HDMI_i/Interface_0'
Parsing XDC File [C:/Users/itr9fc/Desktop/FPGA__Proj/HDMI_game_project/HDMI_game_project.srcs/constrs_1/imports/Downloads/PYNQ-Z1_C.xdc]
WARNING: [Vivado 12-584] No ports matched 'LED_4_Port'. [C:/Users/itr9fc/Desktop/FPGA__Proj/HDMI_game_project/HDMI_game_project.srcs/constrs_1/imports/Downloads/PYNQ-Z1_C.xdc:18]
WARNING: [Vivado 12-584] No ports matched 'TMDSn[0]'. [C:/Users/itr9fc/Desktop/FPGA__Proj/HDMI_game_project/HDMI_game_project.srcs/constrs_1/imports/Downloads/PYNQ-Z1_C.xdc:177]
WARNING: [Vivado 12-584] No ports matched 'TMDSn[1]'. [C:/Users/itr9fc/Desktop/FPGA__Proj/HDMI_game_project/HDMI_game_project.srcs/constrs_1/imports/Downloads/PYNQ-Z1_C.xdc:179]
WARNING: [Vivado 12-584] No ports matched 'TMDSn[2]'. [C:/Users/itr9fc/Desktop/FPGA__Proj/HDMI_game_project/HDMI_game_project.srcs/constrs_1/imports/Downloads/PYNQ-Z1_C.xdc:181]
Finished Parsing XDC File [C:/Users/itr9fc/Desktop/FPGA__Proj/HDMI_game_project/HDMI_game_project.srcs/constrs_1/imports/Downloads/PYNQ-Z1_C.xdc]
WARNING: [Project 1-498] One or more constraints failed evaluation while reading constraint file [C:/Users/itr9fc/Desktop/FPGA__Proj/HDMI_game_project/HDMI_game_project.srcs/constrs_1/imports/Downloads/PYNQ-Z1_C.xdc] and the design contains unresolved black boxes. These constraints will be read post-synthesis (as long as their source constraint file is marked as used_in_implementation) and should be applied correctly then. You should review the constraints listed in the file [.Xil/Testing_HDMI_wrapper_propImpl.xdc] and check the run log file to verify that these constraints were correctly applied.
INFO: [Project 1-236] Implementation specific constraints were found while reading constraint file [C:/Users/itr9fc/Desktop/FPGA__Proj/HDMI_game_project/HDMI_game_project.srcs/constrs_1/imports/Downloads/PYNQ-Z1_C.xdc]. These constraints will be ignored for synthesis but will be used in implementation. Impacted constraints are listed in the file [.Xil/Testing_HDMI_wrapper_propImpl.xdc].
Resolution: To avoid this warning, move constraints listed in [.Xil/Testing_HDMI_wrapper_propImpl.xdc] to another XDC file and exclude this new file from synthesis with the used_in_synthesis property (File Properties dialog in GUI) and re-run elaboration/synthesis.
Parsing XDC File [C:/Users/itr9fc/Desktop/FPGA__Proj/HDMI_game_project/HDMI_game_project.runs/synth_1/dont_touch.xdc]
Finished Parsing XDC File [C:/Users/itr9fc/Desktop/FPGA__Proj/HDMI_game_project/HDMI_game_project.runs/synth_1/dont_touch.xdc]
Netlist sorting complete. Time (s): cpu = 00:00:00 ; elapsed = 00:00:00 . Memory (MB): peak = 750.969 ; gain = 0.000
Completed Processing XDC Constraints

Netlist sorting complete. Time (s): cpu = 00:00:00 ; elapsed = 00:00:00 . Memory (MB): peak = 750.969 ; gain = 0.000
INFO: [Project 1-111] Unisim Transformation Summary:
No Unisim elements were transformed.

Netlist sorting complete. Time (s): cpu = 00:00:00 ; elapsed = 00:00:00 . Memory (MB): peak = 750.969 ; gain = 0.000
Constraint Validation Runtime : Time (s): cpu = 00:00:00 ; elapsed = 00:00:00.013 . Memory (MB): peak = 750.969 ; gain = 0.000
---------------------------------------------------------------------------------
Finished Constraint Validation : Time (s): cpu = 00:00:11 ; elapsed = 00:00:12 . Memory (MB): peak = 750.969 ; gain = 452.691
---------------------------------------------------------------------------------
---------------------------------------------------------------------------------
Start Loading Part and Timing Information
---------------------------------------------------------------------------------
Loading part: xc7z020clg400-1
---------------------------------------------------------------------------------
Finished Loading Part and Timing Information : Time (s): cpu = 00:00:11 ; elapsed = 00:00:12 . Memory (MB): peak = 750.969 ; gain = 452.691
---------------------------------------------------------------------------------
---------------------------------------------------------------------------------
Start Applying 'set_property' XDC Constraints
---------------------------------------------------------------------------------
Applied set_property IO_BUFFER_TYPE = NONE for TMPDSn[0]. (constraint file  c:/Users/itr9fc/Desktop/FPGA__Proj/HDMI_game_project/HDMI_game_project.srcs/sources_1/bd/Testing_HDMI/ip/Testing_HDMI_HDMI_test_0_0/Testing_HDMI_HDMI_test_0_0/Testing_HDMI_HDMI_test_0_0_in_context.xdc, line 1).
Applied set_property CLOCK_BUFFER_TYPE = NONE for TMPDSn[0]. (constraint file  c:/Users/itr9fc/Desktop/FPGA__Proj/HDMI_game_project/HDMI_game_project.srcs/sources_1/bd/Testing_HDMI/ip/Testing_HDMI_HDMI_test_0_0/Testing_HDMI_HDMI_test_0_0/Testing_HDMI_HDMI_test_0_0_in_context.xdc, line 2).
Applied set_property IO_BUFFER_TYPE = NONE for TMPDSn[1]. (constraint file  c:/Users/itr9fc/Desktop/FPGA__Proj/HDMI_game_project/HDMI_game_project.srcs/sources_1/bd/Testing_HDMI/ip/Testing_HDMI_HDMI_test_0_0/Testing_HDMI_HDMI_test_0_0/Testing_HDMI_HDMI_test_0_0_in_context.xdc, line 3).
Applied set_property CLOCK_BUFFER_TYPE = NONE for TMPDSn[1]. (constraint file  c:/Users/itr9fc/Desktop/FPGA__Proj/HDMI_game_project/HDMI_game_project.srcs/sources_1/bd/Testing_HDMI/ip/Testing_HDMI_HDMI_test_0_0/Testing_HDMI_HDMI_test_0_0/Testing_HDMI_HDMI_test_0_0_in_context.xdc, line 4).
Applied set_property IO_BUFFER_TYPE = NONE for TMPDSn[2]. (constraint file  c:/Users/itr9fc/Desktop/FPGA__Proj/HDMI_game_project/HDMI_game_project.srcs/sources_1/bd/Testing_HDMI/ip/Testing_HDMI_HDMI_test_0_0/Testing_HDMI_HDMI_test_0_0/Testing_HDMI_HDMI_test_0_0_in_context.xdc, line 5).
Applied set_property CLOCK_BUFFER_TYPE = NONE for TMPDSn[2]. (constraint file  c:/Users/itr9fc/Desktop/FPGA__Proj/HDMI_game_project/HDMI_game_project.srcs/sources_1/bd/Testing_HDMI/ip/Testing_HDMI_HDMI_test_0_0/Testing_HDMI_HDMI_test_0_0/Testing_HDMI_HDMI_test_0_0_in_context.xdc, line 6).
Applied set_property IO_BUFFER_TYPE = NONE for hdmi_tx_clk_n. (constraint file  c:/Users/itr9fc/Desktop/FPGA__Proj/HDMI_game_project/HDMI_game_project.srcs/sources_1/bd/Testing_HDMI/ip/Testing_HDMI_HDMI_test_0_0/Testing_HDMI_HDMI_test_0_0/Testing_HDMI_HDMI_test_0_0_in_context.xdc, line 7).
Applied set_property CLOCK_BUFFER_TYPE = NONE for hdmi_tx_clk_n. (constraint file  c:/Users/itr9fc/Desktop/FPGA__Proj/HDMI_game_project/HDMI_game_project.srcs/sources_1/bd/Testing_HDMI/ip/Testing_HDMI_HDMI_test_0_0/Testing_HDMI_HDMI_test_0_0/Testing_HDMI_HDMI_test_0_0_in_context.xdc, line 8).
Applied set_property IO_BUFFER_TYPE = NONE for TMDSp[0]. (constraint file  c:/Users/itr9fc/Desktop/FPGA__Proj/HDMI_game_project/HDMI_game_project.srcs/sources_1/bd/Testing_HDMI/ip/Testing_HDMI_HDMI_test_0_0/Testing_HDMI_HDMI_test_0_0/Testing_HDMI_HDMI_test_0_0_in_context.xdc, line 9).
Applied set_property CLOCK_BUFFER_TYPE = NONE for TMDSp[0]. (constraint file  c:/Users/itr9fc/Desktop/FPGA__Proj/HDMI_game_project/HDMI_game_project.srcs/sources_1/bd/Testing_HDMI/ip/Testing_HDMI_HDMI_test_0_0/Testing_HDMI_HDMI_test_0_0/Testing_HDMI_HDMI_test_0_0_in_context.xdc, line 10).
Applied set_property IO_BUFFER_TYPE = NONE for TMDSp[1]. (constraint file  c:/Users/itr9fc/Desktop/FPGA__Proj/HDMI_game_project/HDMI_game_project.srcs/sources_1/bd/Testing_HDMI/ip/Testing_HDMI_HDMI_test_0_0/Testing_HDMI_HDMI_test_0_0/Testing_HDMI_HDMI_test_0_0_in_context.xdc, line 11).
Applied set_property CLOCK_BUFFER_TYPE = NONE for TMDSp[1]. (constraint file  c:/Users/itr9fc/Desktop/FPGA__Proj/HDMI_game_project/HDMI_game_project.srcs/sources_1/bd/Testing_HDMI/ip/Testing_HDMI_HDMI_test_0_0/Testing_HDMI_HDMI_test_0_0/Testing_HDMI_HDMI_test_0_0_in_context.xdc, line 12).
Applied set_property IO_BUFFER_TYPE = NONE for TMDSp[2]. (constraint file  c:/Users/itr9fc/Desktop/FPGA__Proj/HDMI_game_project/HDMI_game_project.srcs/sources_1/bd/Testing_HDMI/ip/Testing_HDMI_HDMI_test_0_0/Testing_HDMI_HDMI_test_0_0/Testing_HDMI_HDMI_test_0_0_in_context.xdc, line 13).
Applied set_property CLOCK_BUFFER_TYPE = NONE for TMDSp[2]. (constraint file  c:/Users/itr9fc/Desktop/FPGA__Proj/HDMI_game_project/HDMI_game_project.srcs/sources_1/bd/Testing_HDMI/ip/Testing_HDMI_HDMI_test_0_0/Testing_HDMI_HDMI_test_0_0/Testing_HDMI_HDMI_test_0_0_in_context.xdc, line 14).
Applied set_property IO_BUFFER_TYPE = NONE for hdmi_tx_clk_p. (constraint file  c:/Users/itr9fc/Desktop/FPGA__Proj/HDMI_game_project/HDMI_game_project.srcs/sources_1/bd/Testing_HDMI/ip/Testing_HDMI_HDMI_test_0_0/Testing_HDMI_HDMI_test_0_0/Testing_HDMI_HDMI_test_0_0_in_context.xdc, line 15).
Applied set_property CLOCK_BUFFER_TYPE = NONE for hdmi_tx_clk_p. (constraint file  c:/Users/itr9fc/Desktop/FPGA__Proj/HDMI_game_project/HDMI_game_project.srcs/sources_1/bd/Testing_HDMI/ip/Testing_HDMI_HDMI_test_0_0/Testing_HDMI_HDMI_test_0_0/Testing_HDMI_HDMI_test_0_0_in_context.xdc, line 16).
Applied set_property IO_BUFFER_TYPE = NONE for sys_clk. (constraint file  c:/Users/itr9fc/Desktop/FPGA__Proj/HDMI_game_project/HDMI_game_project.srcs/sources_1/bd/Testing_HDMI/ip/Testing_HDMI_clk_wiz_0_0/Testing_HDMI_clk_wiz_0_0/Testing_HDMI_clk_wiz_0_0_in_context.xdc, line 6).
Applied set_property CLOCK_BUFFER_TYPE = NONE for sys_clk. (constraint file  c:/Users/itr9fc/Desktop/FPGA__Proj/HDMI_game_project/HDMI_game_project.srcs/sources_1/bd/Testing_HDMI/ip/Testing_HDMI_clk_wiz_0_0/Testing_HDMI_clk_wiz_0_0/Testing_HDMI_clk_wiz_0_0_in_context.xdc, line 7).
Applied set_property DONT_TOUCH = true for Testing_HDMI_i. (constraint file  auto generated constraint, line ).
Applied set_property DONT_TOUCH = true for Testing_HDMI_i/HDMI_test_0. (constraint file  auto generated constraint, line ).
Applied set_property DONT_TOUCH = true for Testing_HDMI_i/clk_wiz_0. (constraint file  auto generated constraint, line ).
Applied set_property DONT_TOUCH = true for Testing_HDMI_i/clean_button_0. (constraint file  auto generated constraint, line ).
Applied set_property DONT_TOUCH = true for Testing_HDMI_i/clean_button_1. (constraint file  auto generated constraint, line ).
Applied set_property DONT_TOUCH = true for Testing_HDMI_i/clean_button_2. (constraint file  auto generated constraint, line ).
Applied set_property DONT_TOUCH = true for Testing_HDMI_i/clean_button_3. (constraint file  auto generated constraint, line ).
Applied set_property DONT_TOUCH = true for Testing_HDMI_i/Interface_0. (constraint file  auto generated constraint, line ).
---------------------------------------------------------------------------------
Finished applying 'set_property' XDC Constraints : Time (s): cpu = 00:00:11 ; elapsed = 00:00:12 . Memory (MB): peak = 750.969 ; gain = 452.691
---------------------------------------------------------------------------------
---------------------------------------------------------------------------------
Finished RTL Optimization Phase 2 : Time (s): cpu = 00:00:11 ; elapsed = 00:00:12 . Memory (MB): peak = 750.969 ; gain = 452.691
---------------------------------------------------------------------------------

Report RTL Partitions: 
+-+--------------+------------+----------+
| |RTL Partition |Replication |Instances |
+-+--------------+------------+----------+
+-+--------------+------------+----------+
---------------------------------------------------------------------------------
Start RTL Component Statistics 
---------------------------------------------------------------------------------
Detailed RTL Component Info : 
---------------------------------------------------------------------------------
Finished RTL Component Statistics 
---------------------------------------------------------------------------------
---------------------------------------------------------------------------------
Start RTL Hierarchical Component Statistics 
---------------------------------------------------------------------------------
Hierarchical RTL Component report 
---------------------------------------------------------------------------------
Finished RTL Hierarchical Component Statistics
---------------------------------------------------------------------------------
---------------------------------------------------------------------------------
Start Part Resource Summary
---------------------------------------------------------------------------------
Part Resources:
DSPs: 220 (col length:60)
BRAMs: 280 (col length: RAMB18 60 RAMB36 30)
---------------------------------------------------------------------------------
Finished Part Resource Summary
---------------------------------------------------------------------------------
---------------------------------------------------------------------------------
Start Cross Boundary and Area Optimization
---------------------------------------------------------------------------------
Warning: Parallel synthesis criteria is not met 
---------------------------------------------------------------------------------
Finished Cross Boundary and Area Optimization : Time (s): cpu = 00:00:12 ; elapsed = 00:00:13 . Memory (MB): peak = 750.969 ; gain = 452.691
---------------------------------------------------------------------------------

Report RTL Partitions: 
+-+--------------+------------+----------+
| |RTL Partition |Replication |Instances |
+-+--------------+------------+----------+
+-+--------------+------------+----------+
---------------------------------------------------------------------------------
Start Applying XDC Timing Constraints
---------------------------------------------------------------------------------
INFO: [Synth 8-5578] Moved timing constraint from pin 'Testing_HDMI_i/clk_wiz_0/clk_out1' to pin 'Testing_HDMI_i/clk_wiz_0/bbstub_clk_out1/O'
INFO: [Synth 8-5578] Moved timing constraint from pin 'Testing_HDMI_i/clk_wiz_0/clk_out2' to pin 'Testing_HDMI_i/clk_wiz_0/bbstub_clk_out2/O'
INFO: [Synth 8-5578] Moved timing constraint from pin 'Testing_HDMI_i/clk_wiz_0/clk_out3' to pin 'Testing_HDMI_i/clk_wiz_0/bbstub_clk_out3/O'
INFO: [Synth 8-5578] Moved timing constraint from pin 'Testing_HDMI_i/clk_wiz_0/clk_out4' to pin 'Testing_HDMI_i/clk_wiz_0/bbstub_clk_out4/O'
INFO: [Synth 8-5819] Moved 4 constraints on hierarchical pins to their respective driving/loading pins
---------------------------------------------------------------------------------
Finished Applying XDC Timing Constraints : Time (s): cpu = 00:00:21 ; elapsed = 00:00:22 . Memory (MB): peak = 797.395 ; gain = 499.117
---------------------------------------------------------------------------------
---------------------------------------------------------------------------------
Start Timing Optimization
---------------------------------------------------------------------------------
---------------------------------------------------------------------------------
Finished Timing Optimization : Time (s): cpu = 00:00:21 ; elapsed = 00:00:22 . Memory (MB): peak = 797.395 ; gain = 499.117
---------------------------------------------------------------------------------

Report RTL Partitions: 
+-+--------------+------------+----------+
| |RTL Partition |Replication |Instances |
+-+--------------+------------+----------+
+-+--------------+------------+----------+
---------------------------------------------------------------------------------
Start Technology Mapping
---------------------------------------------------------------------------------
---------------------------------------------------------------------------------
Finished Technology Mapping : Time (s): cpu = 00:00:21 ; elapsed = 00:00:22 . Memory (MB): peak = 807.430 ; gain = 509.152
---------------------------------------------------------------------------------

Report RTL Partitions: 
+-+--------------+------------+----------+
| |RTL Partition |Replication |Instances |
+-+--------------+------------+----------+
+-+--------------+------------+----------+
---------------------------------------------------------------------------------
Start IO Insertion
---------------------------------------------------------------------------------
---------------------------------------------------------------------------------
Start Flattening Before IO Insertion
---------------------------------------------------------------------------------
---------------------------------------------------------------------------------
Finished Flattening Before IO Insertion
---------------------------------------------------------------------------------
---------------------------------------------------------------------------------
Start Final Netlist Cleanup
---------------------------------------------------------------------------------
---------------------------------------------------------------------------------
Finished Final Netlist Cleanup
---------------------------------------------------------------------------------
---------------------------------------------------------------------------------
Finished IO Insertion : Time (s): cpu = 00:00:22 ; elapsed = 00:00:23 . Memory (MB): peak = 807.430 ; gain = 509.152
---------------------------------------------------------------------------------

Report Check Netlist: 
+------+------------------+-------+---------+-------+------------------+
|      |Item              |Errors |Warnings |Status |Description       |
+------+------------------+-------+---------+-------+------------------+
|1     |multi_driven_nets |      0|        0|Passed |Multi driven nets |
+------+------------------+-------+---------+-------+------------------+
---------------------------------------------------------------------------------
Start Renaming Generated Instances
---------------------------------------------------------------------------------
---------------------------------------------------------------------------------
Finished Renaming Generated Instances : Time (s): cpu = 00:00:22 ; elapsed = 00:00:23 . Memory (MB): peak = 807.430 ; gain = 509.152
---------------------------------------------------------------------------------

Report RTL Partitions: 
+-+--------------+------------+----------+
| |RTL Partition |Replication |Instances |
+-+--------------+------------+----------+
+-+--------------+------------+----------+
---------------------------------------------------------------------------------
Start Rebuilding User Hierarchy
---------------------------------------------------------------------------------
---------------------------------------------------------------------------------
Finished Rebuilding User Hierarchy : Time (s): cpu = 00:00:22 ; elapsed = 00:00:23 . Memory (MB): peak = 807.430 ; gain = 509.152
---------------------------------------------------------------------------------
---------------------------------------------------------------------------------
Start Renaming Generated Ports
---------------------------------------------------------------------------------
---------------------------------------------------------------------------------
Finished Renaming Generated Ports : Time (s): cpu = 00:00:22 ; elapsed = 00:00:23 . Memory (MB): peak = 807.430 ; gain = 509.152
---------------------------------------------------------------------------------
---------------------------------------------------------------------------------
Start Handling Custom Attributes
---------------------------------------------------------------------------------
---------------------------------------------------------------------------------
Finished Handling Custom Attributes : Time (s): cpu = 00:00:22 ; elapsed = 00:00:23 . Memory (MB): peak = 807.430 ; gain = 509.152
---------------------------------------------------------------------------------
---------------------------------------------------------------------------------
Start Renaming Generated Nets
---------------------------------------------------------------------------------
---------------------------------------------------------------------------------
Finished Renaming Generated Nets : Time (s): cpu = 00:00:22 ; elapsed = 00:00:23 . Memory (MB): peak = 807.430 ; gain = 509.152
---------------------------------------------------------------------------------
---------------------------------------------------------------------------------
Start Writing Synthesis Report
---------------------------------------------------------------------------------

Report BlackBoxes: 
+------+------------------------------+----------+
|      |BlackBox name                 |Instances |
+------+------------------------------+----------+
|1     |Testing_HDMI_HDMI_test_0_0    |         1|
|2     |Testing_HDMI_Interface_0_1    |         1|
|3     |Testing_HDMI_clean_button_0_0 |         1|
|4     |Testing_HDMI_clean_button_0_1 |         1|
|5     |Testing_HDMI_clean_button_1_0 |         1|
|6     |Testing_HDMI_clean_button_1_1 |         1|
|7     |Testing_HDMI_clk_wiz_0_0      |         1|
+------+------------------------------+----------+

Report Cell Usage: 
+------+------------------------------+------+
|      |Cell                          |Count |
+------+------------------------------+------+
|1     |Testing_HDMI_HDMI_test_0_0    |     1|
|2     |Testing_HDMI_Interface_0_1    |     1|
|3     |Testing_HDMI_clean_button_0_0 |     1|
|4     |Testing_HDMI_clean_button_0_1 |     1|
|5     |Testing_HDMI_clean_button_1_0 |     1|
|6     |Testing_HDMI_clean_button_1_1 |     1|
|7     |Testing_HDMI_clk_wiz_0_0      |     1|
|8     |IBUF                          |     5|
|9     |OBUF                          |     1|
+------+------------------------------+------+

Report Instance Areas: 
+------+-----------------+-------------+------+
|      |Instance         |Module       |Cells |
+------+-----------------+-------------+------+
|1     |top              |             |    71|
|2     |  Testing_HDMI_i |Testing_HDMI |    65|
+------+-----------------+-------------+------+
---------------------------------------------------------------------------------
Finished Writing Synthesis Report : Time (s): cpu = 00:00:22 ; elapsed = 00:00:23 . Memory (MB): peak = 807.430 ; gain = 509.152
---------------------------------------------------------------------------------
Synthesis finished with 0 errors, 0 critical warnings and 0 warnings.
Synthesis Optimization Runtime : Time (s): cpu = 00:00:13 ; elapsed = 00:00:16 . Memory (MB): peak = 807.430 ; gain = 211.934
Synthesis Optimization Complete : Time (s): cpu = 00:00:22 ; elapsed = 00:00:23 . Memory (MB): peak = 807.430 ; gain = 509.152
INFO: [Project 1-571] Translating synthesized netlist
INFO: [Project 1-570] Preparing netlist for logic optimization
INFO: [Opt 31-138] Pushed 0 inverter(s) to 0 load pin(s).
Netlist sorting complete. Time (s): cpu = 00:00:00 ; elapsed = 00:00:00 . Memory (MB): peak = 819.641 ; gain = 0.000
INFO: [Project 1-111] Unisim Transformation Summary:
No Unisim elements were transformed.

INFO: [Common 17-83] Releasing license: Synthesis
36 Infos, 6 Warnings, 0 Critical Warnings and 0 Errors encountered.
synth_design completed successfully
synth_design: Time (s): cpu = 00:00:24 ; elapsed = 00:00:25 . Memory (MB): peak = 819.660 ; gain = 531.020
Netlist sorting complete. Time (s): cpu = 00:00:00 ; elapsed = 00:00:00 . Memory (MB): peak = 819.660 ; gain = 0.000
WARNING: [Constraints 18-5210] No constraints selected for write.
Resolution: This message can indicate that there are no constraints for the design, or it can indicate that the used_in flags are set such that the constraints are ignored. This later case is used when running synth_design to not write synthesis constraints to the resulting checkpoint. Instead, project constraints are read when the synthesized design is opened.
INFO: [Common 17-1381] The checkpoint 'C:/Users/itr9fc/Desktop/FPGA__Proj/HDMI_game_project/HDMI_game_project.runs/synth_1/Testing_HDMI_wrapper.dcp' has been generated.
INFO: [runtcl-4] Executing : report_utilization -file Testing_HDMI_wrapper_utilization_synth.rpt -pb Testing_HDMI_wrapper_utilization_synth.pb
INFO: [Common 17-206] Exiting Vivado at Sun Apr 21 14:59:06 2019...
