

================================================================
== Vivado HLS Report for 'Interface2'
================================================================
* Date:           Sun Apr 21 19:45:36 2019

* Version:        2018.3 (Build 2405991 on Thu Dec 06 23:56:15 MST 2018)
* Project:        Interface2
* Solution:       solution1
* Product family: zynq
* Target device:  xc7z020clg400-1


================================================================
== Performance Estimates
================================================================
+ Timing (ns): 
    * Summary: 
    +--------+-------+----------+------------+
    |  Clock | Target| Estimated| Uncertainty|
    +--------+-------+----------+------------+
    |ap_clk  |  10.00|     2.764|        1.25|
    +--------+-------+----------+------------+

+ Latency (clock cycles): 
    * Summary: 
    +-----+-----+-----+-----+---------+
    |  Latency  |  Interval | Pipeline|
    | min | max | min | max |   Type  |
    +-----+-----+-----+-----+---------+
    |    0|    0|    0|    0|   none  |
    +-----+-----+-----+-----+---------+

    + Detail: 
        * Instance: 
        N/A

        * Loop: 
        N/A

============================================================
+ Verbose Summary: Synthesis Manager
============================================================
InlineROM: 1
ExposeGlobal: 0
============================================================
+ Verbose Summary: CDFG Model
============================================================
IsTopModel: 1
ResetActiveHigh: 1
IsCombinational: 0
IsDatapathOnly: 0
HasWiredReturn: 1
HasMFsm: 0
HasVarLatency: 0
IsPipeline: 0
IsRtlPipelined: 0
IsInstanceOverlapped: 0
IsDontTouch: 0
HasImplIP: 0
IsGatedGlobalClock: 0


============================================================
+ Verbose Summary: Schedule
============================================================
* Number of FSM states : 1
* Pipeline : 0
* Dataflow Pipeline: 0

* FSM state transitions: 
1 --> 

* FSM state operations: 

State 1 <SV = 0> <Delay = 2.76>
ST_1 : Operation 2 [1/1] (0.00ns)   --->   "call void (...)* @_ssdm_op_SpecBitsMap(i10 %x_V), !map !102"   --->   Operation 2 'specbitsmap' <Predicate = true> <Delay = 0.00>
ST_1 : Operation 3 [1/1] (0.00ns)   --->   "call void (...)* @_ssdm_op_SpecBitsMap(i10 %y_V), !map !108"   --->   Operation 3 'specbitsmap' <Predicate = true> <Delay = 0.00>
ST_1 : Operation 4 [1/1] (0.00ns)   --->   "call void (...)* @_ssdm_op_SpecBitsMap(i8* %XY_Red_V), !map !112"   --->   Operation 4 'specbitsmap' <Predicate = true> <Delay = 0.00>
ST_1 : Operation 5 [1/1] (0.00ns)   --->   "call void (...)* @_ssdm_op_SpecBitsMap(i8* %XY_Green_V), !map !116"   --->   Operation 5 'specbitsmap' <Predicate = true> <Delay = 0.00>
ST_1 : Operation 6 [1/1] (0.00ns)   --->   "call void (...)* @_ssdm_op_SpecBitsMap(i8* %XY_Blue_V), !map !120"   --->   Operation 6 'specbitsmap' <Predicate = true> <Delay = 0.00>
ST_1 : Operation 7 [1/1] (0.00ns)   --->   "call void (...)* @_ssdm_op_SpecTopModule([11 x i8]* @Interface2_str) nounwind"   --->   Operation 7 'spectopmodule' <Predicate = true> <Delay = 0.00>
ST_1 : Operation 8 [1/1] (0.00ns)   --->   "%x_V_read = call i10 @_ssdm_op_Read.ap_none.i10(i10 %x_V)" [Interface2/Interface2.cpp:31]   --->   Operation 8 'read' 'x_V_read' <Predicate = true> <Delay = 0.00>
ST_1 : Operation 9 [1/1] (0.00ns)   --->   "call void (...)* @_ssdm_op_SpecInterface(i10 %x_V, [8 x i8]* @p_str2, i32 0, i32 0, [1 x i8]* @p_str, i32 0, i32 0, [1 x i8]* @p_str, [1 x i8]* @p_str, [1 x i8]* @p_str, i32 0, i32 0, i32 0, i32 0, [1 x i8]* @p_str, [1 x i8]* @p_str) nounwind" [Interface2/Interface2.cpp:33]   --->   Operation 9 'specinterface' <Predicate = true> <Delay = 0.00>
ST_1 : Operation 10 [1/1] (0.00ns)   --->   "call void (...)* @_ssdm_op_SpecInterface(i10 %y_V, [8 x i8]* @p_str2, i32 0, i32 0, [1 x i8]* @p_str, i32 0, i32 0, [1 x i8]* @p_str, [1 x i8]* @p_str, [1 x i8]* @p_str, i32 0, i32 0, i32 0, i32 0, [1 x i8]* @p_str, [1 x i8]* @p_str) nounwind" [Interface2/Interface2.cpp:34]   --->   Operation 10 'specinterface' <Predicate = true> <Delay = 0.00>
ST_1 : Operation 11 [1/1] (0.00ns)   --->   "call void (...)* @_ssdm_op_SpecInterface(i8* %XY_Red_V, [8 x i8]* @p_str2, i32 0, i32 0, [1 x i8]* @p_str, i32 0, i32 0, [1 x i8]* @p_str, [1 x i8]* @p_str, [1 x i8]* @p_str, i32 0, i32 0, i32 0, i32 0, [1 x i8]* @p_str, [1 x i8]* @p_str) nounwind" [Interface2/Interface2.cpp:36]   --->   Operation 11 'specinterface' <Predicate = true> <Delay = 0.00>
ST_1 : Operation 12 [1/1] (0.00ns)   --->   "call void (...)* @_ssdm_op_SpecInterface(i8* %XY_Green_V, [8 x i8]* @p_str2, i32 0, i32 0, [1 x i8]* @p_str, i32 0, i32 0, [1 x i8]* @p_str, [1 x i8]* @p_str, [1 x i8]* @p_str, i32 0, i32 0, i32 0, i32 0, [1 x i8]* @p_str, [1 x i8]* @p_str) nounwind" [Interface2/Interface2.cpp:37]   --->   Operation 12 'specinterface' <Predicate = true> <Delay = 0.00>
ST_1 : Operation 13 [1/1] (0.00ns)   --->   "call void (...)* @_ssdm_op_SpecInterface(i8* %XY_Blue_V, [8 x i8]* @p_str2, i32 0, i32 0, [1 x i8]* @p_str, i32 0, i32 0, [1 x i8]* @p_str, [1 x i8]* @p_str, [1 x i8]* @p_str, i32 0, i32 0, i32 0, i32 0, [1 x i8]* @p_str, [1 x i8]* @p_str) nounwind" [Interface2/Interface2.cpp:38]   --->   Operation 13 'specinterface' <Predicate = true> <Delay = 0.00>
ST_1 : Operation 14 [1/1] (1.77ns)   --->   "%tmp = icmp ugt i10 %x_V_read, 200" [Interface2/Interface2.cpp:18->Interface2/Interface2.cpp:39]   --->   Operation 14 'icmp' 'tmp' <Predicate = true> <Delay = 1.77> <Core = "Cmp">   --->   Core 25 'Cmp' <Latency = 0> <II = 1> <Delay = 1.77> <FuncUnit> <Opcode : 'icmp'> <InPorts = 2> <OutPorts = 1>
ST_1 : Operation 15 [1/1] (0.99ns)   --->   "%storemerge2 = select i1 %tmp, i8 -1, i8 0" [Interface2/Interface2.cpp:18->Interface2/Interface2.cpp:39]   --->   Operation 15 'select' 'storemerge2' <Predicate = true> <Delay = 0.99> <Core = "Sel">   --->   Core 26 'Sel' <Latency = 0> <II = 1> <Delay = 0.99> <FuncUnit> <Opcode : 'select'> <InPorts = 3> <OutPorts = 1>
ST_1 : Operation 16 [1/1] (0.99ns)   --->   "%storemerge1_cast_cas = select i1 %tmp, i8 0, i8 -56" [Interface2/Interface2.cpp:18->Interface2/Interface2.cpp:39]   --->   Operation 16 'select' 'storemerge1_cast_cas' <Predicate = true> <Delay = 0.99> <Core = "Sel">   --->   Core 26 'Sel' <Latency = 0> <II = 1> <Delay = 0.99> <FuncUnit> <Opcode : 'select'> <InPorts = 3> <OutPorts = 1>
ST_1 : Operation 17 [1/1] (0.00ns) (grouped into LUT with out node storemerge_cast)   --->   "%not_tmp = xor i1 %tmp, true" [Interface2/Interface2.cpp:18->Interface2/Interface2.cpp:39]   --->   Operation 17 'xor' 'not_tmp' <Predicate = true> <Delay = 0.00> <Core = "LogicGate">   --->   Core 27 'LogicGate' <Latency = 0> <II = 1> <Delay = 0.97> <FuncUnit> <Opcode : 'and' 'or' 'xor'> <InPorts = 2> <OutPorts = 1>
ST_1 : Operation 18 [1/1] (0.99ns) (out node of the LUT)   --->   "%storemerge_cast = select i1 %not_tmp, i8 -1, i8 0" [Interface2/Interface2.cpp:18->Interface2/Interface2.cpp:39]   --->   Operation 18 'select' 'storemerge_cast' <Predicate = true> <Delay = 0.99> <Core = "Sel">   --->   Core 26 'Sel' <Latency = 0> <II = 1> <Delay = 0.99> <FuncUnit> <Opcode : 'select'> <InPorts = 3> <OutPorts = 1>
ST_1 : Operation 19 [1/1] (0.00ns)   --->   "call void @_ssdm_op_Write.ap_none.i8P(i8* %XY_Red_V, i8 %storemerge2)" [Interface2/Interface2.cpp:20->Interface2/Interface2.cpp:39]   --->   Operation 19 'write' <Predicate = true> <Delay = 0.00>
ST_1 : Operation 20 [1/1] (0.00ns)   --->   "call void @_ssdm_op_Write.ap_none.i8P(i8* %XY_Blue_V, i8 %storemerge1_cast_cas)" [Interface2/Interface2.cpp:26->Interface2/Interface2.cpp:39]   --->   Operation 20 'write' <Predicate = true> <Delay = 0.00>
ST_1 : Operation 21 [1/1] (0.00ns)   --->   "call void @_ssdm_op_Write.ap_none.i8P(i8* %XY_Green_V, i8 %storemerge_cast)" [Interface2/Interface2.cpp:22->Interface2/Interface2.cpp:39]   --->   Operation 21 'write' <Predicate = true> <Delay = 0.00>
ST_1 : Operation 22 [1/1] (0.00ns)   --->   "ret void" [Interface2/Interface2.cpp:42]   --->   Operation 22 'ret' <Predicate = true> <Delay = 0.00>


============================================================
+ Verbose Summary: Binding
============================================================
STG Binding: 
---------------- STG Properties BEGIN ----------------
- Is combinational: 1
- Is one-state seq: 0
- Is datapath-only: 0
- Is pipelined: 0
- Is top level: 1
Port [ Return ] is wired: 1; IO mode=ap_ctrl_hs:ce=0
Port [ x_V]:  wired=1; compound=0; hidden=0; nouse=0; global=0; static=0; extern=0; dir=0; type=0; pingpong=0; private_global=0; IO mode=ap_none:ce=0
Port [ y_V]:  wired=1; compound=0; hidden=0; nouse=1; global=0; static=0; extern=0; dir=0; type=0; pingpong=0; private_global=0; IO mode=ap_none:ce=0
Port [ XY_Red_V]:  wired=1; compound=0; hidden=0; nouse=0; global=0; static=0; extern=0; dir=1; type=0; pingpong=0; private_global=0; IO mode=ap_none:ce=0
Port [ XY_Green_V]:  wired=1; compound=0; hidden=0; nouse=0; global=0; static=0; extern=0; dir=1; type=0; pingpong=0; private_global=0; IO mode=ap_none:ce=0
Port [ XY_Blue_V]:  wired=1; compound=0; hidden=0; nouse=0; global=0; static=0; extern=0; dir=1; type=0; pingpong=0; private_global=0; IO mode=ap_none:ce=0
---------------- STG Properties END ------------------

---------------- Datapath Model BEGIN ----------------

<LifeTime>
<method=bitvector/>
StgValue_2           (specbitsmap  ) [ 00]
StgValue_3           (specbitsmap  ) [ 00]
StgValue_4           (specbitsmap  ) [ 00]
StgValue_5           (specbitsmap  ) [ 00]
StgValue_6           (specbitsmap  ) [ 00]
StgValue_7           (spectopmodule) [ 00]
x_V_read             (read         ) [ 00]
StgValue_9           (specinterface) [ 00]
StgValue_10          (specinterface) [ 00]
StgValue_11          (specinterface) [ 00]
StgValue_12          (specinterface) [ 00]
StgValue_13          (specinterface) [ 00]
tmp                  (icmp         ) [ 00]
storemerge2          (select       ) [ 00]
storemerge1_cast_cas (select       ) [ 00]
not_tmp              (xor          ) [ 00]
storemerge_cast      (select       ) [ 00]
StgValue_19          (write        ) [ 00]
StgValue_20          (write        ) [ 00]
StgValue_21          (write        ) [ 00]
StgValue_22          (ret          ) [ 00]
</LifeTime>

<model>

<comp_list>
<comp id="0" class="1000" name="x_V">
<pin_list>
<pin id="1" dir="1" index="0" bw="1" slack="0"/>
</pin_list>
<bind>
<StgValue><ssdm name="x_V"/></StgValue>
</bind>
</comp>

<comp id="2" class="1000" name="y_V">
<pin_list>
<pin id="3" dir="1" index="0" bw="1" slack="2147483647"/>
</pin_list>
<bind>
<StgValue><ssdm name="y_V"/></StgValue>
</bind>
</comp>

<comp id="4" class="1000" name="XY_Red_V">
<pin_list>
<pin id="5" dir="1" index="0" bw="1" slack="0"/>
</pin_list>
<bind>
<StgValue><ssdm name="XY_Red_V"/></StgValue>
</bind>
</comp>

<comp id="6" class="1000" name="XY_Green_V">
<pin_list>
<pin id="7" dir="1" index="0" bw="1" slack="0"/>
</pin_list>
<bind>
<StgValue><ssdm name="XY_Green_V"/></StgValue>
</bind>
</comp>

<comp id="8" class="1000" name="XY_Blue_V">
<pin_list>
<pin id="9" dir="1" index="0" bw="1" slack="0"/>
</pin_list>
<bind>
<StgValue><ssdm name="XY_Blue_V"/></StgValue>
</bind>
</comp>

<comp id="10" class="1001" name="const_10">
<pin_list>
<pin id="11" dir="1" index="0" bw="1" slack="2147483647"/>
</pin_list>
<bind>
<StgValue><ssdm name="_ssdm_op_SpecBitsMap"/></StgValue>
</bind>
</comp>

<comp id="12" class="1001" name="const_12">
<pin_list>
<pin id="13" dir="1" index="0" bw="1" slack="2147483647"/>
</pin_list>
<bind>
<StgValue><ssdm name="_ssdm_op_SpecTopModule"/></StgValue>
</bind>
</comp>

<comp id="14" class="1001" name="const_14">
<pin_list>
<pin id="15" dir="1" index="0" bw="1" slack="2147483647"/>
</pin_list>
<bind>
<StgValue><ssdm name="Interface2_str"/></StgValue>
</bind>
</comp>

<comp id="16" class="1001" name="const_16">
<pin_list>
<pin id="17" dir="1" index="0" bw="1" slack="0"/>
</pin_list>
<bind>
<StgValue><ssdm name="_ssdm_op_Read.ap_none.i10"/></StgValue>
</bind>
</comp>

<comp id="18" class="1001" name="const_18">
<pin_list>
<pin id="19" dir="1" index="0" bw="1" slack="2147483647"/>
</pin_list>
<bind>
<StgValue><ssdm name="_ssdm_op_SpecInterface"/></StgValue>
</bind>
</comp>

<comp id="20" class="1001" name="const_20">
<pin_list>
<pin id="21" dir="1" index="0" bw="1" slack="2147483647"/>
</pin_list>
<bind>
<StgValue><ssdm name="p_str2"/></StgValue>
</bind>
</comp>

<comp id="22" class="1001" name="const_22">
<pin_list>
<pin id="23" dir="1" index="0" bw="1" slack="2147483647"/>
</pin_list>
<bind>
<StgValue><ssdm name=""/></StgValue>
</bind>
</comp>

<comp id="24" class="1001" name="const_24">
<pin_list>
<pin id="25" dir="1" index="0" bw="1" slack="2147483647"/>
</pin_list>
<bind>
<StgValue><ssdm name="p_str"/></StgValue>
</bind>
</comp>

<comp id="26" class="1001" name="const_26">
<pin_list>
<pin id="27" dir="1" index="0" bw="1" slack="0"/>
</pin_list>
<bind>
<StgValue><ssdm name=""/></StgValue>
</bind>
</comp>

<comp id="28" class="1001" name="const_28">
<pin_list>
<pin id="29" dir="1" index="0" bw="1" slack="0"/>
</pin_list>
<bind>
<StgValue><ssdm name=""/></StgValue>
</bind>
</comp>

<comp id="30" class="1001" name="const_30">
<pin_list>
<pin id="31" dir="1" index="0" bw="1" slack="0"/>
</pin_list>
<bind>
<StgValue><ssdm name=""/></StgValue>
</bind>
</comp>

<comp id="32" class="1001" name="const_32">
<pin_list>
<pin id="33" dir="1" index="0" bw="1" slack="0"/>
</pin_list>
<bind>
<StgValue><ssdm name=""/></StgValue>
</bind>
</comp>

<comp id="34" class="1001" name="const_34">
<pin_list>
<pin id="35" dir="1" index="0" bw="1" slack="0"/>
</pin_list>
<bind>
<StgValue><ssdm name=""/></StgValue>
</bind>
</comp>

<comp id="36" class="1001" name="const_36">
<pin_list>
<pin id="37" dir="1" index="0" bw="1" slack="0"/>
</pin_list>
<bind>
<StgValue><ssdm name="_ssdm_op_Write.ap_none.i8P"/></StgValue>
</bind>
</comp>

<comp id="38" class="1004" name="x_V_read_read_fu_38">
<pin_list>
<pin id="39" dir="0" index="0" bw="10" slack="0"/>
<pin id="40" dir="0" index="1" bw="10" slack="0"/>
<pin id="41" dir="1" index="2" bw="10" slack="0"/>
</pin_list>
<bind>
<opcode="read(1150) " fcode="read"/>
<opset="x_V_read/1 "/>
</bind>
</comp>

<comp id="44" class="1004" name="StgValue_19_write_fu_44">
<pin_list>
<pin id="45" dir="0" index="0" bw="0" slack="0"/>
<pin id="46" dir="0" index="1" bw="8" slack="0"/>
<pin id="47" dir="0" index="2" bw="8" slack="0"/>
<pin id="48" dir="1" index="3" bw="0" slack="2147483647"/>
</pin_list>
<bind>
<opcode="write(1151) " fcode="write"/>
<opset="StgValue_19/1 "/>
</bind>
</comp>

<comp id="51" class="1004" name="StgValue_20_write_fu_51">
<pin_list>
<pin id="52" dir="0" index="0" bw="0" slack="0"/>
<pin id="53" dir="0" index="1" bw="8" slack="0"/>
<pin id="54" dir="0" index="2" bw="7" slack="0"/>
<pin id="55" dir="1" index="3" bw="0" slack="2147483647"/>
</pin_list>
<bind>
<opcode="write(1151) " fcode="write"/>
<opset="StgValue_20/1 "/>
</bind>
</comp>

<comp id="58" class="1004" name="StgValue_21_write_fu_58">
<pin_list>
<pin id="59" dir="0" index="0" bw="0" slack="0"/>
<pin id="60" dir="0" index="1" bw="8" slack="0"/>
<pin id="61" dir="0" index="2" bw="8" slack="0"/>
<pin id="62" dir="1" index="3" bw="0" slack="2147483647"/>
</pin_list>
<bind>
<opcode="write(1151) " fcode="write"/>
<opset="StgValue_21/1 "/>
</bind>
</comp>

<comp id="65" class="1004" name="tmp_fu_65">
<pin_list>
<pin id="66" dir="0" index="0" bw="10" slack="0"/>
<pin id="67" dir="0" index="1" bw="9" slack="0"/>
<pin id="68" dir="1" index="2" bw="1" slack="0"/>
</pin_list>
<bind>
<opcode="icmp(45) " fcode="icmp"/>
<opset="tmp/1 "/>
</bind>
</comp>

<comp id="71" class="1004" name="storemerge2_fu_71">
<pin_list>
<pin id="72" dir="0" index="0" bw="1" slack="0"/>
<pin id="73" dir="0" index="1" bw="1" slack="0"/>
<pin id="74" dir="0" index="2" bw="1" slack="0"/>
<pin id="75" dir="1" index="3" bw="8" slack="0"/>
</pin_list>
<bind>
<opcode="select(49) " fcode="select"/>
<opset="storemerge2/1 "/>
</bind>
</comp>

<comp id="80" class="1004" name="storemerge1_cast_cas_fu_80">
<pin_list>
<pin id="81" dir="0" index="0" bw="1" slack="0"/>
<pin id="82" dir="0" index="1" bw="1" slack="0"/>
<pin id="83" dir="0" index="2" bw="7" slack="0"/>
<pin id="84" dir="1" index="3" bw="8" slack="0"/>
</pin_list>
<bind>
<opcode="select(49) " fcode="select"/>
<opset="storemerge1_cast_cas/1 "/>
</bind>
</comp>

<comp id="89" class="1004" name="not_tmp_fu_89">
<pin_list>
<pin id="90" dir="0" index="0" bw="1" slack="0"/>
<pin id="91" dir="0" index="1" bw="1" slack="0"/>
<pin id="92" dir="1" index="2" bw="1" slack="0"/>
</pin_list>
<bind>
<opcode="xor(25) " fcode="xor"/>
<opset="not_tmp/1 "/>
</bind>
</comp>

<comp id="95" class="1004" name="storemerge_cast_fu_95">
<pin_list>
<pin id="96" dir="0" index="0" bw="1" slack="0"/>
<pin id="97" dir="0" index="1" bw="1" slack="0"/>
<pin id="98" dir="0" index="2" bw="1" slack="0"/>
<pin id="99" dir="1" index="3" bw="8" slack="0"/>
</pin_list>
<bind>
<opcode="select(49) " fcode="select"/>
<opset="storemerge_cast/1 "/>
</bind>
</comp>

</comp_list>

<net_list>
<net id="42"><net_src comp="16" pin="0"/><net_sink comp="38" pin=0"/></net>

<net id="43"><net_src comp="0" pin="0"/><net_sink comp="38" pin=1"/></net>

<net id="49"><net_src comp="36" pin="0"/><net_sink comp="44" pin=0"/></net>

<net id="50"><net_src comp="4" pin="0"/><net_sink comp="44" pin=1"/></net>

<net id="56"><net_src comp="36" pin="0"/><net_sink comp="51" pin=0"/></net>

<net id="57"><net_src comp="8" pin="0"/><net_sink comp="51" pin=1"/></net>

<net id="63"><net_src comp="36" pin="0"/><net_sink comp="58" pin=0"/></net>

<net id="64"><net_src comp="6" pin="0"/><net_sink comp="58" pin=1"/></net>

<net id="69"><net_src comp="38" pin="2"/><net_sink comp="65" pin=0"/></net>

<net id="70"><net_src comp="26" pin="0"/><net_sink comp="65" pin=1"/></net>

<net id="76"><net_src comp="65" pin="2"/><net_sink comp="71" pin=0"/></net>

<net id="77"><net_src comp="28" pin="0"/><net_sink comp="71" pin=1"/></net>

<net id="78"><net_src comp="30" pin="0"/><net_sink comp="71" pin=2"/></net>

<net id="79"><net_src comp="71" pin="3"/><net_sink comp="44" pin=2"/></net>

<net id="85"><net_src comp="65" pin="2"/><net_sink comp="80" pin=0"/></net>

<net id="86"><net_src comp="30" pin="0"/><net_sink comp="80" pin=1"/></net>

<net id="87"><net_src comp="32" pin="0"/><net_sink comp="80" pin=2"/></net>

<net id="88"><net_src comp="80" pin="3"/><net_sink comp="51" pin=2"/></net>

<net id="93"><net_src comp="65" pin="2"/><net_sink comp="89" pin=0"/></net>

<net id="94"><net_src comp="34" pin="0"/><net_sink comp="89" pin=1"/></net>

<net id="100"><net_src comp="89" pin="2"/><net_sink comp="95" pin=0"/></net>

<net id="101"><net_src comp="28" pin="0"/><net_sink comp="95" pin=1"/></net>

<net id="102"><net_src comp="30" pin="0"/><net_sink comp="95" pin=2"/></net>

<net id="103"><net_src comp="95" pin="3"/><net_sink comp="58" pin=2"/></net>

</net_list>

</model> 
---------------- Datapath Model END ------------------

* FSMD analyzer results:
  - Output states:
	Port: XY_Red_V | {1 }
	Port: XY_Green_V | {1 }
	Port: XY_Blue_V | {1 }
 - Input state : 
	Port: Interface2 : x_V | {1 }
  - Chain level:
	State 1
		storemerge2 : 1
		storemerge1_cast_cas : 1
		not_tmp : 1
		storemerge_cast : 1
		StgValue_19 : 2
		StgValue_20 : 2
		StgValue_21 : 2


============================================================
+ Verbose Summary: Datapath Resource usage 
============================================================

* Functional unit list:
|----------|----------------------------|---------|---------|
| Operation|       Functional Unit      |    FF   |   LUT   |
|----------|----------------------------|---------|---------|
|   icmp   |          tmp_fu_65         |    0    |    13   |
|----------|----------------------------|---------|---------|
|          |      storemerge2_fu_71     |    0    |    2    |
|  select  | storemerge1_cast_cas_fu_80 |    0    |    7    |
|          |    storemerge_cast_fu_95   |    0    |    2    |
|----------|----------------------------|---------|---------|
|    xor   |        not_tmp_fu_89       |    0    |    2    |
|----------|----------------------------|---------|---------|
|   read   |     x_V_read_read_fu_38    |    0    |    0    |
|----------|----------------------------|---------|---------|
|          |   StgValue_19_write_fu_44  |    0    |    0    |
|   write  |   StgValue_20_write_fu_51  |    0    |    0    |
|          |   StgValue_21_write_fu_58  |    0    |    0    |
|----------|----------------------------|---------|---------|
|   Total  |                            |    0    |    26   |
|----------|----------------------------|---------|---------|

Memories:
N/A

* Register list:
N/A

* Multiplexer (MUX) list: 
|--------|------|------|------|--------|
|  Comp  |  Pin | Size |  BW  | S x BW |
|--------|------|------|------|--------|
|  Total |      |      |      |    0   |
|--------|------|------|------|--------|



* Summary:
+-----------+--------+--------+
|           |   FF   |   LUT  |
+-----------+--------+--------+
|  Function |    0   |   26   |
|   Memory  |    -   |    -   |
|Multiplexer|    -   |    -   |
|  Register |    -   |    -   |
+-----------+--------+--------+
|   Total   |    0   |   26   |
+-----------+--------+--------+
