INFO-FLOW: Workspace C:/Users/itr9fc/Desktop/FPGA__Proj/Game_logic/solution1 opened at Sun Apr 21 17:01:41 -0400 2019
Execute     config_clock -quiet -name default -period 10 -default=false 
INFO: [SYN 201-201] Setting up clock 'default' with a period of 10ns.
Execute     open_platform DefaultPlatform 
Execute     import_lib C:/Xilinx/Vivado/2018.3/common/technology/xilinx/zynq/zynq 
Execute       source C:/Xilinx/Vivado/2018.3/common/technology/xilinx/common/xilinx.lib 
Execute         source C:/Xilinx/Vivado/2018.3/common/technology/xilinx/interface/xilinx_interface.lib 
Execute           source C:/Xilinx/Vivado/2018.3/common/technology/xilinx/interface/plb46.lib 
Execute           source C:/Xilinx/Vivado/2018.3/common/technology/xilinx/interface/fsl.lib 
Execute           source C:/Xilinx/Vivado/2018.3/common/technology/xilinx/interface/axi4.lib 
Execute           source C:/Xilinx/Vivado/2018.3/common/technology/xilinx/interface/maxi.lib 
Execute           source C:/Xilinx/Vivado/2018.3/common/technology/xilinx/interface/saxilite.lib 
Execute         source C:/Xilinx/Vivado/2018.3/common/technology/xilinx/common/dsp48.lib 
Execute         source C:/Xilinx/Vivado/2018.3/common/technology/xilinx/ip/dds_compiler.lib 
Execute         source C:/Xilinx/Vivado/2018.3/common/technology/xilinx/ip/xfft.lib 
Execute         source C:/Xilinx/Vivado/2018.3/common/technology/xilinx/ip/xfir.lib 
Execute       source C:/Xilinx/Vivado/2018.3/common/technology/xilinx/common/xilinx_old.lib 
Execute       source C:/Xilinx/Vivado/2018.3/common/technology/xilinx/common/xilinx_vivado.lib 
Execute       source C:/Xilinx/Vivado/2018.3/common/technology/xilinx/common/xilinx.hlp 
Execute         source C:/Xilinx/Vivado/2018.3/common/technology/xilinx/common/target_info.tcl 
Execute         source C:/Xilinx/Vivado/2018.3/common/technology/xilinx/interface/xilinx_interface.hlp 
Execute           source C:/Xilinx/Vivado/2018.3/common/technology/xilinx/interface/maxi.hlp 
Execute           source C:/Xilinx/Vivado/2018.3/common/technology/xilinx/interface/saxilite.hlp 
Execute         source C:/Xilinx/Vivado/2018.3/common/technology/xilinx/common/dsp48.hlp 
Execute       source C:/Xilinx/Vivado/2018.3/common/technology/xilinx/zynq/dsp48e1.hlp 
Execute       get_default_platform 
Execute       config_chip_info -quiet -resource  {SLICE 13300}  {LUT 53200}     {FF 106400} {DSP48E 220}   {BRAM 280}  
Execute       config_chip_info -quiet -speed medium 
Execute       source C:/Xilinx/Vivado/2018.3/common/technology/xilinx/common/xilinx.hlp 
Execute         source C:/Xilinx/Vivado/2018.3/common/technology/xilinx/common/target_info.tcl 
Execute         source C:/Xilinx/Vivado/2018.3/common/technology/xilinx/interface/xilinx_interface.hlp 
Execute           source C:/Xilinx/Vivado/2018.3/common/technology/xilinx/interface/maxi.hlp 
Execute           source C:/Xilinx/Vivado/2018.3/common/technology/xilinx/interface/saxilite.hlp 
Execute         source C:/Xilinx/Vivado/2018.3/common/technology/xilinx/common/dsp48.hlp 
Execute     source C:/Xilinx/Vivado/2018.3/common/technology/xilinx/zynq/zynq.gen 
Execute       source C:/Xilinx/Vivado/2018.3/common/technology/xilinx/common/virtex.gen 
Execute         source C:/Xilinx/Vivado/2018.3/common/technology/xilinx/common/xilinx.gen 
Execute           source C:/Xilinx/Vivado/2018.3/common/technology/xilinx/interface/plb46.gen 
Execute           source C:/Xilinx/Vivado/2018.3/common/technology/xilinx/interface/fsl.gen 
Execute           source C:/Xilinx/Vivado/2018.3/common/technology/xilinx/interface/axi4.gen 
Execute           source C:/Xilinx/Vivado/2018.3/common/technology/xilinx/interface/nativeAXI4.gen 
Execute             source C:/Xilinx/Vivado/2018.3/common/technology/xilinx/interface/saxilite.gen 
Execute             source C:/Xilinx/Vivado/2018.3/common/technology/xilinx/interface/maxi.gen 
Execute           source C:/Xilinx/Vivado/2018.3/common/technology/xilinx/scripts/xilinxcoregen.gen 
Execute           source C:/Xilinx/Vivado/2018.3/common/technology/xilinx/interface/XilEDKCoreGen.gen 
Execute           source C:/Xilinx/Vivado/2018.3/common/technology/xilinx/ip/dds_compiler.gen 
Execute           source C:/Xilinx/Vivado/2018.3/common/technology/xilinx/ip/util.gen 
Execute           source C:/Xilinx/Vivado/2018.3/common/technology/xilinx/ip/xfft.gen 
Command           ap_source done; 0.105 sec.
Execute           source C:/Xilinx/Vivado/2018.3/common/technology/xilinx/ip/xfir.gen 
Command         ap_source done; 0.143 sec.
Execute         source C:/Xilinx/Vivado/2018.3/common/technology/xilinx/common/dsp48.gen 
Command       ap_source done; 0.146 sec.
Command     ap_source done; 0.146 sec.
Execute     open_platform DefaultPlatform 
Execute     import_lib C:/Xilinx/Vivado/2018.3/common/technology/xilinx/zynq/zynq_fpv6 
Execute       source C:/Xilinx/Vivado/2018.3/common/technology/xilinx/common/xilinx_fpv7.lib 
Execute         source C:/Xilinx/Vivado/2018.3/common/technology/xilinx/common/xilinx_hp.lib 
Execute       source C:/Xilinx/Vivado/2018.3/common/technology/xilinx/common/xilinx_fpv.hlp 
Execute         source C:/Xilinx/Vivado/2018.3/common/technology/xilinx/common/xilinx.hlp 
Execute           source C:/Xilinx/Vivado/2018.3/common/technology/xilinx/common/target_info.tcl 
Execute           source C:/Xilinx/Vivado/2018.3/common/technology/xilinx/interface/xilinx_interface.hlp 
Execute             source C:/Xilinx/Vivado/2018.3/common/technology/xilinx/interface/maxi.hlp 
Execute             source C:/Xilinx/Vivado/2018.3/common/technology/xilinx/interface/saxilite.hlp 
Execute           source C:/Xilinx/Vivado/2018.3/common/technology/xilinx/common/dsp48.hlp 
Execute       source C:/Xilinx/Vivado/2018.3/common/technology/xilinx/zynq/zynq_hp.hlp 
Execute     source C:/Xilinx/Vivado/2018.3/common/technology/xilinx/zynq/zynq_fpv6.gen 
Execute       source C:/Xilinx/Vivado/2018.3/common/technology/xilinx/common/xilinx_fpv6.gen 
Execute     set_part xc7z020clg400-1 
Execute       add_library xilinx/zynq/zynq:xc7z020:clg400:-1 
Execute         get_default_platform 
Execute         license_isbetapart xc7z020 
Command         license_isbetapart done; error code: 1; 
Execute         get_default_platform 
Execute         config_chip_info -quiet -resource  {SLICE 13300}  {LUT 53200}     {FF 106400} {DSP48E 220}   {BRAM 280}  
Execute         config_chip_info -quiet -speed slow 
Execute       add_library xilinx/zynq/zynq_fpv6 
Execute         get_default_platform 
INFO: [HLS 200-10] Setting target device to 'xc7z020clg400-1'
Execute       get_default_platform 
Execute     get_default_platform 
Execute     config_chip_info -quiet -resource  {SLICE 13300}  {LUT 53200}     {FF 106400} {DSP48E 220}   {BRAM 280}  
Execute     config_chip_info -quiet -speed slow 
Execute     config_export -format=ip_catalog 
Execute     config_export -rtl=verilog 
Command   open_solution done; 0.273 sec.
Execute   set_part xc7z020clg400-1 -tool vivado 
Execute     add_library xilinx/zynq/zynq:xc7z020:clg400:-1 
Execute       get_default_platform 
Execute       license_isbetapart xc7z020 
Command       license_isbetapart done; error code: 1; 
Execute       get_default_platform 
Execute       config_chip_info -quiet -resource  {SLICE 13300}  {LUT 53200}     {FF 106400} {DSP48E 220}   {BRAM 280}  
Execute       config_chip_info -quiet -speed slow 
Execute     add_library xilinx/zynq/zynq_fpv6 
Execute       get_default_platform 
Execute     get_default_platform 
Execute   create_clock -period 10 -name default 
Execute     config_clock -quiet -name default -period 10 -default=false 
INFO: [SYN 201-201] Setting up clock 'default' with a period of 10ns.
Execute   config_export -format ip_catalog -rtl verilog 
Execute   csynth_design 
Execute     get_config_compile -effort 
Execute     get_config_compile -enable_clang39 
Execute     get_config_compile -g 
Execute     get_config_compile -lm 
Execute     get_config_compile -ng 
Execute     get_config_compile -opt_fp 
Execute     get_config_compile -skip_cdt 
Execute     get_config_compile -skip_syncheck 
Execute     get_config_compile -skip_transform 
Execute     config_compile -blackbox  
Execute     get_config_compile -keep_printf 
Execute     elaborate -effort=medium -skip_syncheck=0 -keep_printf=0 -lm=0 -skip_cdt=0 -skip_transform=0 -ng=0 -g=0 -opt_fp=0 -from_csynth_design=1 
Execute       get_config_schedule -relax_ii_for_timing 
INFO: [SCHED 204-61] Option 'relax_ii_for_timing' is enabled, will increase II to preserve clock frequency constraints.
Execute       get_config_schedule -suppress_dependence_error_break 
INFO: [HLS 200-10] Analyzing design file 'Game_logic/Game_logic.cpp' ... 
INFO-FLOW: Compiling one TU...
Execute       is_m_axi_addr64 
INFO-FLOW: Handling Game_logic/Game_logic.cpp as C++
Execute       get_default_platform 
Execute       is_encrypted Game_logic/Game_logic.cpp 
Execute       get_default_platform 
INFO-FLOW: Running: GCC PP
INFO-FLOW: Source preprocessing
Execute       clang  -fno-limit-debug-info -gcc-toolchain "C:/Xilinx/Vivado/2018.3/msys" -hls  -fno-exceptions  -D__llvm__  -E "Game_logic/Game_logic.cpp"     -fno-math-errno -c -emit-llvm -O0  -mllvm -disable-llvm-optzns -fno-threadsafe-statics  -fno-use-cxa-atexit  -fno-threadsafe-statics -fno-use-cxa-atexit -D__CLANG_3_1__ -D__cdecl= -DAESL_SYN -D__SYNTHESIS__ -D__HLS_SYN__ -I "C:/Xilinx/Vivado/2018.3/common/technology/autopilot" -I "C:/Xilinx/Vivado/2018.3/common/technology/autopilot/ap_sysc" -include etc/autopilot_ssdm_op.h -D__DSP48E1__  -o "C:/Users/itr9fc/Desktop/FPGA__Proj/Game_logic/solution1/.autopilot/db/Game_logic.pp.0.cpp" 
INFO-FLOW: exec C:/Xilinx/Vivado/2018.3/win64/tools/clang/bin/clang -fno-limit-debug-info -gcc-toolchain C:/Xilinx/Vivado/2018.3/msys -hls -fno-exceptions -D__llvm__ -E Game_logic/Game_logic.cpp -fno-math-errno -c -emit-llvm -O0 -mllvm -disable-llvm-optzns -fno-threadsafe-statics -fno-use-cxa-atexit -fno-threadsafe-statics -fno-use-cxa-atexit -D__CLANG_3_1__ -D__cdecl= -DAESL_SYN -D__SYNTHESIS__ -D__HLS_SYN__ -I C:/Xilinx/Vivado/2018.3/common/technology/autopilot -I C:/Xilinx/Vivado/2018.3/common/technology/autopilot/ap_sysc -include etc/autopilot_ssdm_op.h -D__DSP48E1__ -o C:/Users/itr9fc/Desktop/FPGA__Proj/Game_logic/solution1/.autopilot/db/Game_logic.pp.0.cpp
Command       clang done; 1.037 sec.
Execute       tidy_31 xilinx-xfmat-array-geometry C:/Users/itr9fc/Desktop/FPGA__Proj/Game_logic/solution1/.autopilot/db/Game_logic.pp.0.cpp std=gnu++98 
INFO-FLOW: exec C:/Xilinx/Vivado/2018.3/win64/tools/clang-3.9-csynth/bin/tidy-3.1 -header-filter=.* -checks=-*,xilinx-xfmat-array-geometry -quiet -fix C:/Users/itr9fc/Desktop/FPGA__Proj/Game_logic/solution1/.autopilot/db/Game_logic.pp.0.cpp -- -std=gnu++98 -fhls -ferror-limit=0
Command       tidy_31 done; 0.57 sec.
INFO-FLOW: Syntax Checking before pre-processing...
Execute       clang -syntaxcheck -src C:/Users/itr9fc/Desktop/FPGA__Proj/Game_logic/solution1/.autopilot/db/Game_logic.pp.0.cpp  -fno-limit-debug-info -gcc-toolchain "C:/Xilinx/Vivado/2018.3/msys" -hls    -fno-math-errno -c -emit-llvm -O0  -mllvm -disable-llvm-optzns -fno-threadsafe-statics  -fno-use-cxa-atexit  -fno-threadsafe-statics -fno-use-cxa-atexit -D__CLANG_3_1__ -D__cdecl= -DAESL_SYN -D__SYNTHESIS__ -D__HLS_SYN__ -I "C:/Xilinx/Vivado/2018.3/common/technology/autopilot" -I "C:/Xilinx/Vivado/2018.3/common/technology/autopilot/ap_sysc" -include etc/autopilot_ssdm_op.h -D__DSP48E1__  "C:/Users/itr9fc/Desktop/FPGA__Proj/Game_logic/solution1/.autopilot/db/Game_logic.pp.0.cpp"  -o "C:/Users/itr9fc/Desktop/FPGA__Proj/Game_logic/solution1/.autopilot/db/useless.bc"  
INFO-FLOW: exec C:/Xilinx/Vivado/2018.3/win64/tools/clang/bin/clang -fno-limit-debug-info -gcc-toolchain C:/Xilinx/Vivado/2018.3/msys -hls -fno-math-errno -c -emit-llvm -O0 -mllvm -disable-llvm-optzns -fno-threadsafe-statics -fno-use-cxa-atexit -fno-threadsafe-statics -fno-use-cxa-atexit -D__CLANG_3_1__ -D__cdecl= -DAESL_SYN -D__SYNTHESIS__ -D__HLS_SYN__ -I C:/Xilinx/Vivado/2018.3/common/technology/autopilot -I C:/Xilinx/Vivado/2018.3/common/technology/autopilot/ap_sysc -include etc/autopilot_ssdm_op.h -D__DSP48E1__ C:/Users/itr9fc/Desktop/FPGA__Proj/Game_logic/solution1/.autopilot/db/Game_logic.pp.0.cpp -o C:/Users/itr9fc/Desktop/FPGA__Proj/Game_logic/solution1/.autopilot/db/useless.bc
Command       clang done; 1.37 sec.
INFO-FLOW: Done: GCC PP time: 3 seconds per iteration
Execute       list_core -type functional_unit 
Execute       tidy_31 xilinx-systemc-detector C:/Users/itr9fc/Desktop/FPGA__Proj/Game_logic/solution1/.autopilot/db/Game_logic.pp.0.cpp std=gnu++98 -directive=C:/Users/itr9fc/Desktop/FPGA__Proj/Game_logic/solution1/.autopilot/db/.systemc_flag 
INFO-FLOW: exec C:/Xilinx/Vivado/2018.3/win64/tools/clang-3.9-csynth/bin/tidy-3.1 -header-filter=.* -checks=-*,xilinx-systemc-detector -import-directive=C:/Users/itr9fc/Desktop/FPGA__Proj/Game_logic/solution1/.autopilot/db/.systemc_flag -quiet -fix-errors C:/Users/itr9fc/Desktop/FPGA__Proj/Game_logic/solution1/.autopilot/db/Game_logic.pp.0.cpp -- -std=gnu++98 -fhls -ferror-limit=0
Command       tidy_31 done; 0.508 sec.
INFO-FLOW: Running: tidy-3.1 CDT preprocess
Execute       tidy_31 xilinx-directive2pragma C:/Users/itr9fc/Desktop/FPGA__Proj/Game_logic/solution1/.autopilot/db/Game_logic.pp.0.cpp std=gnu++98 -directive=C:/Users/itr9fc/Desktop/FPGA__Proj/Game_logic/solution1/.autopilot/db/all.directive.json 
INFO-FLOW: exec C:/Xilinx/Vivado/2018.3/win64/tools/clang-3.9-csynth/bin/tidy-3.1 -header-filter=.* -checks=-*,xilinx-directive2pragma -import-directive=C:/Users/itr9fc/Desktop/FPGA__Proj/Game_logic/solution1/.autopilot/db/all.directive.json -quiet -fix-errors C:/Users/itr9fc/Desktop/FPGA__Proj/Game_logic/solution1/.autopilot/db/Game_logic.pp.0.cpp -- -std=gnu++98 -fhls -ferror-limit=0
Command       tidy_31 done; 0.501 sec.
Execute       get_config_dataflow -strict_mode 
Execute       ap_eval exec -ignorestderr C:/Xilinx/Vivado/2018.3/win64/tools/clang-3.9-csynth/bin/xilinx-dataflow-lawyer -export-fixes=C:/Users/itr9fc/Desktop/FPGA__Proj/Game_logic/solution1/.autopilot/db/xilinx-dataflow-lawyer.Game_logic.pp.0.cpp.diag.yml C:/Users/itr9fc/Desktop/FPGA__Proj/Game_logic/solution1/.autopilot/db/Game_logic.pp.0.cpp -- -std=gnu++98 -fhls -ferror-limit=0 -fstrict-dataflow > C:/Users/itr9fc/Desktop/FPGA__Proj/Game_logic/solution1/.autopilot/db/xilinx-dataflow-lawyer.Game_logic.pp.0.cpp.out.log 2> C:/Users/itr9fc/Desktop/FPGA__Proj/Game_logic/solution1/.autopilot/db/xilinx-dataflow-lawyer.Game_logic.pp.0.cpp.err.log 
Command       ap_eval done; 0.487 sec.
Execute       tidy_31 -errorcheck xilinx-constantarray-param,xilinx-resource-pragma-transformer,xilinx-xfmat-array-geometry C:/Users/itr9fc/Desktop/FPGA__Proj/Game_logic/solution1/.autopilot/db/Game_logic.pp.0.cpp std=gnu++98 
Execute         ap_eval exec -ignorestderr C:/Xilinx/Vivado/2018.3/win64/tools/clang-3.9-csynth/bin/tidy-3.1 -export-fixes=C:/Users/itr9fc/Desktop/FPGA__Proj/Game_logic/solution1/.autopilot/db/tidy-3.1.Game_logic.pp.0.cpp.diag.yml -header-filter=.* -checks=-*,xilinx-constantarray-param,xilinx-resource-pragma-transformer,xilinx-xfmat-array-geometry -quiet -fix-errors C:/Users/itr9fc/Desktop/FPGA__Proj/Game_logic/solution1/.autopilot/db/Game_logic.pp.0.cpp -- -std=gnu++98 -fhls -ferror-limit=0 > C:/Users/itr9fc/Desktop/FPGA__Proj/Game_logic/solution1/.autopilot/db/tidy-3.1.Game_logic.pp.0.cpp.out.log 2> C:/Users/itr9fc/Desktop/FPGA__Proj/Game_logic/solution1/.autopilot/db/tidy-3.1.Game_logic.pp.0.cpp.err.log 
Command         ap_eval done; 0.614 sec.
Execute         ap_eval exec -ignorestderr C:/Xilinx/Vivado/2018.3/win64/tools/clang-3.9-csynth/bin/xilinx-legacy-rewriter C:/Users/itr9fc/Desktop/FPGA__Proj/Game_logic/solution1/.autopilot/db/Game_logic.pp.0.cpp -- -std=gnu++98 -fhls -ferror-limit=0 > C:/Users/itr9fc/Desktop/FPGA__Proj/Game_logic/solution1/.autopilot/db/xilinx-legacy-rewriter.Game_logic.pp.0.cpp.out.log 2> C:/Users/itr9fc/Desktop/FPGA__Proj/Game_logic/solution1/.autopilot/db/xilinx-legacy-rewriter.Game_logic.pp.0.cpp.err.log 
Command         ap_eval done; 0.487 sec.
Command       tidy_31 done; 1.107 sec.
INFO-FLOW: Done: tidy-3.1 CDT preprocess time: 2.1 seconds per iteration
INFO-FLOW: Pragma Handling...
Execute       tidy_31 xilinx-ssdm-intrinsics-arguments C:/Users/itr9fc/Desktop/FPGA__Proj/Game_logic/solution1/.autopilot/db/Game_logic.pragma.1.cpp std=gnu++98 
INFO-FLOW: exec C:/Xilinx/Vivado/2018.3/win64/tools/clang-3.9-csynth/bin/tidy-3.1 -header-filter=.* -checks=-*,xilinx-ssdm-intrinsics-arguments -quiet -fix-errors C:/Users/itr9fc/Desktop/FPGA__Proj/Game_logic/solution1/.autopilot/db/Game_logic.pragma.1.cpp -- -std=gnu++98 -fhls -ferror-limit=0
Command       tidy_31 done; 1.241 sec.
Execute       get_default_platform 
INFO-FLOW: Processing labels
Execute       clang -src C:/Users/itr9fc/Desktop/FPGA__Proj/Game_logic/solution1/.autopilot/db/Game_logic.pragma.2.cpp  -fno-limit-debug-info -gcc-toolchain C:/Xilinx/Vivado/2018.3/msys -hls -hls-analyze-label -hls-analyze-pragma -fno-exceptions  -D__llvm__  -w  "C:/Users/itr9fc/Desktop/FPGA__Proj/Game_logic/solution1/.autopilot/db/Game_logic.pragma.2.cpp"    -fno-math-errno -c -emit-llvm -O0  -mllvm -disable-llvm-optzns -fno-threadsafe-statics  -fno-use-cxa-atexit -DAESL_SYN -D__SYNTHESIS__ -D__HLS_SYN__ -I "C:/Xilinx/Vivado/2018.3/common/technology/autopilot" -I "C:/Xilinx/Vivado/2018.3/common/technology/autopilot/ap_sysc" -include etc/autopilot_ssdm_op.h -D__DSP48E1__ -g -o "C:/Users/itr9fc/Desktop/FPGA__Proj/Game_logic/solution1/.autopilot/db/Game_logic.bc" 
INFO-FLOW: exec C:/Xilinx/Vivado/2018.3/win64/tools/clang/bin/clang -fno-limit-debug-info -gcc-toolchain C:/Xilinx/Vivado/2018.3/msys -hls -hls-analyze-label -hls-analyze-pragma -fno-exceptions -D__llvm__ -w C:/Users/itr9fc/Desktop/FPGA__Proj/Game_logic/solution1/.autopilot/db/Game_logic.pragma.2.cpp -fno-math-errno -c -emit-llvm -O0 -mllvm -disable-llvm-optzns -fno-threadsafe-statics -fno-use-cxa-atexit -DAESL_SYN -D__SYNTHESIS__ -D__HLS_SYN__ -I C:/Xilinx/Vivado/2018.3/common/technology/autopilot -I C:/Xilinx/Vivado/2018.3/common/technology/autopilot/ap_sysc -include etc/autopilot_ssdm_op.h -D__DSP48E1__ -g -o C:/Users/itr9fc/Desktop/FPGA__Proj/Game_logic/solution1/.autopilot/db/Game_logic.bc
Command       clang done; 1.452 sec.
INFO-FLOW: Linking Debug ...
Execute       llvm-ld C:/Users/itr9fc/Desktop/FPGA__Proj/Game_logic/solution1/.autopilot/db/Game_logic.g.bc -hls-opt -except-internalize Game_logic -LC:/Xilinx/Vivado/2018.3/win64/lib -lhlsm -lhlsmc++ -o C:/Users/itr9fc/Desktop/FPGA__Proj/Game_logic/solution1/.autopilot/db/a.g 
Command       llvm-ld done; 1.029 sec.
INFO: [HLS 200-111] Finished Linking Time (s): cpu = 00:00:00 ; elapsed = 00:00:13 . Memory (MB): peak = 102.625 ; gain = 17.984
INFO: [HLS 200-111] Finished Checking Pragmas Time (s): cpu = 00:00:00 ; elapsed = 00:00:13 . Memory (MB): peak = 102.625 ; gain = 17.984
Execute       get_config_sdx -target 
Execute       opt_and_import_c a -opt_level=2 -skip_syncheck=0 -ng=0 -keep_printf=0 
Execute         cleanup_all_models 
INFO: [HLS 200-10] Starting code transformations ...
Execute         transform -promote-dbg-pointer C:/Users/itr9fc/Desktop/FPGA__Proj/Game_logic/solution1/.autopilot/db/a.pp.bc -o C:/Users/itr9fc/Desktop/FPGA__Proj/Game_logic/solution1/.autopilot/db/a.pp.0.bc -f 
Execute         llvm-ld C:/Users/itr9fc/Desktop/FPGA__Proj/Game_logic/solution1/.autopilot/db/a.pp.0.bc -disable-opt -LC:/Xilinx/Vivado/2018.3/win64/lib -lfloatconversion -o C:/Users/itr9fc/Desktop/FPGA__Proj/Game_logic/solution1/.autopilot/db/a.g.0 
Command         llvm-ld done; 0.511 sec.
INFO-FLOW: Running Standard Transforms...
Execute         transform -hls -share-std-xform -demangle-name -inline-byval-memcpy -always-inline -promote-dbg-pointer -interface-preproc -mem2reg -lower-blackbox -scalarrepl -mem2reg -keep-read-access -instcombine -dce -promote-dbg-pointer -bitop-raise -loop-simplify -indvarspre -indvars -loop-simplify -xunroll -constprop -instcombine -simplifycfg -indvars -simplifycfg -dce -globaldce -basicaa -simplifycfg -mem2reg -globalopt -global-constprop -deadargelim -instcombine -simplifycfg -prune-eh -simplifycfg -scalarrepl -instcombine -reassociate -licm -simplifycfg -loop-simplify -indvars -instcombine -simplifycfg -mem2reg -loop-simplify -indvars -instcombine -gvn -gvn -instcombine -adce -break-crit-edges -simplifycfg -loop-delete -global-array-opt -dce -dse -adce -find-syn-modules -top Game_logic -deadargelim -mem2reg -instcombine -dce -presyn-prepare -auto-rom-infer -interface-preproc -syn-check -check-rec-only -find-region -simplifycfg -func-extr -function-inline -globaldce -mem2reg -instcombine -dce -gvn -globaldce -adce -adse -constprop -instcombine -bit-constprop -instcombine -dce -simplifycfg -bitop-raise -simplifycfg -dce -loop-delete -reassociate -globalopt -global-privatize -mem2reg -dce -global-constprop -pointer-simplify -constprop -dce -func-inst -deadargelim -auto-shift-reg-idiom -promote-dbg-pointer -norm-name C:/Users/itr9fc/Desktop/FPGA__Proj/Game_logic/solution1/.autopilot/db/a.g.0.bc -o C:/Users/itr9fc/Desktop/FPGA__Proj/Game_logic/solution1/.autopilot/db/a.g.1.bc -f -phase std-opt 
INFO: [HLS 200-111] Finished Standard Transforms Time (s): cpu = 00:00:01 ; elapsed = 00:00:13 . Memory (MB): peak = 109.914 ; gain = 25.273
INFO: [HLS 200-10] Checking synthesizability ...
INFO-FLOW: Checking Synthesizability 1/2..
Execute         transform -hls -syn-check -check-rec-only -disaggr -scalarrepl -norm-name -dce -mem2reg -instcombine -function-uniquify -directive-preproc -mem2reg -dse -dce -auto-rom-infer -dce -pag -array-normalize -instcombine -dce -warn-fifo-pointer -array-seg-normalize -instcombine -dce -array-flatten -instcombine -dce -array-burst -dce -deadargelim -promote-global-argument -simplifycfg -mem2reg -globaldce -resolve-double-ptr -dce -deadargelim -dce -instcombine -function-inline -globaldce -dce -doublePtrSimplify -doublePtrElim -dce -doublePtrSimplify -promote-dbg-pointer -dce -scalarrepl -dse -adse -instcombine -ptrLegalization -simplifycfg -dce -instcombine -pointer-simplify -ptrArgReplace -dce -instcombine -disaggr -scalarrepl -norm-name -dce -mem2reg -instcombine -ptrLegalization -simplifycfg -deadargelim -instcombine -dce -inst-simplify -function-uniquify -directive-preproc -mem2reg -dse -dce -globaldce -check-dspbuiltin C:/Users/itr9fc/Desktop/FPGA__Proj/Game_logic/solution1/.autopilot/db/a.g.1.bc -o C:/Users/itr9fc/Desktop/FPGA__Proj/Game_logic/solution1/.autopilot/db/a.g.2.prechk.bc -f 
INFO: [XFORM 203-602] Inlining function 'RandNumGenerator' into 'Generatebool' (Game_logic/Game_logic.cpp:54) automatically.
INFO: [XFORM 203-602] Inlining function 'InitializeGame' into 'Game_logic' (Game_logic/Game_logic.cpp:96) automatically.
INFO: [XFORM 203-602] Inlining function 'DecrementTimer' into 'Game_logic' (Game_logic/Game_logic.cpp:100) automatically.
INFO: [XFORM 203-602] Inlining function 'Generatebool' into 'Game_logic' (Game_logic/Game_logic.cpp:104) automatically.
INFO: [XFORM 203-602] Inlining function 'CheckUserInput' into 'Game_logic' (Game_logic/Game_logic.cpp:111) automatically.
INFO: [XFORM 203-602] Inlining function 'UserLost' into 'Game_logic' (Game_logic/Game_logic.cpp:113) automatically.
INFO-FLOW: Checking Synthesizability 2/2..
Execute         transform -syn-check C:/Users/itr9fc/Desktop/FPGA__Proj/Game_logic/solution1/.autopilot/db/a.g.2.prechk.bc -o C:/Users/itr9fc/Desktop/FPGA__Proj/Game_logic/solution1/.autopilot/db/a.g.2.bc -f -phase syn-check 
INFO: [HLS 200-111] Finished Checking Synthesizability Time (s): cpu = 00:00:01 ; elapsed = 00:00:14 . Memory (MB): peak = 114.520 ; gain = 29.879
INFO-FLOW: Compiler optimizing ...
INFO-FLOW: Share syncheck's 1.bc for syn flow: copy C:/Users/itr9fc/Desktop/FPGA__Proj/Game_logic/solution1/.autopilot/db/a.g.1.bc to C:/Users/itr9fc/Desktop/FPGA__Proj/Game_logic/solution1/.autopilot/db/a.o.1.bc
INFO-FLOW: Presyn 1...
Execute         transform -hls -tmp C:/Users/itr9fc/Desktop/FPGA__Proj/Game_logic/solution1/.autopilot/db -interface-port-rename -type-info -function-uniquify -directive-preproc -mem2reg -dse -dce -disaggr -scalarrepl -norm-name -deadargelim -mem2reg -instcombine -dce -simplifycfg -auto-rom-infer -dce -function-uniquify -resource-proc -simplifycfg -mem2reg -globaldce -resolve-double-ptr -dce -deadargelim -dce -instcombine -clib-intrinsic-prepare -dce -func-buffer -dce -pag -array-normalize -func-legal -instcombine -gvn -constprop -dce -ptrArgReplace -mem2reg -instcombine -dce -array-seg-normalize -deadargelim -instcombine -dce -pointer-simplify -dce -port-alignment -dce -interface-preproc -data-pack -instcombine -dce -basicaa -aggr-aa -aggrmodref-aa -aggr-aa -gvn -gvn -basicaa -aggr-aa -aggrmodref-aa -aggr-aa -dse -adse -adce -loop-simplify -indvars -instcombine -gvn -loop-simplify -mem2reg -dce -find-region -instcombine -auto-loop-pipeline -inst-simplify -interface-preproc -cfgopt -instcombine -indvars -auto-loop-unroll -loop-simplify -loop-bound -xunroll -constprop -instcombine -simplifycfg -indvars -simplifycfg -dce -globaldce -clean-region -attach-range -gvn -inst-simplify -constprop -simplifycfg -dce -pointer-simplify -dce -globalopt -constprop -dce -array-promote -constprop -instcombine -dce -ptrArgReplace -mem2reg -instcombine -simplifycfg -dce -auto-par -instcombine -dce -array-transform-check -array-reshape -instcombine -simplifycfg -dce -ptrArgReplace -deadargelim -mem2reg -instcombine -simplifycfg -dce -indvars -loop-simplify -loop-bound -xunroll -constprop -instcombine -simplifycfg -indvars -simplifycfg -dce -globaldce -basicaa -aggr-aa -aggrmodref-aa -aggr-aa -dse -duplicate-dataflow-processes -globaldce -instcombine -array-partition -instcombine -simplifycfg -dce -ptrArgReplace -global-constprop -deadargelim -mem2reg -func-legal -instcombine -dce -global-constprop -deadargelim -mem2reg -instcombine -simplifycfg -dce -merge-param -deadargelim -globalopt -constprop -dce -array-promote -constprop -instcombine -dce -ptrArgReplace -mem2reg -instcombine -simplifycfg -dce -mem-intrinsic-preproc -dce -global-internalize -global-privatize -mem2reg -globaldce -promote-global-argument -ptrArgReplace -mem2reg -instcombine -dce -globalopt -mergereturn -simplify-global-access -mem2reg -dce -pointer-simplify -dce -functionattrs -basicaa -aggr-aa -aggrmodref-aa -aggr-aa -gvn -gvn -basicaa -aggr-aa -aggrmodref-aa -aggr-aa -dse -adse -adce -inst-simplify -dce -norm-name -function-inline -globaldce -func-inst -constprop -instcombine -simplifycfg -dce -func-legal -dce -loop-bound -arraycheck -bitwidthmin -on-by-dataflow -loop-delete -instcombine -simplifycfg -globaldce -dce -gvn -deadargelim -dce -loop-simplify -clean-region -simplifycfg -propagate-stable-arguments -loop-stream -instcombine -simplifycfg -dce -globaldce -duplicate-dataflow-processes -stream-intrinsic-preproc -dce -check-ap-stream -loop-simplify -eliminate-keepreads -extract-dataflow-in-loop -loop-simplify -dce -gvn -deadargelim -dse -check-dataflow-syntax -legalize-stream-variable -legalize-global -extract-subproc -dce -dead-channel-elimination -canonicalize-gep -globaldce -dce -gvn -deadargelim -annotate-dataflow-channels -scalar-propagation -deadargelim -globaldce -mem2reg -check-dataflow-channels -function-stream -dce -globaldce -prop-fifo-spec -internal-stream-gen -canonicalize-gep -globaldce -dce -gvn -deadargelim -mergereturn -indvars -loop-simplify -instcombine -array-stream -array-seg-normalize -array-partition -func-legal -instcombine -simplifycfg -dce -bundle-memfifo-ops -deadargelim -function-uniquify -directive-preproc -mem2reg -dse -dce -group-axi-access -licm -simplifycfg -dce -loop-delete -norm-name C:/Users/itr9fc/Desktop/FPGA__Proj/Game_logic/solution1/.autopilot/db/a.o.1.bc -o C:/Users/itr9fc/Desktop/FPGA__Proj/Game_logic/solution1/.autopilot/db/a.o.1.tmp.bc -f 
INFO: [XFORM 203-602] Inlining function 'RandNumGenerator' into 'Generatebool' (Game_logic/Game_logic.cpp:54) automatically.
INFO: [XFORM 203-602] Inlining function 'InitializeGame' into 'Game_logic' (Game_logic/Game_logic.cpp:96) automatically.
INFO: [XFORM 203-602] Inlining function 'DecrementTimer' into 'Game_logic' (Game_logic/Game_logic.cpp:100) automatically.
INFO: [XFORM 203-602] Inlining function 'Generatebool' into 'Game_logic' (Game_logic/Game_logic.cpp:104) automatically.
INFO: [XFORM 203-602] Inlining function 'CheckUserInput' into 'Game_logic' (Game_logic/Game_logic.cpp:111) automatically.
Command         transform done; 0.233 sec.
INFO-FLOW: Presyn 2...
Execute         transform -hls -keep-callgraph -scalarrepl -mem2reg -port-alignment -attach-range -dce -pipe-mux-gen -indvars -loop-bound -inst-simplify -instcombine -dce -merge-array-access -mem2reg -dce -clean-region -mergereturn -if-conv -instcombine -dce -constprop -basicaa -aggr-aa -aggrmodref-aa -aggr-aa -gvn -gvn -basicaa -aggr-aa -aggrmodref-aa -aggr-aa -dse -adse -adce -scalarrepl -mem2reg -global-constprop -deadargelim -deadargelim -instcombine -dce -simplifycfg -ptrArgReplace -mem2reg -function-inline -globaldce -mem2reg -instcombine -dce -expr-balance -instcombine -dce -bitwidthmin -interface-preproc -directive-preproc -inst-rectify -instcombine -dce -functionattrs -constprop -instcombine -bit-constprop -simplify-global-access -globalopt -globaldce -inst-simplify -instcombine -elimdeaddata -dce -loop-delete -simplifycfg -loop-simplify -auto-burst -norm-name C:/Users/itr9fc/Desktop/FPGA__Proj/Game_logic/solution1/.autopilot/db/a.o.1.tmp.bc -o C:/Users/itr9fc/Desktop/FPGA__Proj/Game_logic/solution1/.autopilot/db/a.o.2.bc -f -phase presyn 
INFO: [HLS 200-111] Finished Pre-synthesis Time (s): cpu = 00:00:01 ; elapsed = 00:00:14 . Memory (MB): peak = 140.574 ; gain = 55.934
INFO-FLOW: Building ssdm...
Execute         transform -hls -function-uniquify -auto-function-inline -globaldce -ptrArgReplace -mem2reg -instcombine -dce -reset-lda -loop-simplify -indvars -licm -loop-dep -loop-bound -licm -loop-simplify -flattenloopnest -array-flatten -gvn -instcombine -dce -array-map -dce -func-legal -gvn -adce -instcombine -cfgopt -simplifycfg -loop-simplify -array-burst -promote-global-argument -dce -axi4-lower -array-seg-normalize -basicaa -aggrmodref-aa -globalsmodref-aa -aggr-aa -gvn -gvn -basicaa -aggrmodref-aa -globalsmodref-aa -aggr-aa -dse -adse -adce -licm -inst-simplify -dce -globaldce -instcombine -array-stream -eliminate-keepreads -instcombine -dce -deadargelim -doublePtrSimplify -doublePtrElim -dce -doublePtrSimplify -promote-dbg-pointer -dce -scalarrepl -mem2reg -disaggr -norm-name -mem2reg -instcombine -dse -adse -adce -ptrLegalization -dce -auto-rom-infer -array-flatten -dce -instcombine -check-doubleptr -loop-rot -constprop -cfgopt -simplifycfg -loop-simplify -indvars -pointer-simplify -dce -loop-bound -loop-simplify -loop-preproc -constprop -global-constprop -gvn -mem2reg -instcombine -dce -loop-bound -loop-merge -dce -bitwidthmin -deadargelim -dce -canonicalize-dataflow -dce -scalar-propagation -deadargelim -globaldce -mem2reg -read-loop-dep -interface-preproc -directive-preproc -interface-gen -bram-byte-enable -deadargelim -inst-simplify -dce -gvn -mem2reg -instcombine -dce -adse -loop-bound -instcombine -cfgopt -simplifycfg -loop-simplify -clean-region -io-protocol -find-region -mem2reg -bitop-raise -inst-simplify -inst-rectify -instcombine -adce -deadargelim -loop-simplify -phi-opt -bitop-raise -cfgopt -simplifycfg -strip-dead-prototypes -interface-lower -bitop-lower -intrinsic-lower -auto-function-inline -basicaa -aggrmodref-aa -globalsmodref-aa -aggr-aa -inst-simplify -simplifycfg -loop-simplify -mergereturn -inst-simplify -inst-rectify -dce -load-elim -bitop-lower -loop-rewind -pointer-simplify -dce -cfgopt -dce -bitwidth -loop-bound -loop-dep -read-loop-dep -dce -check-stream -norm-name -legalize -validate-dataflow -inst-clarity -cdfg-build C:/Users/itr9fc/Desktop/FPGA__Proj/Game_logic/solution1/.autopilot/db/a.o.2.bc -o C:/Users/itr9fc/Desktop/FPGA__Proj/Game_logic/solution1/.autopilot/db/a.o.3.bc -f -phase build-ssdm 
WARNING: [XFORM 203-561] 'Loop-1' (Game_logic/Game_logic.cpp:95:2) in function 'Game_logic' is an infinite loop.
Command         transform done; 0.166 sec.
INFO: [HLS 200-111] Finished Architecture Synthesis Time (s): cpu = 00:00:01 ; elapsed = 00:00:14 . Memory (MB): peak = 141.621 ; gain = 56.980
INFO-FLOW: Finish building internal data model.
Command       opt_and_import_c done; 1.313 sec.
Command     elaborate done; 10.992 sec.
Execute     autosyn -from_csynth_design=1 
INFO: [HLS 200-10] Starting hardware synthesis ...
INFO-FLOW: Synthesizing C/C++ design ...
INFO: [HLS 200-10] Synthesizing 'Game_logic' ...
Execute       ap_set_top_model Game_logic 
Execute       get_model_list Game_logic -filter all-wo-channel -topdown 
Execute       preproc_iomode -model Game_logic 
Execute       get_model_list Game_logic -filter all-wo-channel 
INFO-FLOW: Model list for configure: Game_logic
INFO-FLOW: Configuring Module : Game_logic ...
Execute       set_default_model Game_logic 
Execute       apply_spec_resource_limit Game_logic 
INFO-FLOW: Model list for preprocess: Game_logic
INFO-FLOW: Preprocessing Module: Game_logic ...
Execute       set_default_model Game_logic 
Execute       cdfg_preprocess -model Game_logic 
Execute       rtl_gen_preprocess Game_logic 
INFO-FLOW: Model list for synthesis: Game_logic
INFO: [HLS 200-10] ----------------------------------------------------------------
INFO: [HLS 200-42] -- Implementing module 'Game_logic' 
INFO: [HLS 200-10] ----------------------------------------------------------------
Execute       set_default_model Game_logic 
Execute       schedule -model Game_logic 
INFO: [SCHED 204-11] Starting scheduling ...
WARNING: [SCHED 204-21] Estimated clock period (9.88087ns) exceeds the target (target clock period: 10ns, clock uncertainty: 1.25ns, effective delay budget: 8.75ns).
WARNING: [SCHED 204-21] The critical path in module 'Game_logic' consists of the following:
	'mul' operation of DSP[80] ('tmp_i_i3', Game_logic/Game_logic.cpp:49->Game_logic/Game_logic.cpp:54->Game_logic/Game_logic.cpp:105) [79]  (3.36 ns)
	'add' operation of DSP[80] ('tmp_1_i_i4', Game_logic/Game_logic.cpp:49->Game_logic/Game_logic.cpp:54->Game_logic/Game_logic.cpp:105) [80]  (3.02 ns)
	'urem' operation ('last_num', Game_logic/Game_logic.cpp:49->Game_logic/Game_logic.cpp:54->Game_logic/Game_logic.cpp:105) [81]  (3.5 ns)
INFO: [SCHED 204-11] Finished scheduling.
INFO: [HLS 200-111]  Elapsed time: 14.165 seconds; current allocated memory: 92.037 MB.
Execute       report -o C:/Users/itr9fc/Desktop/FPGA__Proj/Game_logic/solution1/.autopilot/db/Game_logic.verbose.sched.rpt -verbose -f 
INFO: [HLS 200-434] Only 0 loops out of a total 1 loops have been pipelined in this design.
Execute       db_write -o C:/Users/itr9fc/Desktop/FPGA__Proj/Game_logic/solution1/.autopilot/db/Game_logic.sched.adb -f 
INFO-FLOW: Finish scheduling Game_logic.
Execute       set_default_model Game_logic 
Execute       bind -model Game_logic 
BIND OPTION: fu_weight=[ 0.0 -- 1.0 ]
BIND OPTION: model=Game_logic
BIND OPTION: reg_weight=[ 0.0 -- 1.0 ]
INFO: [BIND 205-100] Starting micro-architecture generation ...
INFO: [BIND 205-101] Performing variable lifetime analysis.
INFO: [BIND 205-101] Exploring resource sharing.
INFO: [BIND 205-101] Binding ...
INFO: [BIND 205-100] Finished micro-architecture generation.
INFO: [HLS 200-111]  Elapsed time: 0.157 seconds; current allocated memory: 92.549 MB.
Execute       report -o C:/Users/itr9fc/Desktop/FPGA__Proj/Game_logic/solution1/.autopilot/db/Game_logic.verbose.bind.rpt -verbose -f 
Execute       db_write -o C:/Users/itr9fc/Desktop/FPGA__Proj/Game_logic/solution1/.autopilot/db/Game_logic.bind.adb -f 
INFO-FLOW: Finish binding Game_logic.
Execute       get_model_list Game_logic -filter all-wo-channel 
INFO-FLOW: Preprocessing for RTLGen ...
Execute       rtl_gen_preprocess Game_logic 
INFO-FLOW: Model list for RTL generation: Game_logic
INFO: [HLS 200-10] ----------------------------------------------------------------
INFO: [HLS 200-10] -- Generating RTL for module 'Game_logic' 
INFO: [HLS 200-10] ----------------------------------------------------------------
Execute       get_config_rtl -prefix 
Execute       get_config_rtl -auto_prefix 
Execute       create_rtl_model Game_logic -vendor xilinx -mg_file C:/Users/itr9fc/Desktop/FPGA__Proj/Game_logic/solution1/.autopilot/db/Game_logic.compgen.tcl 
INFO: [RTGEN 206-500] Setting interface mode on port 'Game_logic/rst' to 'ap_none'.
INFO: [RTGEN 206-500] Setting interface mode on port 'Game_logic/btn1' to 'ap_none'.
INFO: [RTGEN 206-500] Setting interface mode on port 'Game_logic/btn2' to 'ap_none'.
INFO: [RTGEN 206-500] Setting interface mode on port 'Game_logic/btn3' to 'ap_none'.
INFO: [RTGEN 206-500] Setting interface mode on port 'Game_logic/slow_clk' to 'ap_none'.
INFO: [RTGEN 206-500] Setting interface mode on port 'Game_logic/lose' to 'ap_none'.
WARNING: [RTGEN 206-101] Port 'lose' with mode 'ap_none' may require an associated data valid signal to correctly communicate with other blocks or a test bench; automatic C/RTL co-simulation may not be able to verify such a port.
INFO: [RTGEN 206-500] Setting interface mode on port 'Game_logic/time_remaining_out_V' to 'ap_none'.
WARNING: [RTGEN 206-101] Port 'time_remaining_out_V' with mode 'ap_none' may require an associated data valid signal to correctly communicate with other blocks or a test bench; automatic C/RTL co-simulation may not be able to verify such a port.
INFO: [RTGEN 206-500] Setting interface mode on port 'Game_logic/time_remaining_in_V' to 'ap_none'.
INFO: [RTGEN 206-500] Setting interface mode on port 'Game_logic/verify1_out' to 'ap_none'.
INFO: [RTGEN 206-500] Setting interface mode on port 'Game_logic/verify2_out' to 'ap_none'.
INFO: [RTGEN 206-500] Setting interface mode on port 'Game_logic/verify3_out' to 'ap_none'.
INFO: [RTGEN 206-500] Setting interface mode on function 'Game_logic' to 'ap_ctrl_hs'.
WARNING: [RTGEN 206-101] Register 'decrement_value' is power-on initialization.
WARNING: [RTGEN 206-101] Register 'newRound' is power-on initialization.
WARNING: [RTGEN 206-101] Register 'btn1_verify' is power-on initialization.
WARNING: [RTGEN 206-101] Register 'btn2_verify' is power-on initialization.
WARNING: [RTGEN 206-101] Register 'btn3_verify' is power-on initialization.
WARNING: [RTGEN 206-101] Register 'RandSeed' is power-on initialization.
WARNING: [RTGEN 206-101] Global scalar 'RandSeed' will not be exposed as RTL port.
INFO: [SYN 201-210] Renamed object name 'Game_logic_urem_32ns_8ns_11_36_seq_1' to 'Game_logic_urem_3bkb' due to the length limit 20
INFO: [SYN 201-210] Renamed object name 'Game_logic_urem_11s_8ns_11_15_seq_1' to 'Game_logic_urem_1cud' due to the length limit 20
INFO: [SYN 201-210] Renamed object name 'Game_logic_mac_muladd_5ns_11s_8ns_11_1_1' to 'Game_logic_mac_mudEe' due to the length limit 20
INFO: [SYN 201-210] Renamed object name 'Game_logic_mac_muladd_5ns_8s_8ns_11_1_1' to 'Game_logic_mac_mueOg' due to the length limit 20
WARNING: [RTGEN 206-101] Port 'Game_logic/verify1_out' has no fanin or fanout and is left dangling.
               Please use C simulation to confirm this function argument can be read from or written to.
WARNING: [RTGEN 206-101] Port 'Game_logic/verify2_out' has no fanin or fanout and is left dangling.
               Please use C simulation to confirm this function argument can be read from or written to.
WARNING: [RTGEN 206-101] Port 'Game_logic/verify3_out' has no fanin or fanout and is left dangling.
               Please use C simulation to confirm this function argument can be read from or written to.
INFO: [RTGEN 206-100] Generating core module 'Game_logic_mac_mudEe': 1 instance(s).
INFO: [RTGEN 206-100] Generating core module 'Game_logic_mac_mueOg': 1 instance(s).
INFO: [RTGEN 206-100] Generating core module 'Game_logic_urem_1cud': 2 instance(s).
INFO: [RTGEN 206-100] Generating core module 'Game_logic_urem_3bkb': 1 instance(s).
INFO: [RTGEN 206-100] Finished creating RTL model for 'Game_logic'.
Command       create_rtl_model done; 0.234 sec.
INFO: [HLS 200-111]  Elapsed time: 0.377 seconds; current allocated memory: 93.489 MB.
Execute       source C:/Users/itr9fc/Desktop/FPGA__Proj/Game_logic/solution1/.autopilot/db/Game_logic.rtl_wrap.cfg.tcl 
Execute       gen_rtl Game_logic -istop -style xilinx -tracefl mytrace -tracefmt vcd -traceopt all -f -lang sc -o C:/Users/itr9fc/Desktop/FPGA__Proj/Game_logic/solution1/syn/systemc/Game_logic -synmodules Game_logic 
Execute       gen_rtl Game_logic -istop -style xilinx -f -lang vhdl -o C:/Users/itr9fc/Desktop/FPGA__Proj/Game_logic/solution1/syn/vhdl/Game_logic 
Execute       gen_rtl Game_logic -istop -style xilinx -f -lang vlog -o C:/Users/itr9fc/Desktop/FPGA__Proj/Game_logic/solution1/syn/verilog/Game_logic 
Execute       export_constraint_db -o C:/Users/itr9fc/Desktop/FPGA__Proj/Game_logic/solution1/.autopilot/db/Game_logic.constraint.tcl -f -tool general 
Execute       report -model Game_logic -o C:/Users/itr9fc/Desktop/FPGA__Proj/Game_logic/solution1/.autopilot/db/Game_logic.design.xml -verbose -f -dv 
Execute       report -model Game_logic -o C:/Users/itr9fc/Desktop/FPGA__Proj/Game_logic/solution1/.autopilot/db/Game_logic.sdaccel.xml -verbose -f -sdaccel 
Execute       gen_tb_info Game_logic -o C:/Users/itr9fc/Desktop/FPGA__Proj/Game_logic/solution1/.autopilot/db/Game_logic -p C:/Users/itr9fc/Desktop/FPGA__Proj/Game_logic/solution1/.autopilot/db 
Execute       report -model Game_logic -o C:/Users/itr9fc/Desktop/FPGA__Proj/Game_logic/solution1/syn/report/Game_logic_csynth.rpt -f 
Execute       report -model Game_logic -o C:/Users/itr9fc/Desktop/FPGA__Proj/Game_logic/solution1/syn/report/Game_logic_csynth.xml -f -x 
Execute       report -model Game_logic -o C:/Users/itr9fc/Desktop/FPGA__Proj/Game_logic/solution1/.autopilot/db/Game_logic.verbose.rpt -verbose -f 
Execute       db_write -model Game_logic -o C:/Users/itr9fc/Desktop/FPGA__Proj/Game_logic/solution1/.autopilot/db/Game_logic.adb -f 
Execute       sc_get_clocks Game_logic 
Execute       get_config_export -vivado_clock 
Execute       sc_get_portdomain Game_logic 
INFO-FLOW: Model list for RTL component generation: Game_logic
INFO-FLOW: Handling components in module [Game_logic] ... 
Execute       source C:/Users/itr9fc/Desktop/FPGA__Proj/Game_logic/solution1/.autopilot/db/Game_logic.compgen.tcl 
INFO-FLOW: Found component Game_logic_urem_3bkb.
INFO-FLOW: Append model Game_logic_urem_3bkb
INFO-FLOW: Found component Game_logic_urem_1cud.
INFO-FLOW: Append model Game_logic_urem_1cud
INFO-FLOW: Found component Game_logic_mac_mudEe.
INFO-FLOW: Append model Game_logic_mac_mudEe
INFO-FLOW: Found component Game_logic_mac_mueOg.
INFO-FLOW: Append model Game_logic_mac_mueOg
INFO-FLOW: Append model Game_logic
INFO-FLOW: Generating RTL model list ...
INFO-FLOW: All models in this session: Game_logic_urem_3bkb Game_logic_urem_1cud Game_logic_mac_mudEe Game_logic_mac_mueOg Game_logic
INFO-FLOW: To file: write model Game_logic_urem_3bkb
INFO-FLOW: To file: write model Game_logic_urem_1cud
INFO-FLOW: To file: write model Game_logic_mac_mudEe
INFO-FLOW: To file: write model Game_logic_mac_mueOg
INFO-FLOW: To file: write model Game_logic
INFO-FLOW: Finished generating RTL model list.


INFO-FLOW: RTL Generation done.
INFO-FLOW: CAS Generation done.
INFO-FLOW: CBC Generation done.
INFO-FLOW: DBG:CMD: auto_generate_csynth_design
INFO-FLOW: DBG:CMD:     auto_generate --sim-model -phase csynth_design -d C:/Users/itr9fc/Desktop/FPGA__Proj/Game_logic/solution1
Execute       source C:/Users/itr9fc/Desktop/FPGA__Proj/Game_logic/solution1/.autopilot/db/global.setting.tcl 
INFO-FLOW: DBG:CMD: read_platform_lib C:/Users/itr9fc/Desktop/FPGA__Proj/Game_logic/solution1/.autopilot/db/global.setting.tcl
Execute       source C:/Xilinx/Vivado/2018.3/common/technology/generic/autopilot/common.gen 
Execute         source C:/Xilinx/Vivado/2018.3/common/technology/generic/autopilot/APCoreGen.gen 
Execute       source C:/Xilinx/Vivado/2018.3/common/technology/generic/autopilot/op.gen 
Execute       source C:/Xilinx/Vivado/2018.3/common/technology/generic/autopilot/op_simcore.gen 
Execute       source C:/Xilinx/Vivado/2018.3/common/technology/generic/autopilot/interface.gen 
Execute       source C:/Users/itr9fc/Desktop/FPGA__Proj/Game_logic/solution1/.autopilot/db/global.setting.tcl 
Execute       source C:/Xilinx/Vivado/2018.3/common/technology/xilinx/zynq/zynq.gen 
Execute         source C:/Xilinx/Vivado/2018.3/common/technology/xilinx/common/virtex.gen 
Execute           source C:/Xilinx/Vivado/2018.3/common/technology/xilinx/common/xilinx.gen 
Execute             source C:/Xilinx/Vivado/2018.3/common/technology/xilinx/interface/plb46.gen 
Execute             source C:/Xilinx/Vivado/2018.3/common/technology/xilinx/interface/fsl.gen 
Execute             source C:/Xilinx/Vivado/2018.3/common/technology/xilinx/interface/axi4.gen 
Execute             source C:/Xilinx/Vivado/2018.3/common/technology/xilinx/interface/nativeAXI4.gen 
Execute               source C:/Xilinx/Vivado/2018.3/common/technology/xilinx/interface/saxilite.gen 
Execute               source C:/Xilinx/Vivado/2018.3/common/technology/xilinx/interface/maxi.gen 
Execute             source C:/Xilinx/Vivado/2018.3/common/technology/xilinx/scripts/xilinxcoregen.gen 
Execute             source C:/Xilinx/Vivado/2018.3/common/technology/xilinx/interface/XilEDKCoreGen.gen 
Execute             source C:/Xilinx/Vivado/2018.3/common/technology/xilinx/ip/dds_compiler.gen 
Execute             source C:/Xilinx/Vivado/2018.3/common/technology/xilinx/ip/util.gen 
Execute             source C:/Xilinx/Vivado/2018.3/common/technology/xilinx/ip/xfft.gen 
Execute             source C:/Xilinx/Vivado/2018.3/common/technology/xilinx/ip/xfir.gen 
Command           ap_source done; 0.136 sec.
Execute           source C:/Xilinx/Vivado/2018.3/common/technology/xilinx/common/dsp48.gen 
Command         ap_source done; 0.139 sec.
Command       ap_source done; 0.139 sec.
Execute       source C:/Xilinx/Vivado/2018.3/common/technology/xilinx/zynq/zynq_fpv6.gen 
Execute         source C:/Xilinx/Vivado/2018.3/common/technology/xilinx/common/xilinx_fpv6.gen 
INFO-FLOW: DBG:CMD:   using AESL_AUTOCG::g_clock_period=10.000 (was NA)
INFO-FLOW: DBG:CMD:       generate_ip_cores sim=1 export=0 expOnly=0 dstVlogDir=syn/verilog
Execute       source C:/Users/itr9fc/Desktop/FPGA__Proj/Game_logic/solution1/.autopilot/db/global.setting.tcl 
Execute       source C:/Users/itr9fc/Desktop/FPGA__Proj/Game_logic/solution1/.autopilot/db/global.setting.tcl 
Execute       source C:/Users/itr9fc/Desktop/FPGA__Proj/Game_logic/solution1/.autopilot/db/global.setting.tcl 
Execute       source C:/Users/itr9fc/Desktop/FPGA__Proj/Game_logic/solution1/.autopilot/db/Game_logic.compgen.tcl 
INFO: [RTMG 210-282] Generating pipelined core: 'Game_logic_urem_3bkb_div'
INFO: [RTMG 210-282] Generating pipelined core: 'Game_logic_urem_1cud_div'
Command       ap_source done; 0.219 sec.
INFO-FLOW: DBG:CMD:     auto_generate -export -impltomg_flag -rtl both -tool Vivado -pcore_version 1.00.a -phase csynth_design -d C:/Users/itr9fc/Desktop/FPGA__Proj/Game_logic/solution1
Execute       source C:/Users/itr9fc/Desktop/FPGA__Proj/Game_logic/solution1/.autopilot/db/global.setting.tcl 
INFO-FLOW: DBG:CMD: read_platform_lib C:/Users/itr9fc/Desktop/FPGA__Proj/Game_logic/solution1/.autopilot/db/global.setting.tcl
Execute       source C:/Xilinx/Vivado/2018.3/common/technology/generic/autopilot/common.gen 
Execute         source C:/Xilinx/Vivado/2018.3/common/technology/generic/autopilot/APCoreGen.gen 
Execute       source C:/Xilinx/Vivado/2018.3/common/technology/generic/autopilot/op.gen 
Execute       source C:/Xilinx/Vivado/2018.3/common/technology/generic/autopilot/op_simcore.gen 
Execute       source C:/Xilinx/Vivado/2018.3/common/technology/generic/autopilot/interface.gen 
Execute       source C:/Users/itr9fc/Desktop/FPGA__Proj/Game_logic/solution1/.autopilot/db/global.setting.tcl 
Execute       source C:/Xilinx/Vivado/2018.3/common/technology/xilinx/zynq/zynq.gen 
Execute         source C:/Xilinx/Vivado/2018.3/common/technology/xilinx/common/virtex.gen 
Execute           source C:/Xilinx/Vivado/2018.3/common/technology/xilinx/common/xilinx.gen 
Execute             source C:/Xilinx/Vivado/2018.3/common/technology/xilinx/interface/plb46.gen 
Execute             source C:/Xilinx/Vivado/2018.3/common/technology/xilinx/interface/fsl.gen 
Execute             source C:/Xilinx/Vivado/2018.3/common/technology/xilinx/interface/axi4.gen 
Execute             source C:/Xilinx/Vivado/2018.3/common/technology/xilinx/interface/nativeAXI4.gen 
Execute               source C:/Xilinx/Vivado/2018.3/common/technology/xilinx/interface/saxilite.gen 
Execute               source C:/Xilinx/Vivado/2018.3/common/technology/xilinx/interface/maxi.gen 
Execute             source C:/Xilinx/Vivado/2018.3/common/technology/xilinx/scripts/xilinxcoregen.gen 
Execute             source C:/Xilinx/Vivado/2018.3/common/technology/xilinx/interface/XilEDKCoreGen.gen 
Execute             source C:/Xilinx/Vivado/2018.3/common/technology/xilinx/ip/dds_compiler.gen 
Execute             source C:/Xilinx/Vivado/2018.3/common/technology/xilinx/ip/util.gen 
Execute             source C:/Xilinx/Vivado/2018.3/common/technology/xilinx/ip/xfft.gen 
Command             ap_source done; 0.105 sec.
Execute             source C:/Xilinx/Vivado/2018.3/common/technology/xilinx/ip/xfir.gen 
Command           ap_source done; 0.143 sec.
Execute           source C:/Xilinx/Vivado/2018.3/common/technology/xilinx/common/dsp48.gen 
Command         ap_source done; 0.146 sec.
Command       ap_source done; 0.146 sec.
Execute       source C:/Xilinx/Vivado/2018.3/common/technology/xilinx/zynq/zynq_fpv6.gen 
Execute         source C:/Xilinx/Vivado/2018.3/common/technology/xilinx/common/xilinx_fpv6.gen 
INFO-FLOW: DBG:CMD:       initCTypeInfo top_module=Game_logic xml_exists=0
Execute       source C:/Users/itr9fc/Desktop/FPGA__Proj/Game_logic/solution1/.autopilot/db/Game_logic.rtl_wrap.cfg.tcl 
Execute       source C:/Users/itr9fc/Desktop/FPGA__Proj/Game_logic/solution1/.autopilot/db/Game_logic.rtl_wrap.cfg.tcl 
Execute       source C:/Users/itr9fc/Desktop/FPGA__Proj/Game_logic/solution1/.autopilot/db/Game_logic.rtl_wrap.cfg.tcl 
Execute       source C:/Users/itr9fc/Desktop/FPGA__Proj/Game_logic/solution1/.autopilot/db/Game_logic.tbgen.tcl 
Execute       source C:/Users/itr9fc/Desktop/FPGA__Proj/Game_logic/solution1/.autopilot/db/Game_logic.tbgen.tcl 
INFO-FLOW: DBG:CMD:       export_impl_rtl
INFO-FLOW: DBG:CMD:       generate_ip_cores sim=0 export=0 expOnly=0 dstVlogDir=impl/.verilog
Execute       source C:/Users/itr9fc/Desktop/FPGA__Proj/Game_logic/solution1/.autopilot/db/global.setting.tcl 
Execute       source C:/Users/itr9fc/Desktop/FPGA__Proj/Game_logic/solution1/.autopilot/db/Game_logic.compgen.tcl 
INFO-FLOW: DBG:CMD:       generate_ip_cores sim=0 export=1 expOnly=1 dstVlogDir=impl/.pcores/verilog
Execute       source C:/Users/itr9fc/Desktop/FPGA__Proj/Game_logic/solution1/.autopilot/db/global.setting.tcl 
Execute       source C:/Users/itr9fc/Desktop/FPGA__Proj/Game_logic/solution1/.autopilot/db/Game_logic.compgen.tcl 
INFO-FLOW: DBG:CMD:       generate_ip_cores sim=0 export=0 expOnly=0 dstVlogDir=impl/.pcores/verilog_sim
Execute       source C:/Users/itr9fc/Desktop/FPGA__Proj/Game_logic/solution1/.autopilot/db/global.setting.tcl 
Execute       source C:/Users/itr9fc/Desktop/FPGA__Proj/Game_logic/solution1/.autopilot/db/Game_logic.compgen.tcl 
Execute       source C:/Users/itr9fc/Desktop/FPGA__Proj/Game_logic/solution1/.autopilot/db/global.setting.tcl 
Execute       source C:/Users/itr9fc/Desktop/FPGA__Proj/Game_logic/solution1/.autopilot/db/Game_logic.constraint.tcl 
Execute       source C:/Users/itr9fc/Desktop/FPGA__Proj/Game_logic/solution1/.autopilot/db/Game_logic.tbgen.tcl 
INFO-FLOW: DBG:CMD:       hasPcoreIpAdapter=false #gSsdmPorts=18
INFO-FLOW: DBG:CMD: Skipping loadAnalyze_DB, #g_database=11
INFO-FLOW: DBG:CMD:       generate_json is_phase_csynth=1 g_has_adaptors=false generate_bd_files=0 #modelList=5 #gSsdmPorts=18
Execute       source C:/Users/itr9fc/Desktop/FPGA__Proj/Game_logic/solution1/.autopilot/db/global.setting.tcl 
Execute       source C:/Users/itr9fc/Desktop/FPGA__Proj/Game_logic/solution1/.autopilot/db/global.setting.tcl 
Execute       source C:/Users/itr9fc/Desktop/FPGA__Proj/Game_logic/solution1/.autopilot/db/Game_logic.tbgen.tcl 
Execute       source C:/Users/itr9fc/Desktop/FPGA__Proj/Game_logic/solution1/.autopilot/db/Game_logic.tbgen.tcl 
Execute       source C:/Users/itr9fc/Desktop/FPGA__Proj/Game_logic/solution1/.autopilot/db/Game_logic.tbgen.tcl 
Execute       source C:/Users/itr9fc/Desktop/FPGA__Proj/Game_logic/solution1/.autopilot/db/global.setting.tcl 
Execute       get_config_sdx -target 
Execute       get_config_export -xo 
Execute       source C:/Users/itr9fc/Desktop/FPGA__Proj/Game_logic/solution1/.autopilot/db/global.setting.tcl 
Execute       source C:/Users/itr9fc/Desktop/FPGA__Proj/Game_logic/solution1/.autopilot/db/Game_logic.constraint.tcl 
Execute       sc_get_clocks Game_logic 
Execute       source C:/Users/itr9fc/Desktop/FPGA__Proj/Game_logic/solution1/.autopilot/db/global.setting.tcl 
Execute       get_config_sdx -target 
Execute       get_config_sdx -profile 
Execute       ::config_rtl 
INFO-FLOW: DBG:CMD: add_json_sdx_info kernel file does not exist: C:/Users/itr9fc/Desktop/FPGA__Proj/Game_logic/solution1/.autopilot/db/kernel.internal.xml
INFO-FLOW: DBG:CMD:       delete-temp-dirs (skipped for debug)
INFO: [HLS 200-111] Finished generating all RTL models Time (s): cpu = 00:00:02 ; elapsed = 00:00:16 . Memory (MB): peak = 143.977 ; gain = 59.336
INFO: [SYSC 207-301] Generating SystemC RTL for Game_logic.
INFO: [VHDL 208-304] Generating VHDL RTL for Game_logic.
INFO: [VLOG 209-307] Generating Verilog RTL for Game_logic.
Command     autosyn done; 2.257 sec.
Execute     get_part 
Execute     get_config_export -sdx_tcl 
Command   csynth_design done; 13.267 sec.
Command ap_source done; 13.62 sec.
Execute cleanup_all 
INFO-FLOW: Workspace C:/Users/itr9fc/Desktop/FPGA__Proj/Game_logic/solution1 opened at Sun Apr 21 17:02:05 -0400 2019
Execute     config_clock -quiet -name default -period 10 -default=false 
INFO: [SYN 201-201] Setting up clock 'default' with a period of 10ns.
Execute     open_platform DefaultPlatform 
Execute     import_lib C:/Xilinx/Vivado/2018.3/common/technology/xilinx/zynq/zynq 
Execute       source C:/Xilinx/Vivado/2018.3/common/technology/xilinx/common/xilinx.lib 
Execute         source C:/Xilinx/Vivado/2018.3/common/technology/xilinx/interface/xilinx_interface.lib 
Execute           source C:/Xilinx/Vivado/2018.3/common/technology/xilinx/interface/plb46.lib 
Execute           source C:/Xilinx/Vivado/2018.3/common/technology/xilinx/interface/fsl.lib 
Execute           source C:/Xilinx/Vivado/2018.3/common/technology/xilinx/interface/axi4.lib 
Execute           source C:/Xilinx/Vivado/2018.3/common/technology/xilinx/interface/maxi.lib 
Execute           source C:/Xilinx/Vivado/2018.3/common/technology/xilinx/interface/saxilite.lib 
Execute         source C:/Xilinx/Vivado/2018.3/common/technology/xilinx/common/dsp48.lib 
Execute         source C:/Xilinx/Vivado/2018.3/common/technology/xilinx/ip/dds_compiler.lib 
Execute         source C:/Xilinx/Vivado/2018.3/common/technology/xilinx/ip/xfft.lib 
Execute         source C:/Xilinx/Vivado/2018.3/common/technology/xilinx/ip/xfir.lib 
Execute       source C:/Xilinx/Vivado/2018.3/common/technology/xilinx/common/xilinx_old.lib 
Execute       source C:/Xilinx/Vivado/2018.3/common/technology/xilinx/common/xilinx_vivado.lib 
Execute       source C:/Xilinx/Vivado/2018.3/common/technology/xilinx/common/xilinx.hlp 
Execute         source C:/Xilinx/Vivado/2018.3/common/technology/xilinx/common/target_info.tcl 
Execute         source C:/Xilinx/Vivado/2018.3/common/technology/xilinx/interface/xilinx_interface.hlp 
Execute           source C:/Xilinx/Vivado/2018.3/common/technology/xilinx/interface/maxi.hlp 
Execute           source C:/Xilinx/Vivado/2018.3/common/technology/xilinx/interface/saxilite.hlp 
Execute         source C:/Xilinx/Vivado/2018.3/common/technology/xilinx/common/dsp48.hlp 
Execute       source C:/Xilinx/Vivado/2018.3/common/technology/xilinx/zynq/dsp48e1.hlp 
Execute       get_default_platform 
Execute       config_chip_info -quiet -resource  {SLICE 13300}  {LUT 53200}     {FF 106400} {DSP48E 220}   {BRAM 280}  
Execute       config_chip_info -quiet -speed medium 
Execute       source C:/Xilinx/Vivado/2018.3/common/technology/xilinx/common/xilinx.hlp 
Execute         source C:/Xilinx/Vivado/2018.3/common/technology/xilinx/common/target_info.tcl 
Execute         source C:/Xilinx/Vivado/2018.3/common/technology/xilinx/interface/xilinx_interface.hlp 
Execute           source C:/Xilinx/Vivado/2018.3/common/technology/xilinx/interface/maxi.hlp 
Execute           source C:/Xilinx/Vivado/2018.3/common/technology/xilinx/interface/saxilite.hlp 
Execute         source C:/Xilinx/Vivado/2018.3/common/technology/xilinx/common/dsp48.hlp 
Execute     source C:/Xilinx/Vivado/2018.3/common/technology/xilinx/zynq/zynq.gen 
Execute       source C:/Xilinx/Vivado/2018.3/common/technology/xilinx/common/virtex.gen 
Execute         source C:/Xilinx/Vivado/2018.3/common/technology/xilinx/common/xilinx.gen 
Execute           source C:/Xilinx/Vivado/2018.3/common/technology/xilinx/interface/plb46.gen 
Execute           source C:/Xilinx/Vivado/2018.3/common/technology/xilinx/interface/fsl.gen 
Execute           source C:/Xilinx/Vivado/2018.3/common/technology/xilinx/interface/axi4.gen 
Execute           source C:/Xilinx/Vivado/2018.3/common/technology/xilinx/interface/nativeAXI4.gen 
Execute             source C:/Xilinx/Vivado/2018.3/common/technology/xilinx/interface/saxilite.gen 
Execute             source C:/Xilinx/Vivado/2018.3/common/technology/xilinx/interface/maxi.gen 
Execute           source C:/Xilinx/Vivado/2018.3/common/technology/xilinx/scripts/xilinxcoregen.gen 
Execute           source C:/Xilinx/Vivado/2018.3/common/technology/xilinx/interface/XilEDKCoreGen.gen 
Execute           source C:/Xilinx/Vivado/2018.3/common/technology/xilinx/ip/dds_compiler.gen 
Execute           source C:/Xilinx/Vivado/2018.3/common/technology/xilinx/ip/util.gen 
Execute           source C:/Xilinx/Vivado/2018.3/common/technology/xilinx/ip/xfft.gen 
Command           ap_source done; 0.111 sec.
Execute           source C:/Xilinx/Vivado/2018.3/common/technology/xilinx/ip/xfir.gen 
Command         ap_source done; 0.152 sec.
Execute         source C:/Xilinx/Vivado/2018.3/common/technology/xilinx/common/dsp48.gen 
Command       ap_source done; 0.155 sec.
Command     ap_source done; 0.156 sec.
Execute     open_platform DefaultPlatform 
Execute     import_lib C:/Xilinx/Vivado/2018.3/common/technology/xilinx/zynq/zynq_fpv6 
Execute       source C:/Xilinx/Vivado/2018.3/common/technology/xilinx/common/xilinx_fpv7.lib 
Execute         source C:/Xilinx/Vivado/2018.3/common/technology/xilinx/common/xilinx_hp.lib 
Execute       source C:/Xilinx/Vivado/2018.3/common/technology/xilinx/common/xilinx_fpv.hlp 
Execute         source C:/Xilinx/Vivado/2018.3/common/technology/xilinx/common/xilinx.hlp 
Execute           source C:/Xilinx/Vivado/2018.3/common/technology/xilinx/common/target_info.tcl 
Execute           source C:/Xilinx/Vivado/2018.3/common/technology/xilinx/interface/xilinx_interface.hlp 
Execute             source C:/Xilinx/Vivado/2018.3/common/technology/xilinx/interface/maxi.hlp 
Execute             source C:/Xilinx/Vivado/2018.3/common/technology/xilinx/interface/saxilite.hlp 
Execute           source C:/Xilinx/Vivado/2018.3/common/technology/xilinx/common/dsp48.hlp 
Execute       source C:/Xilinx/Vivado/2018.3/common/technology/xilinx/zynq/zynq_hp.hlp 
Execute     source C:/Xilinx/Vivado/2018.3/common/technology/xilinx/zynq/zynq_fpv6.gen 
Execute       source C:/Xilinx/Vivado/2018.3/common/technology/xilinx/common/xilinx_fpv6.gen 
Execute     set_part xc7z020clg400-1 
Execute       add_library xilinx/zynq/zynq:xc7z020:clg400:-1 
Execute         get_default_platform 
Execute         license_isbetapart xc7z020 
Command         license_isbetapart done; error code: 1; 
Execute         get_default_platform 
Execute         config_chip_info -quiet -resource  {SLICE 13300}  {LUT 53200}     {FF 106400} {DSP48E 220}   {BRAM 280}  
Execute         config_chip_info -quiet -speed slow 
Execute       add_library xilinx/zynq/zynq_fpv6 
Execute         get_default_platform 
INFO: [HLS 200-10] Setting target device to 'xc7z020clg400-1'
Execute       get_default_platform 
Execute     get_default_platform 
Execute     config_chip_info -quiet -resource  {SLICE 13300}  {LUT 53200}     {FF 106400} {DSP48E 220}   {BRAM 280}  
Execute     config_chip_info -quiet -speed slow 
Execute     config_export -format=ip_catalog 
Execute     config_export -rtl=verilog 
Command   open_solution done; 0.293 sec.
Execute   export_design -rtl verilog -format ip_catalog 
Execute     get_config_export -acc 
Execute     get_config_export -clock_margin 
Execute     get_config_export -custom_script 
Execute     get_config_export -description 
Execute     get_config_export -display_name 
Execute     get_config_export -driver_input_dir 
Execute     get_config_export -ipname 
Execute     get_config_export -kernel_drc 
Execute     get_config_export -library 
Execute     get_config_export -qor_test 
Execute     get_config_export -sdaccel 
Execute     get_config_export -sim 
Execute     get_config_export -taxonomy 
Execute     get_config_export -use_ip 
Execute     get_config_export -use_netlist 
Execute     get_config_export -vendor 
Execute     get_config_export -version 
Execute     get_config_export -xo 
Execute     config_export -format=ip_catalog -rtl=verilog 
INFO-FLOW: DBG:CMD: export_design_wrap: -format ip_catalog -rtl verilog
Execute     source C:/Users/itr9fc/Desktop/FPGA__Proj/Game_logic/solution1/.autopilot/db/global.setting.tcl 
Execute     get_config_export -vivado_clock 
Execute     get_top 
Execute     get_config_sdx -target 
Execute     get_config_rtl -auto_prefix 
Execute     get_config_sdx -target 
INFO-FLOW: DBG:CMD:   auto_impl: pack: -export -tool vivado -rtl verilog -sdx-target none
Execute     source C:/Users/itr9fc/Desktop/FPGA__Proj/Game_logic/solution1/.autopilot/db/global.setting.tcl 
INFO-FLOW: DBG:CMD: read_platform_lib C:/Users/itr9fc/Desktop/FPGA__Proj/Game_logic/solution1/.autopilot/db/global.setting.tcl
Execute     source C:/Xilinx/Vivado/2018.3/common/technology/generic/autopilot/common.gen 
Execute       source C:/Xilinx/Vivado/2018.3/common/technology/generic/autopilot/APCoreGen.gen 
Execute     source C:/Xilinx/Vivado/2018.3/common/technology/generic/autopilot/op.gen 
Execute     source C:/Xilinx/Vivado/2018.3/common/technology/generic/autopilot/op_simcore.gen 
Execute     source C:/Xilinx/Vivado/2018.3/common/technology/generic/autopilot/interface.gen 
Execute     source C:/Users/itr9fc/Desktop/FPGA__Proj/Game_logic/solution1/.autopilot/db/global.setting.tcl 
Execute     source C:/Xilinx/Vivado/2018.3/common/technology/xilinx/zynq/zynq.gen 
Execute       source C:/Xilinx/Vivado/2018.3/common/technology/xilinx/common/virtex.gen 
Execute         source C:/Xilinx/Vivado/2018.3/common/technology/xilinx/common/xilinx.gen 
Execute           source C:/Xilinx/Vivado/2018.3/common/technology/xilinx/interface/plb46.gen 
Execute           source C:/Xilinx/Vivado/2018.3/common/technology/xilinx/interface/fsl.gen 
Execute           source C:/Xilinx/Vivado/2018.3/common/technology/xilinx/interface/axi4.gen 
Execute           source C:/Xilinx/Vivado/2018.3/common/technology/xilinx/interface/nativeAXI4.gen 
Execute             source C:/Xilinx/Vivado/2018.3/common/technology/xilinx/interface/saxilite.gen 
Execute             source C:/Xilinx/Vivado/2018.3/common/technology/xilinx/interface/maxi.gen 
Execute           source C:/Xilinx/Vivado/2018.3/common/technology/xilinx/scripts/xilinxcoregen.gen 
Execute           source C:/Xilinx/Vivado/2018.3/common/technology/xilinx/interface/XilEDKCoreGen.gen 
Execute           source C:/Xilinx/Vivado/2018.3/common/technology/xilinx/ip/dds_compiler.gen 
Execute           source C:/Xilinx/Vivado/2018.3/common/technology/xilinx/ip/util.gen 
Execute           source C:/Xilinx/Vivado/2018.3/common/technology/xilinx/ip/xfft.gen 
Command           ap_source done; 0.102 sec.
Execute           source C:/Xilinx/Vivado/2018.3/common/technology/xilinx/ip/xfir.gen 
Command         ap_source done; 0.143 sec.
Execute         source C:/Xilinx/Vivado/2018.3/common/technology/xilinx/common/dsp48.gen 
Command       ap_source done; 0.145 sec.
Command     ap_source done; 0.146 sec.
Execute     source C:/Xilinx/Vivado/2018.3/common/technology/xilinx/zynq/zynq_fpv6.gen 
Execute       source C:/Xilinx/Vivado/2018.3/common/technology/xilinx/common/xilinx_fpv6.gen 
INFO-FLOW: DBG:CMD:   using AESL_AUTOCG::g_clock_period=10.000 (was NA)
Execute     source C:/Users/itr9fc/Desktop/FPGA__Proj/Game_logic/solution1/.autopilot/db/global.setting.tcl 
INFO: [IMPL 213-8] Exporting RTL as a Vivado IP.
Execute     source C:/Users/itr9fc/Desktop/FPGA__Proj/Game_logic/solution1/.autopilot/db/global.setting.tcl 
INFO-FLOW: DBG:CMD: automg_wrap -export -pcore_version 1.00.a -rtl vlog -sdx-target none -tool Vivado -impltomg_flag
INFO-FLOW: DBG:CMD:     auto_generate -export -pcore_version 1.00.a -rtl vlog -sdx-target none -tool Vivado -impltomg_flag
Execute     source C:/Users/itr9fc/Desktop/FPGA__Proj/Game_logic/solution1/.autopilot/db/global.setting.tcl 
INFO-FLOW: DBG:CMD: read_platform_lib C:/Users/itr9fc/Desktop/FPGA__Proj/Game_logic/solution1/.autopilot/db/global.setting.tcl
Execute     source C:/Xilinx/Vivado/2018.3/common/technology/generic/autopilot/common.gen 
Execute       source C:/Xilinx/Vivado/2018.3/common/technology/generic/autopilot/APCoreGen.gen 
Execute     source C:/Xilinx/Vivado/2018.3/common/technology/generic/autopilot/op.gen 
Execute     source C:/Xilinx/Vivado/2018.3/common/technology/generic/autopilot/op_simcore.gen 
Execute     source C:/Xilinx/Vivado/2018.3/common/technology/generic/autopilot/interface.gen 
Execute     source C:/Users/itr9fc/Desktop/FPGA__Proj/Game_logic/solution1/.autopilot/db/global.setting.tcl 
Execute     source C:/Xilinx/Vivado/2018.3/common/technology/xilinx/zynq/zynq.gen 
Execute       source C:/Xilinx/Vivado/2018.3/common/technology/xilinx/common/virtex.gen 
Execute         source C:/Xilinx/Vivado/2018.3/common/technology/xilinx/common/xilinx.gen 
Execute           source C:/Xilinx/Vivado/2018.3/common/technology/xilinx/interface/plb46.gen 
Execute           source C:/Xilinx/Vivado/2018.3/common/technology/xilinx/interface/fsl.gen 
Execute           source C:/Xilinx/Vivado/2018.3/common/technology/xilinx/interface/axi4.gen 
Execute           source C:/Xilinx/Vivado/2018.3/common/technology/xilinx/interface/nativeAXI4.gen 
Execute             source C:/Xilinx/Vivado/2018.3/common/technology/xilinx/interface/saxilite.gen 
Execute             source C:/Xilinx/Vivado/2018.3/common/technology/xilinx/interface/maxi.gen 
Execute           source C:/Xilinx/Vivado/2018.3/common/technology/xilinx/scripts/xilinxcoregen.gen 
Execute           source C:/Xilinx/Vivado/2018.3/common/technology/xilinx/interface/XilEDKCoreGen.gen 
Execute           source C:/Xilinx/Vivado/2018.3/common/technology/xilinx/ip/dds_compiler.gen 
Execute           source C:/Xilinx/Vivado/2018.3/common/technology/xilinx/ip/util.gen 
Execute           source C:/Xilinx/Vivado/2018.3/common/technology/xilinx/ip/xfft.gen 
Execute           source C:/Xilinx/Vivado/2018.3/common/technology/xilinx/ip/xfir.gen 
Command         ap_source done; 0.138 sec.
Execute         source C:/Xilinx/Vivado/2018.3/common/technology/xilinx/common/dsp48.gen 
Command       ap_source done; 0.141 sec.
Command     ap_source done; 0.141 sec.
Execute     source C:/Xilinx/Vivado/2018.3/common/technology/xilinx/zynq/zynq_fpv6.gen 
Execute       source C:/Xilinx/Vivado/2018.3/common/technology/xilinx/common/xilinx_fpv6.gen 
INFO-FLOW: DBG:CMD:       initCTypeInfo top_module=Game_logic xml_exists=1
Execute     source C:/Users/itr9fc/Desktop/FPGA__Proj/Game_logic/solution1/.autopilot/db/Game_logic.rtl_wrap.cfg.tcl 
Execute     source C:/Users/itr9fc/Desktop/FPGA__Proj/Game_logic/solution1/.autopilot/db/Game_logic.rtl_wrap.cfg.tcl 
Execute     source C:/Users/itr9fc/Desktop/FPGA__Proj/Game_logic/solution1/.autopilot/db/Game_logic.rtl_wrap.cfg.tcl 
Execute     source C:/Users/itr9fc/Desktop/FPGA__Proj/Game_logic/solution1/.autopilot/db/Game_logic.tbgen.tcl 
Execute     source C:/Users/itr9fc/Desktop/FPGA__Proj/Game_logic/solution1/.autopilot/db/Game_logic.tbgen.tcl 
INFO-FLOW: DBG:CMD:       export_impl_rtl
INFO-FLOW: DBG:CMD:       generate_ip_cores sim=0 export=0 expOnly=0 dstVlogDir=impl/.verilog
Execute     source C:/Users/itr9fc/Desktop/FPGA__Proj/Game_logic/solution1/.autopilot/db/global.setting.tcl 
Execute     source C:/Users/itr9fc/Desktop/FPGA__Proj/Game_logic/solution1/.autopilot/db/Game_logic.compgen.tcl 
INFO-FLOW: DBG:CMD:       generate_ip_cores sim=0 export=1 expOnly=1 dstVlogDir=impl/.pcores/verilog
Execute     source C:/Users/itr9fc/Desktop/FPGA__Proj/Game_logic/solution1/.autopilot/db/global.setting.tcl 
Execute     source C:/Users/itr9fc/Desktop/FPGA__Proj/Game_logic/solution1/.autopilot/db/Game_logic.compgen.tcl 
INFO-FLOW: DBG:CMD:       generate_ip_cores sim=0 export=0 expOnly=0 dstVlogDir=impl/.pcores/verilog_sim
Execute     source C:/Users/itr9fc/Desktop/FPGA__Proj/Game_logic/solution1/.autopilot/db/global.setting.tcl 
Execute     source C:/Users/itr9fc/Desktop/FPGA__Proj/Game_logic/solution1/.autopilot/db/Game_logic.compgen.tcl 
Execute     source C:/Users/itr9fc/Desktop/FPGA__Proj/Game_logic/solution1/.autopilot/db/global.setting.tcl 
Execute     source C:/Users/itr9fc/Desktop/FPGA__Proj/Game_logic/solution1/.autopilot/db/Game_logic.constraint.tcl 
Execute     source C:/Users/itr9fc/Desktop/FPGA__Proj/Game_logic/solution1/.autopilot/db/Game_logic.tbgen.tcl 
INFO-FLOW: DBG:CMD:       hasPcoreIpAdapter=false #gSsdmPorts=18
INFO-FLOW: DBG:CMD:       generate_ip_script #gSsdmPorts=18
Execute     source C:/Users/itr9fc/Desktop/FPGA__Proj/Game_logic/solution1/.autopilot/db/Game_logic.tbgen.tcl 
Execute     source C:/Users/itr9fc/Desktop/FPGA__Proj/Game_logic/solution1/.autopilot/db/Game_logic.tbgen.tcl 
Execute     source C:/Users/itr9fc/Desktop/FPGA__Proj/Game_logic/solution1/.autopilot/db/Game_logic.tbgen.tcl 
Execute     source C:/Users/itr9fc/Desktop/FPGA__Proj/Game_logic/solution1/.autopilot/db/global.setting.tcl 
Execute     get_config_sdx -target 
INFO-FLOW: DBG:CMD:       generate_ip_auxiliary
Execute     source C:/Users/itr9fc/Desktop/FPGA__Proj/Game_logic/solution1/.autopilot/db/global.setting.tcl 
INFO-FLOW: DBG:CMD:       prepArgInfo -> loadAnalyze_DB top_module=Game_logic
Execute     source C:/Users/itr9fc/Desktop/FPGA__Proj/Game_logic/solution1/.autopilot/db/Game_logic.rtl_wrap.cfg.tcl 
Execute     source C:/Users/itr9fc/Desktop/FPGA__Proj/Game_logic/solution1/.autopilot/db/Game_logic.rtl_wrap.cfg.tcl 
Execute     source C:/Users/itr9fc/Desktop/FPGA__Proj/Game_logic/solution1/.autopilot/db/Game_logic.rtl_wrap.cfg.tcl 
Execute     source C:/Users/itr9fc/Desktop/FPGA__Proj/Game_logic/solution1/.autopilot/db/Game_logic.tbgen.tcl 
Execute     source C:/Users/itr9fc/Desktop/FPGA__Proj/Game_logic/solution1/.autopilot/db/Game_logic.tbgen.tcl 
Execute     source C:/Users/itr9fc/Desktop/FPGA__Proj/Game_logic/solution1/.autopilot/db/Game_logic.tbgen.tcl 
INFO-FLOW: DBG:CMD:       generate_top_info
INFO-FLOW: DBG:CMD:       prepArgInfo -> loadAnalyze_DB top_module=Game_logic
Execute     source C:/Users/itr9fc/Desktop/FPGA__Proj/Game_logic/solution1/.autopilot/db/Game_logic.rtl_wrap.cfg.tcl 
Execute     source C:/Users/itr9fc/Desktop/FPGA__Proj/Game_logic/solution1/.autopilot/db/Game_logic.rtl_wrap.cfg.tcl 
Execute     source C:/Users/itr9fc/Desktop/FPGA__Proj/Game_logic/solution1/.autopilot/db/Game_logic.rtl_wrap.cfg.tcl 
Execute     source C:/Users/itr9fc/Desktop/FPGA__Proj/Game_logic/solution1/.autopilot/db/Game_logic.tbgen.tcl 
Execute     source C:/Users/itr9fc/Desktop/FPGA__Proj/Game_logic/solution1/.autopilot/db/Game_logic.tbgen.tcl 
Execute     source C:/Users/itr9fc/Desktop/FPGA__Proj/Game_logic/solution1/.autopilot/db/Game_logic.tbgen.tcl 
Execute     source C:/Users/itr9fc/Desktop/FPGA__Proj/Game_logic/solution1/.autopilot/db/global.setting.tcl 
Execute     source C:/Users/itr9fc/Desktop/FPGA__Proj/Game_logic/solution1/.autopilot/db/Game_logic.constraint.tcl 
INFO-FLOW: DBG:CMD:       generate_ipi_example_script
INFO-FLOW: DBG:CMD:       generate_syn_sh
Execute     source C:/Users/itr9fc/Desktop/FPGA__Proj/Game_logic/solution1/.autopilot/db/global.setting.tcl 
Execute     source C:/Users/itr9fc/Desktop/FPGA__Proj/Game_logic/solution1/.autopilot/db/global.setting.tcl 
INFO-FLOW: DBG:CMD:       generate_imp_constraints
Execute     source C:/Users/itr9fc/Desktop/FPGA__Proj/Game_logic/solution1/.autopilot/db/Game_logic.constraint.tcl 
Execute     source C:/Users/itr9fc/Desktop/FPGA__Proj/Game_logic/solution1/.autopilot/db/Game_logic.tbgen.tcl 
Execute     source C:/Users/itr9fc/Desktop/FPGA__Proj/Game_logic/solution1/.autopilot/db/Game_logic.constraint.tcl 
Execute     source C:/Users/itr9fc/Desktop/FPGA__Proj/Game_logic/solution1/.autopilot/db/Game_logic.tbgen.tcl 
INFO-FLOW: DBG:CMD:       copy-tb-rtl-files
INFO-FLOW: DBG:CMD:       copy-tb-data-files
INFO-FLOW: DBG:CMD:       delete-temp-dirs (skipped for debug)
INFO-FLOW: DBG:CMD: read_platform_lib C:/Users/itr9fc/Desktop/FPGA__Proj/Game_logic/solution1/.autopilot/db/global.setting.tcl
Execute     source C:/Xilinx/Vivado/2018.3/common/technology/generic/autopilot/common.gen 
Execute       source C:/Xilinx/Vivado/2018.3/common/technology/generic/autopilot/APCoreGen.gen 
Execute     source C:/Xilinx/Vivado/2018.3/common/technology/generic/autopilot/op.gen 
Execute     source C:/Xilinx/Vivado/2018.3/common/technology/generic/autopilot/op_simcore.gen 
Execute     source C:/Xilinx/Vivado/2018.3/common/technology/generic/autopilot/interface.gen 
Execute     source C:/Users/itr9fc/Desktop/FPGA__Proj/Game_logic/solution1/.autopilot/db/global.setting.tcl 
Execute     source C:/Xilinx/Vivado/2018.3/common/technology/xilinx/zynq/zynq.gen 
Execute       source C:/Xilinx/Vivado/2018.3/common/technology/xilinx/common/virtex.gen 
Execute         source C:/Xilinx/Vivado/2018.3/common/technology/xilinx/common/xilinx.gen 
Execute           source C:/Xilinx/Vivado/2018.3/common/technology/xilinx/interface/plb46.gen 
Execute           source C:/Xilinx/Vivado/2018.3/common/technology/xilinx/interface/fsl.gen 
Execute           source C:/Xilinx/Vivado/2018.3/common/technology/xilinx/interface/axi4.gen 
Execute           source C:/Xilinx/Vivado/2018.3/common/technology/xilinx/interface/nativeAXI4.gen 
Execute             source C:/Xilinx/Vivado/2018.3/common/technology/xilinx/interface/saxilite.gen 
Execute             source C:/Xilinx/Vivado/2018.3/common/technology/xilinx/interface/maxi.gen 
Execute           source C:/Xilinx/Vivado/2018.3/common/technology/xilinx/scripts/xilinxcoregen.gen 
Execute           source C:/Xilinx/Vivado/2018.3/common/technology/xilinx/interface/XilEDKCoreGen.gen 
Execute           source C:/Xilinx/Vivado/2018.3/common/technology/xilinx/ip/dds_compiler.gen 
Execute           source C:/Xilinx/Vivado/2018.3/common/technology/xilinx/ip/util.gen 
Execute           source C:/Xilinx/Vivado/2018.3/common/technology/xilinx/ip/xfft.gen 
Command           ap_source done; 0.105 sec.
Execute           source C:/Xilinx/Vivado/2018.3/common/technology/xilinx/ip/xfir.gen 
Command         ap_source done; 0.151 sec.
Execute         source C:/Xilinx/Vivado/2018.3/common/technology/xilinx/common/dsp48.gen 
Command       ap_source done; 0.154 sec.
Command     ap_source done; 0.154 sec.
Execute     source C:/Xilinx/Vivado/2018.3/common/technology/xilinx/zynq/zynq_fpv6.gen 
Execute       source C:/Xilinx/Vivado/2018.3/common/technology/xilinx/common/xilinx_fpv6.gen 
INFO-FLOW: DBG:CMD:     exec C:/Users/itr9fc/Desktop/FPGA__Proj/Game_logic/solution1/impl/ip/pack.bat
Command   export_design done; 7.332 sec.
Command ap_source done; 7.64 sec.
Execute cleanup_all 
