

================================================================
== Vivado HLS Report for 'Game_logic'
================================================================
* Date:           Sun Apr 21 17:01:52 2019

* Version:        2018.3 (Build 2405991 on Thu Dec 06 23:56:15 MST 2018)
* Project:        Game_logic
* Solution:       solution1
* Product family: zynq
* Target device:  xc7z020clg400-1


================================================================
== Performance Estimates
================================================================
+ Timing (ns): 
    * Summary: 
    +--------+-------+----------+------------+
    |  Clock | Target| Estimated| Uncertainty|
    +--------+-------+----------+------------+
    |ap_clk  |  10.00|     9.881|        1.25|
    +--------+-------+----------+------------+

+ Latency (clock cycles): 
    * Summary: 
    +-----+-----+-----+-----+---------+
    |  Latency  |  Interval | Pipeline|
    | min | max | min | max |   Type  |
    +-----+-----+-----+-----+---------+
    |    ?|    ?|    ?|    ?|   none  |
    +-----+-----+-----+-----+---------+

    + Detail: 
        * Instance: 
        N/A

        * Loop: 
        +----------+-----+-----+----------+-----------+-----------+------+----------+
        |          |  Latency  | Iteration|  Initiation Interval  | Trip |          |
        | Loop Name| min | max |  Latency |  achieved |   target  | Count| Pipelined|
        +----------+-----+-----+----------+-----------+-----------+------+----------+
        |- Loop 1  |    ?|    ?|  3 ~ 69  |          -|          -|  inf |    no    |
        +----------+-----+-----+----------+-----------+-----------+------+----------+

============================================================
+ Verbose Summary: Synthesis Manager
============================================================
InlineROM: 1
ExposeGlobal: 0
============================================================
+ Verbose Summary: CDFG Model
============================================================
IsTopModel: 1
ResetActiveHigh: 1
IsCombinational: 0
IsDatapathOnly: 0
HasWiredReturn: 0
HasMFsm: 0
HasVarLatency: 1
IsPipeline: 0
IsRtlPipelined: 0
IsInstanceOverlapped: 0
IsDontTouch: 0
HasImplIP: 0
IsGatedGlobalClock: 0


============================================================
+ Verbose Summary: Schedule
============================================================
* Number of FSM states : 70
* Pipeline : 0
* Dataflow Pipeline: 0

* FSM state transitions: 
1 --> 
	2  / true
2 --> 
	3  / true
3 --> 
	4  / (newRound_load)
	70  / (!newRound_load)
4 --> 
	5  / true
5 --> 
	6  / true
6 --> 
	7  / true
7 --> 
	8  / true
8 --> 
	9  / true
9 --> 
	10  / true
10 --> 
	11  / true
11 --> 
	12  / true
12 --> 
	13  / true
13 --> 
	14  / true
14 --> 
	15  / true
15 --> 
	16  / true
16 --> 
	17  / true
17 --> 
	18  / true
18 --> 
	19  / true
19 --> 
	20  / true
20 --> 
	21  / true
21 --> 
	22  / true
22 --> 
	23  / true
23 --> 
	24  / true
24 --> 
	25  / true
25 --> 
	26  / true
26 --> 
	27  / true
27 --> 
	28  / true
28 --> 
	29  / true
29 --> 
	30  / true
30 --> 
	31  / true
31 --> 
	32  / true
32 --> 
	33  / true
33 --> 
	34  / true
34 --> 
	35  / true
35 --> 
	36  / true
36 --> 
	37  / true
37 --> 
	38  / true
38 --> 
	39  / true
39 --> 
	40  / true
40 --> 
	41  / true
41 --> 
	42  / true
42 --> 
	43  / true
43 --> 
	44  / true
44 --> 
	45  / true
45 --> 
	46  / true
46 --> 
	47  / true
47 --> 
	48  / true
48 --> 
	49  / true
49 --> 
	50  / true
50 --> 
	51  / true
51 --> 
	52  / true
52 --> 
	53  / true
53 --> 
	54  / true
54 --> 
	55  / true
55 --> 
	56  / true
56 --> 
	57  / true
57 --> 
	58  / true
58 --> 
	59  / true
59 --> 
	60  / true
60 --> 
	61  / true
61 --> 
	62  / true
62 --> 
	63  / true
63 --> 
	64  / true
64 --> 
	65  / true
65 --> 
	66  / true
66 --> 
	67  / true
67 --> 
	68  / true
68 --> 
	69  / true
69 --> 
	70  / true
70 --> 
	2  / true

* FSM state operations: 

State 1 <SV = 0> <Delay = 0.00>
ST_1 : Operation 71 [1/1] (0.00ns)   --->   "call void (...)* @_ssdm_op_SpecBitsMap(i1 %rst), !map !154"   --->   Operation 71 'specbitsmap' <Predicate = true> <Delay = 0.00>
ST_1 : Operation 72 [1/1] (0.00ns)   --->   "call void (...)* @_ssdm_op_SpecBitsMap(i1 %btn1), !map !160"   --->   Operation 72 'specbitsmap' <Predicate = true> <Delay = 0.00>
ST_1 : Operation 73 [1/1] (0.00ns)   --->   "call void (...)* @_ssdm_op_SpecBitsMap(i1 %btn2), !map !164"   --->   Operation 73 'specbitsmap' <Predicate = true> <Delay = 0.00>
ST_1 : Operation 74 [1/1] (0.00ns)   --->   "call void (...)* @_ssdm_op_SpecBitsMap(i1 %btn3), !map !168"   --->   Operation 74 'specbitsmap' <Predicate = true> <Delay = 0.00>
ST_1 : Operation 75 [1/1] (0.00ns)   --->   "call void (...)* @_ssdm_op_SpecBitsMap(i1 %slow_clk), !map !172"   --->   Operation 75 'specbitsmap' <Predicate = true> <Delay = 0.00>
ST_1 : Operation 76 [1/1] (0.00ns)   --->   "call void (...)* @_ssdm_op_SpecBitsMap(i1* %lose), !map !176"   --->   Operation 76 'specbitsmap' <Predicate = true> <Delay = 0.00>
ST_1 : Operation 77 [1/1] (0.00ns)   --->   "call void (...)* @_ssdm_op_SpecBitsMap(i10* %time_remaining_out_V), !map !180"   --->   Operation 77 'specbitsmap' <Predicate = true> <Delay = 0.00>
ST_1 : Operation 78 [1/1] (0.00ns)   --->   "call void (...)* @_ssdm_op_SpecBitsMap(i10 %time_remaining_in_V), !map !184"   --->   Operation 78 'specbitsmap' <Predicate = true> <Delay = 0.00>
ST_1 : Operation 79 [1/1] (0.00ns)   --->   "call void (...)* @_ssdm_op_SpecBitsMap(i1* %verify1_out), !map !188"   --->   Operation 79 'specbitsmap' <Predicate = true> <Delay = 0.00>
ST_1 : Operation 80 [1/1] (0.00ns)   --->   "call void (...)* @_ssdm_op_SpecBitsMap(i1* %verify2_out), !map !192"   --->   Operation 80 'specbitsmap' <Predicate = true> <Delay = 0.00>
ST_1 : Operation 81 [1/1] (0.00ns)   --->   "call void (...)* @_ssdm_op_SpecBitsMap(i1* %verify3_out), !map !196"   --->   Operation 81 'specbitsmap' <Predicate = true> <Delay = 0.00>
ST_1 : Operation 82 [1/1] (0.00ns)   --->   "call void (...)* @_ssdm_op_SpecTopModule([11 x i8]* @Game_logic_str) nounwind"   --->   Operation 82 'spectopmodule' <Predicate = true> <Delay = 0.00>
ST_1 : Operation 83 [1/1] (0.00ns)   --->   "%time_remaining_in_V_s = call i10 @_ssdm_op_Read.ap_none.i10(i10 %time_remaining_in_V)" [Game_logic/Game_logic.cpp:75]   --->   Operation 83 'read' 'time_remaining_in_V_s' <Predicate = true> <Delay = 0.00>
ST_1 : Operation 84 [1/1] (0.00ns)   --->   "%slow_clk_read = call i1 @_ssdm_op_Read.ap_none.i1(i1 %slow_clk)" [Game_logic/Game_logic.cpp:75]   --->   Operation 84 'read' 'slow_clk_read' <Predicate = true> <Delay = 0.00>
ST_1 : Operation 85 [1/1] (0.00ns)   --->   "%btn3_read = call i1 @_ssdm_op_Read.ap_none.i1(i1 %btn3)" [Game_logic/Game_logic.cpp:75]   --->   Operation 85 'read' 'btn3_read' <Predicate = true> <Delay = 0.00>
ST_1 : Operation 86 [1/1] (0.00ns)   --->   "%btn2_read = call i1 @_ssdm_op_Read.ap_none.i1(i1 %btn2)" [Game_logic/Game_logic.cpp:75]   --->   Operation 86 'read' 'btn2_read' <Predicate = true> <Delay = 0.00>
ST_1 : Operation 87 [1/1] (0.00ns)   --->   "%btn1_read = call i1 @_ssdm_op_Read.ap_none.i1(i1 %btn1)" [Game_logic/Game_logic.cpp:75]   --->   Operation 87 'read' 'btn1_read' <Predicate = true> <Delay = 0.00>
ST_1 : Operation 88 [1/1] (0.00ns)   --->   "%rst_read = call i1 @_ssdm_op_Read.ap_none.i1(i1 %rst)" [Game_logic/Game_logic.cpp:75]   --->   Operation 88 'read' 'rst_read' <Predicate = true> <Delay = 0.00>
ST_1 : Operation 89 [1/1] (0.00ns)   --->   "call void (...)* @_ssdm_op_SpecInterface(i1 %rst, [8 x i8]* @p_str, i32 0, i32 0, [1 x i8]* @p_str2, i32 0, i32 0, [1 x i8]* @p_str2, [1 x i8]* @p_str2, [1 x i8]* @p_str2, i32 0, i32 0, i32 0, i32 0, [1 x i8]* @p_str2, [1 x i8]* @p_str2) nounwind" [Game_logic/Game_logic.cpp:77]   --->   Operation 89 'specinterface' <Predicate = true> <Delay = 0.00>
ST_1 : Operation 90 [1/1] (0.00ns)   --->   "call void (...)* @_ssdm_op_SpecInterface(i1 %btn1, [8 x i8]* @p_str, i32 0, i32 0, [1 x i8]* @p_str2, i32 0, i32 0, [1 x i8]* @p_str2, [1 x i8]* @p_str2, [1 x i8]* @p_str2, i32 0, i32 0, i32 0, i32 0, [1 x i8]* @p_str2, [1 x i8]* @p_str2) nounwind" [Game_logic/Game_logic.cpp:78]   --->   Operation 90 'specinterface' <Predicate = true> <Delay = 0.00>
ST_1 : Operation 91 [1/1] (0.00ns)   --->   "call void (...)* @_ssdm_op_SpecInterface(i1 %btn2, [8 x i8]* @p_str, i32 0, i32 0, [1 x i8]* @p_str2, i32 0, i32 0, [1 x i8]* @p_str2, [1 x i8]* @p_str2, [1 x i8]* @p_str2, i32 0, i32 0, i32 0, i32 0, [1 x i8]* @p_str2, [1 x i8]* @p_str2) nounwind" [Game_logic/Game_logic.cpp:79]   --->   Operation 91 'specinterface' <Predicate = true> <Delay = 0.00>
ST_1 : Operation 92 [1/1] (0.00ns)   --->   "call void (...)* @_ssdm_op_SpecInterface(i1 %btn3, [8 x i8]* @p_str, i32 0, i32 0, [1 x i8]* @p_str2, i32 0, i32 0, [1 x i8]* @p_str2, [1 x i8]* @p_str2, [1 x i8]* @p_str2, i32 0, i32 0, i32 0, i32 0, [1 x i8]* @p_str2, [1 x i8]* @p_str2) nounwind" [Game_logic/Game_logic.cpp:80]   --->   Operation 92 'specinterface' <Predicate = true> <Delay = 0.00>
ST_1 : Operation 93 [1/1] (0.00ns)   --->   "call void (...)* @_ssdm_op_SpecInterface(i1 %slow_clk, [8 x i8]* @p_str, i32 0, i32 0, [1 x i8]* @p_str2, i32 0, i32 0, [1 x i8]* @p_str2, [1 x i8]* @p_str2, [1 x i8]* @p_str2, i32 0, i32 0, i32 0, i32 0, [1 x i8]* @p_str2, [1 x i8]* @p_str2) nounwind" [Game_logic/Game_logic.cpp:81]   --->   Operation 93 'specinterface' <Predicate = true> <Delay = 0.00>
ST_1 : Operation 94 [1/1] (0.00ns)   --->   "call void (...)* @_ssdm_op_SpecInterface(i1* %lose, [8 x i8]* @p_str, i32 0, i32 0, [1 x i8]* @p_str2, i32 0, i32 0, [1 x i8]* @p_str2, [1 x i8]* @p_str2, [1 x i8]* @p_str2, i32 0, i32 0, i32 0, i32 0, [1 x i8]* @p_str2, [1 x i8]* @p_str2) nounwind" [Game_logic/Game_logic.cpp:82]   --->   Operation 94 'specinterface' <Predicate = true> <Delay = 0.00>
ST_1 : Operation 95 [1/1] (0.00ns)   --->   "call void (...)* @_ssdm_op_SpecInterface(i1* %verify1_out, [8 x i8]* @p_str, i32 0, i32 0, [1 x i8]* @p_str2, i32 0, i32 0, [1 x i8]* @p_str2, [1 x i8]* @p_str2, [1 x i8]* @p_str2, i32 0, i32 0, i32 0, i32 0, [1 x i8]* @p_str2, [1 x i8]* @p_str2) nounwind" [Game_logic/Game_logic.cpp:83]   --->   Operation 95 'specinterface' <Predicate = true> <Delay = 0.00>
ST_1 : Operation 96 [1/1] (0.00ns)   --->   "call void (...)* @_ssdm_op_SpecInterface(i1* %verify2_out, [8 x i8]* @p_str, i32 0, i32 0, [1 x i8]* @p_str2, i32 0, i32 0, [1 x i8]* @p_str2, [1 x i8]* @p_str2, [1 x i8]* @p_str2, i32 0, i32 0, i32 0, i32 0, [1 x i8]* @p_str2, [1 x i8]* @p_str2) nounwind" [Game_logic/Game_logic.cpp:84]   --->   Operation 96 'specinterface' <Predicate = true> <Delay = 0.00>
ST_1 : Operation 97 [1/1] (0.00ns)   --->   "call void (...)* @_ssdm_op_SpecInterface(i1* %verify3_out, [8 x i8]* @p_str, i32 0, i32 0, [1 x i8]* @p_str2, i32 0, i32 0, [1 x i8]* @p_str2, [1 x i8]* @p_str2, [1 x i8]* @p_str2, i32 0, i32 0, i32 0, i32 0, [1 x i8]* @p_str2, [1 x i8]* @p_str2) nounwind" [Game_logic/Game_logic.cpp:85]   --->   Operation 97 'specinterface' <Predicate = true> <Delay = 0.00>
ST_1 : Operation 98 [1/1] (0.00ns)   --->   "call void (...)* @_ssdm_op_SpecInterface(i10* %time_remaining_out_V, [8 x i8]* @p_str, i32 0, i32 0, [1 x i8]* @p_str2, i32 0, i32 0, [1 x i8]* @p_str2, [1 x i8]* @p_str2, [1 x i8]* @p_str2, i32 0, i32 0, i32 0, i32 0, [1 x i8]* @p_str2, [1 x i8]* @p_str2) nounwind" [Game_logic/Game_logic.cpp:87]   --->   Operation 98 'specinterface' <Predicate = true> <Delay = 0.00>
ST_1 : Operation 99 [1/1] (0.00ns)   --->   "call void (...)* @_ssdm_op_SpecInterface(i10 %time_remaining_in_V, [8 x i8]* @p_str, i32 0, i32 0, [1 x i8]* @p_str2, i32 0, i32 0, [1 x i8]* @p_str2, [1 x i8]* @p_str2, [1 x i8]* @p_str2, i32 0, i32 0, i32 0, i32 0, [1 x i8]* @p_str2, [1 x i8]* @p_str2) nounwind" [Game_logic/Game_logic.cpp:88]   --->   Operation 99 'specinterface' <Predicate = true> <Delay = 0.00>
ST_1 : Operation 100 [1/1] (0.00ns)   --->   "br label %1" [Game_logic/Game_logic.cpp:93]   --->   Operation 100 'br' <Predicate = true> <Delay = 0.00>

State 2 <SV = 1> <Delay = 1.81>
ST_2 : Operation 101 [1/1] (0.00ns)   --->   "br i1 %rst_read, label %2, label %._crit_edge" [Game_logic/Game_logic.cpp:95]   --->   Operation 101 'br' <Predicate = true> <Delay = 0.00>
ST_2 : Operation 102 [1/1] (1.76ns)   --->   "store i32 1, i32* @decrement_value, align 4" [Game_logic/Game_logic.cpp:29->Game_logic/Game_logic.cpp:96]   --->   Operation 102 'store' <Predicate = (rst_read)> <Delay = 1.76>
ST_2 : Operation 103 [1/1] (1.81ns)   --->   "store i1 true, i1* @newRound, align 1" [Game_logic/Game_logic.cpp:32->Game_logic/Game_logic.cpp:96]   --->   Operation 103 'store' <Predicate = (rst_read)> <Delay = 1.81>
ST_2 : Operation 104 [1/1] (1.76ns)   --->   "store i1 false, i1* @btn1_verify, align 1" [Game_logic/Game_logic.cpp:33->Game_logic/Game_logic.cpp:96]   --->   Operation 104 'store' <Predicate = (rst_read)> <Delay = 1.76>
ST_2 : Operation 105 [1/1] (1.76ns)   --->   "store i1 false, i1* @btn2_verify, align 1" [Game_logic/Game_logic.cpp:34->Game_logic/Game_logic.cpp:96]   --->   Operation 105 'store' <Predicate = (rst_read)> <Delay = 1.76>
ST_2 : Operation 106 [1/1] (1.76ns)   --->   "store i1 false, i1* @btn3_verify, align 1" [Game_logic/Game_logic.cpp:35->Game_logic/Game_logic.cpp:96]   --->   Operation 106 'store' <Predicate = (rst_read)> <Delay = 1.76>
ST_2 : Operation 107 [1/1] (0.00ns)   --->   "call void @_ssdm_op_Write.ap_none.i10P(i10* %time_remaining_out_V, i10 -384)" [Game_logic/Game_logic.cpp:96]   --->   Operation 107 'write' <Predicate = (rst_read)> <Delay = 0.00>
ST_2 : Operation 108 [1/1] (0.00ns)   --->   "call void @_ssdm_op_Write.ap_none.i1P(i1* %lose, i1 false)" [Game_logic/Game_logic.cpp:96]   --->   Operation 108 'write' <Predicate = (rst_read)> <Delay = 0.00>
ST_2 : Operation 109 [1/1] (0.00ns)   --->   "br label %._crit_edge" [Game_logic/Game_logic.cpp:97]   --->   Operation 109 'br' <Predicate = (rst_read)> <Delay = 0.00>
ST_2 : Operation 110 [1/1] (0.00ns)   --->   "br i1 %slow_clk_read, label %3, label %._crit_edge1" [Game_logic/Game_logic.cpp:99]   --->   Operation 110 'br' <Predicate = true> <Delay = 0.00>

State 3 <SV = 2> <Delay = 8.51>
ST_3 : Operation 111 [1/1] (0.00ns)   --->   "%decrement_value_load_1 = load i32* @decrement_value, align 4" [Game_logic/Game_logic.cpp:42->Game_logic/Game_logic.cpp:100]   --->   Operation 111 'load' 'decrement_value_load_1' <Predicate = (slow_clk_read)> <Delay = 0.00>
ST_3 : Operation 112 [1/1] (0.00ns)   --->   "%tmp_2 = trunc i32 %decrement_value_load_1 to i10" [Game_logic/Game_logic.cpp:42->Game_logic/Game_logic.cpp:100]   --->   Operation 112 'trunc' 'tmp_2' <Predicate = (slow_clk_read)> <Delay = 0.00>
ST_3 : Operation 113 [1/1] (1.73ns)   --->   "%ssdm_int_V_write_ass = sub i10 %time_remaining_in_V_s, %tmp_2" [Game_logic/Game_logic.cpp:42->Game_logic/Game_logic.cpp:100]   --->   Operation 113 'sub' 'ssdm_int_V_write_ass' <Predicate = (slow_clk_read)> <Delay = 1.73> <Core = "AddSub">   --->   Core 14 'AddSub' <Latency = 0> <II = 1> <Delay = 2.55> <FuncUnit> <Opcode : 'add' 'sub'> <InPorts = 2> <OutPorts = 1>
ST_3 : Operation 114 [1/1] (0.00ns)   --->   "call void @_ssdm_op_Write.ap_none.i10P(i10* %time_remaining_out_V, i10 %ssdm_int_V_write_ass)" [Game_logic/Game_logic.cpp:100]   --->   Operation 114 'write' <Predicate = (slow_clk_read)> <Delay = 0.00>
ST_3 : Operation 115 [1/1] (0.00ns)   --->   "br label %._crit_edge1" [Game_logic/Game_logic.cpp:101]   --->   Operation 115 'br' <Predicate = (slow_clk_read)> <Delay = 0.00>
ST_3 : Operation 116 [1/1] (0.00ns)   --->   "%newRound_load = load i1* @newRound, align 1" [Game_logic/Game_logic.cpp:103]   --->   Operation 116 'load' 'newRound_load' <Predicate = true> <Delay = 0.00>
ST_3 : Operation 117 [1/1] (0.00ns)   --->   "br i1 %newRound_load, label %4, label %._crit_edge2" [Game_logic/Game_logic.cpp:103]   --->   Operation 117 'br' <Predicate = true> <Delay = 0.00>
ST_3 : Operation 118 [1/1] (0.00ns)   --->   "%RandSeed_load = load i32* @RandSeed, align 4" [Game_logic/Game_logic.cpp:54->Game_logic/Game_logic.cpp:104]   --->   Operation 118 'load' 'RandSeed_load' <Predicate = (newRound_load)> <Delay = 0.00>
ST_3 : Operation 119 [1/1] (8.51ns)   --->   "%tmp_i_i = mul i32 13, %RandSeed_load" [Game_logic/Game_logic.cpp:49->Game_logic/Game_logic.cpp:54->Game_logic/Game_logic.cpp:104]   --->   Operation 119 'mul' 'tmp_i_i' <Predicate = (newRound_load)> <Delay = 8.51> <Core = "Mul">   --->   Core 16 'Mul' <Latency = 0> <II = 1> <Delay = 8.51> <FuncUnit> <Opcode : 'mul'> <InPorts = 2> <OutPorts = 1>
ST_3 : Operation 120 [1/1] (1.81ns)   --->   "store i1 false, i1* @newRound, align 1" [Game_logic/Game_logic.cpp:108]   --->   Operation 120 'store' <Predicate = (newRound_load)> <Delay = 1.81>

State 4 <SV = 3> <Delay = 6.68>
ST_4 : Operation 121 [1/1] (2.55ns)   --->   "%tmp_1_i_i = add i32 100, %tmp_i_i" [Game_logic/Game_logic.cpp:49->Game_logic/Game_logic.cpp:54->Game_logic/Game_logic.cpp:104]   --->   Operation 121 'add' 'tmp_1_i_i' <Predicate = true> <Delay = 2.55> <Core = "AddSub">   --->   Core 14 'AddSub' <Latency = 0> <II = 1> <Delay = 2.55> <FuncUnit> <Opcode : 'add' 'sub'> <InPorts = 2> <OutPorts = 1>
ST_4 : Operation 122 [36/36] (4.13ns)   --->   "%last_num_assign_1 = urem i32 %tmp_1_i_i, 100" [Game_logic/Game_logic.cpp:49->Game_logic/Game_logic.cpp:54->Game_logic/Game_logic.cpp:104]   --->   Operation 122 'urem' 'last_num_assign_1' <Predicate = true> <Delay = 4.13> <Core = "DivnS_SEQ">   --->   Core 24 'DivnS_SEQ' <Latency = 14> <II = 11> <Delay = 3.50> <FuncUnit> <Opcode : 'sdiv' 'srem' 'udiv' 'urem'> <InPorts = 2> <OutPorts = 1>

State 5 <SV = 4> <Delay = 4.13>
ST_5 : Operation 123 [35/36] (4.13ns)   --->   "%last_num_assign_1 = urem i32 %tmp_1_i_i, 100" [Game_logic/Game_logic.cpp:49->Game_logic/Game_logic.cpp:54->Game_logic/Game_logic.cpp:104]   --->   Operation 123 'urem' 'last_num_assign_1' <Predicate = true> <Delay = 4.13> <Core = "DivnS_SEQ">   --->   Core 24 'DivnS_SEQ' <Latency = 14> <II = 11> <Delay = 3.50> <FuncUnit> <Opcode : 'sdiv' 'srem' 'udiv' 'urem'> <InPorts = 2> <OutPorts = 1>

State 6 <SV = 5> <Delay = 4.13>
ST_6 : Operation 124 [34/36] (4.13ns)   --->   "%last_num_assign_1 = urem i32 %tmp_1_i_i, 100" [Game_logic/Game_logic.cpp:49->Game_logic/Game_logic.cpp:54->Game_logic/Game_logic.cpp:104]   --->   Operation 124 'urem' 'last_num_assign_1' <Predicate = true> <Delay = 4.13> <Core = "DivnS_SEQ">   --->   Core 24 'DivnS_SEQ' <Latency = 14> <II = 11> <Delay = 3.50> <FuncUnit> <Opcode : 'sdiv' 'srem' 'udiv' 'urem'> <InPorts = 2> <OutPorts = 1>

State 7 <SV = 6> <Delay = 4.13>
ST_7 : Operation 125 [33/36] (4.13ns)   --->   "%last_num_assign_1 = urem i32 %tmp_1_i_i, 100" [Game_logic/Game_logic.cpp:49->Game_logic/Game_logic.cpp:54->Game_logic/Game_logic.cpp:104]   --->   Operation 125 'urem' 'last_num_assign_1' <Predicate = true> <Delay = 4.13> <Core = "DivnS_SEQ">   --->   Core 24 'DivnS_SEQ' <Latency = 14> <II = 11> <Delay = 3.50> <FuncUnit> <Opcode : 'sdiv' 'srem' 'udiv' 'urem'> <InPorts = 2> <OutPorts = 1>

State 8 <SV = 7> <Delay = 4.13>
ST_8 : Operation 126 [32/36] (4.13ns)   --->   "%last_num_assign_1 = urem i32 %tmp_1_i_i, 100" [Game_logic/Game_logic.cpp:49->Game_logic/Game_logic.cpp:54->Game_logic/Game_logic.cpp:104]   --->   Operation 126 'urem' 'last_num_assign_1' <Predicate = true> <Delay = 4.13> <Core = "DivnS_SEQ">   --->   Core 24 'DivnS_SEQ' <Latency = 14> <II = 11> <Delay = 3.50> <FuncUnit> <Opcode : 'sdiv' 'srem' 'udiv' 'urem'> <InPorts = 2> <OutPorts = 1>

State 9 <SV = 8> <Delay = 4.13>
ST_9 : Operation 127 [31/36] (4.13ns)   --->   "%last_num_assign_1 = urem i32 %tmp_1_i_i, 100" [Game_logic/Game_logic.cpp:49->Game_logic/Game_logic.cpp:54->Game_logic/Game_logic.cpp:104]   --->   Operation 127 'urem' 'last_num_assign_1' <Predicate = true> <Delay = 4.13> <Core = "DivnS_SEQ">   --->   Core 24 'DivnS_SEQ' <Latency = 14> <II = 11> <Delay = 3.50> <FuncUnit> <Opcode : 'sdiv' 'srem' 'udiv' 'urem'> <InPorts = 2> <OutPorts = 1>

State 10 <SV = 9> <Delay = 4.13>
ST_10 : Operation 128 [30/36] (4.13ns)   --->   "%last_num_assign_1 = urem i32 %tmp_1_i_i, 100" [Game_logic/Game_logic.cpp:49->Game_logic/Game_logic.cpp:54->Game_logic/Game_logic.cpp:104]   --->   Operation 128 'urem' 'last_num_assign_1' <Predicate = true> <Delay = 4.13> <Core = "DivnS_SEQ">   --->   Core 24 'DivnS_SEQ' <Latency = 14> <II = 11> <Delay = 3.50> <FuncUnit> <Opcode : 'sdiv' 'srem' 'udiv' 'urem'> <InPorts = 2> <OutPorts = 1>

State 11 <SV = 10> <Delay = 4.13>
ST_11 : Operation 129 [29/36] (4.13ns)   --->   "%last_num_assign_1 = urem i32 %tmp_1_i_i, 100" [Game_logic/Game_logic.cpp:49->Game_logic/Game_logic.cpp:54->Game_logic/Game_logic.cpp:104]   --->   Operation 129 'urem' 'last_num_assign_1' <Predicate = true> <Delay = 4.13> <Core = "DivnS_SEQ">   --->   Core 24 'DivnS_SEQ' <Latency = 14> <II = 11> <Delay = 3.50> <FuncUnit> <Opcode : 'sdiv' 'srem' 'udiv' 'urem'> <InPorts = 2> <OutPorts = 1>

State 12 <SV = 11> <Delay = 4.13>
ST_12 : Operation 130 [28/36] (4.13ns)   --->   "%last_num_assign_1 = urem i32 %tmp_1_i_i, 100" [Game_logic/Game_logic.cpp:49->Game_logic/Game_logic.cpp:54->Game_logic/Game_logic.cpp:104]   --->   Operation 130 'urem' 'last_num_assign_1' <Predicate = true> <Delay = 4.13> <Core = "DivnS_SEQ">   --->   Core 24 'DivnS_SEQ' <Latency = 14> <II = 11> <Delay = 3.50> <FuncUnit> <Opcode : 'sdiv' 'srem' 'udiv' 'urem'> <InPorts = 2> <OutPorts = 1>

State 13 <SV = 12> <Delay = 4.13>
ST_13 : Operation 131 [27/36] (4.13ns)   --->   "%last_num_assign_1 = urem i32 %tmp_1_i_i, 100" [Game_logic/Game_logic.cpp:49->Game_logic/Game_logic.cpp:54->Game_logic/Game_logic.cpp:104]   --->   Operation 131 'urem' 'last_num_assign_1' <Predicate = true> <Delay = 4.13> <Core = "DivnS_SEQ">   --->   Core 24 'DivnS_SEQ' <Latency = 14> <II = 11> <Delay = 3.50> <FuncUnit> <Opcode : 'sdiv' 'srem' 'udiv' 'urem'> <InPorts = 2> <OutPorts = 1>

State 14 <SV = 13> <Delay = 4.13>
ST_14 : Operation 132 [26/36] (4.13ns)   --->   "%last_num_assign_1 = urem i32 %tmp_1_i_i, 100" [Game_logic/Game_logic.cpp:49->Game_logic/Game_logic.cpp:54->Game_logic/Game_logic.cpp:104]   --->   Operation 132 'urem' 'last_num_assign_1' <Predicate = true> <Delay = 4.13> <Core = "DivnS_SEQ">   --->   Core 24 'DivnS_SEQ' <Latency = 14> <II = 11> <Delay = 3.50> <FuncUnit> <Opcode : 'sdiv' 'srem' 'udiv' 'urem'> <InPorts = 2> <OutPorts = 1>

State 15 <SV = 14> <Delay = 4.13>
ST_15 : Operation 133 [25/36] (4.13ns)   --->   "%last_num_assign_1 = urem i32 %tmp_1_i_i, 100" [Game_logic/Game_logic.cpp:49->Game_logic/Game_logic.cpp:54->Game_logic/Game_logic.cpp:104]   --->   Operation 133 'urem' 'last_num_assign_1' <Predicate = true> <Delay = 4.13> <Core = "DivnS_SEQ">   --->   Core 24 'DivnS_SEQ' <Latency = 14> <II = 11> <Delay = 3.50> <FuncUnit> <Opcode : 'sdiv' 'srem' 'udiv' 'urem'> <InPorts = 2> <OutPorts = 1>

State 16 <SV = 15> <Delay = 4.13>
ST_16 : Operation 134 [24/36] (4.13ns)   --->   "%last_num_assign_1 = urem i32 %tmp_1_i_i, 100" [Game_logic/Game_logic.cpp:49->Game_logic/Game_logic.cpp:54->Game_logic/Game_logic.cpp:104]   --->   Operation 134 'urem' 'last_num_assign_1' <Predicate = true> <Delay = 4.13> <Core = "DivnS_SEQ">   --->   Core 24 'DivnS_SEQ' <Latency = 14> <II = 11> <Delay = 3.50> <FuncUnit> <Opcode : 'sdiv' 'srem' 'udiv' 'urem'> <InPorts = 2> <OutPorts = 1>

State 17 <SV = 16> <Delay = 4.13>
ST_17 : Operation 135 [23/36] (4.13ns)   --->   "%last_num_assign_1 = urem i32 %tmp_1_i_i, 100" [Game_logic/Game_logic.cpp:49->Game_logic/Game_logic.cpp:54->Game_logic/Game_logic.cpp:104]   --->   Operation 135 'urem' 'last_num_assign_1' <Predicate = true> <Delay = 4.13> <Core = "DivnS_SEQ">   --->   Core 24 'DivnS_SEQ' <Latency = 14> <II = 11> <Delay = 3.50> <FuncUnit> <Opcode : 'sdiv' 'srem' 'udiv' 'urem'> <InPorts = 2> <OutPorts = 1>

State 18 <SV = 17> <Delay = 4.13>
ST_18 : Operation 136 [22/36] (4.13ns)   --->   "%last_num_assign_1 = urem i32 %tmp_1_i_i, 100" [Game_logic/Game_logic.cpp:49->Game_logic/Game_logic.cpp:54->Game_logic/Game_logic.cpp:104]   --->   Operation 136 'urem' 'last_num_assign_1' <Predicate = true> <Delay = 4.13> <Core = "DivnS_SEQ">   --->   Core 24 'DivnS_SEQ' <Latency = 14> <II = 11> <Delay = 3.50> <FuncUnit> <Opcode : 'sdiv' 'srem' 'udiv' 'urem'> <InPorts = 2> <OutPorts = 1>

State 19 <SV = 18> <Delay = 4.13>
ST_19 : Operation 137 [21/36] (4.13ns)   --->   "%last_num_assign_1 = urem i32 %tmp_1_i_i, 100" [Game_logic/Game_logic.cpp:49->Game_logic/Game_logic.cpp:54->Game_logic/Game_logic.cpp:104]   --->   Operation 137 'urem' 'last_num_assign_1' <Predicate = true> <Delay = 4.13> <Core = "DivnS_SEQ">   --->   Core 24 'DivnS_SEQ' <Latency = 14> <II = 11> <Delay = 3.50> <FuncUnit> <Opcode : 'sdiv' 'srem' 'udiv' 'urem'> <InPorts = 2> <OutPorts = 1>

State 20 <SV = 19> <Delay = 4.13>
ST_20 : Operation 138 [20/36] (4.13ns)   --->   "%last_num_assign_1 = urem i32 %tmp_1_i_i, 100" [Game_logic/Game_logic.cpp:49->Game_logic/Game_logic.cpp:54->Game_logic/Game_logic.cpp:104]   --->   Operation 138 'urem' 'last_num_assign_1' <Predicate = true> <Delay = 4.13> <Core = "DivnS_SEQ">   --->   Core 24 'DivnS_SEQ' <Latency = 14> <II = 11> <Delay = 3.50> <FuncUnit> <Opcode : 'sdiv' 'srem' 'udiv' 'urem'> <InPorts = 2> <OutPorts = 1>

State 21 <SV = 20> <Delay = 4.13>
ST_21 : Operation 139 [19/36] (4.13ns)   --->   "%last_num_assign_1 = urem i32 %tmp_1_i_i, 100" [Game_logic/Game_logic.cpp:49->Game_logic/Game_logic.cpp:54->Game_logic/Game_logic.cpp:104]   --->   Operation 139 'urem' 'last_num_assign_1' <Predicate = true> <Delay = 4.13> <Core = "DivnS_SEQ">   --->   Core 24 'DivnS_SEQ' <Latency = 14> <II = 11> <Delay = 3.50> <FuncUnit> <Opcode : 'sdiv' 'srem' 'udiv' 'urem'> <InPorts = 2> <OutPorts = 1>

State 22 <SV = 21> <Delay = 4.13>
ST_22 : Operation 140 [18/36] (4.13ns)   --->   "%last_num_assign_1 = urem i32 %tmp_1_i_i, 100" [Game_logic/Game_logic.cpp:49->Game_logic/Game_logic.cpp:54->Game_logic/Game_logic.cpp:104]   --->   Operation 140 'urem' 'last_num_assign_1' <Predicate = true> <Delay = 4.13> <Core = "DivnS_SEQ">   --->   Core 24 'DivnS_SEQ' <Latency = 14> <II = 11> <Delay = 3.50> <FuncUnit> <Opcode : 'sdiv' 'srem' 'udiv' 'urem'> <InPorts = 2> <OutPorts = 1>

State 23 <SV = 22> <Delay = 4.13>
ST_23 : Operation 141 [17/36] (4.13ns)   --->   "%last_num_assign_1 = urem i32 %tmp_1_i_i, 100" [Game_logic/Game_logic.cpp:49->Game_logic/Game_logic.cpp:54->Game_logic/Game_logic.cpp:104]   --->   Operation 141 'urem' 'last_num_assign_1' <Predicate = true> <Delay = 4.13> <Core = "DivnS_SEQ">   --->   Core 24 'DivnS_SEQ' <Latency = 14> <II = 11> <Delay = 3.50> <FuncUnit> <Opcode : 'sdiv' 'srem' 'udiv' 'urem'> <InPorts = 2> <OutPorts = 1>

State 24 <SV = 23> <Delay = 4.13>
ST_24 : Operation 142 [16/36] (4.13ns)   --->   "%last_num_assign_1 = urem i32 %tmp_1_i_i, 100" [Game_logic/Game_logic.cpp:49->Game_logic/Game_logic.cpp:54->Game_logic/Game_logic.cpp:104]   --->   Operation 142 'urem' 'last_num_assign_1' <Predicate = true> <Delay = 4.13> <Core = "DivnS_SEQ">   --->   Core 24 'DivnS_SEQ' <Latency = 14> <II = 11> <Delay = 3.50> <FuncUnit> <Opcode : 'sdiv' 'srem' 'udiv' 'urem'> <InPorts = 2> <OutPorts = 1>

State 25 <SV = 24> <Delay = 4.13>
ST_25 : Operation 143 [15/36] (4.13ns)   --->   "%last_num_assign_1 = urem i32 %tmp_1_i_i, 100" [Game_logic/Game_logic.cpp:49->Game_logic/Game_logic.cpp:54->Game_logic/Game_logic.cpp:104]   --->   Operation 143 'urem' 'last_num_assign_1' <Predicate = true> <Delay = 4.13> <Core = "DivnS_SEQ">   --->   Core 24 'DivnS_SEQ' <Latency = 14> <II = 11> <Delay = 3.50> <FuncUnit> <Opcode : 'sdiv' 'srem' 'udiv' 'urem'> <InPorts = 2> <OutPorts = 1>

State 26 <SV = 25> <Delay = 4.13>
ST_26 : Operation 144 [14/36] (4.13ns)   --->   "%last_num_assign_1 = urem i32 %tmp_1_i_i, 100" [Game_logic/Game_logic.cpp:49->Game_logic/Game_logic.cpp:54->Game_logic/Game_logic.cpp:104]   --->   Operation 144 'urem' 'last_num_assign_1' <Predicate = true> <Delay = 4.13> <Core = "DivnS_SEQ">   --->   Core 24 'DivnS_SEQ' <Latency = 14> <II = 11> <Delay = 3.50> <FuncUnit> <Opcode : 'sdiv' 'srem' 'udiv' 'urem'> <InPorts = 2> <OutPorts = 1>

State 27 <SV = 26> <Delay = 4.13>
ST_27 : Operation 145 [13/36] (4.13ns)   --->   "%last_num_assign_1 = urem i32 %tmp_1_i_i, 100" [Game_logic/Game_logic.cpp:49->Game_logic/Game_logic.cpp:54->Game_logic/Game_logic.cpp:104]   --->   Operation 145 'urem' 'last_num_assign_1' <Predicate = true> <Delay = 4.13> <Core = "DivnS_SEQ">   --->   Core 24 'DivnS_SEQ' <Latency = 14> <II = 11> <Delay = 3.50> <FuncUnit> <Opcode : 'sdiv' 'srem' 'udiv' 'urem'> <InPorts = 2> <OutPorts = 1>

State 28 <SV = 27> <Delay = 4.13>
ST_28 : Operation 146 [12/36] (4.13ns)   --->   "%last_num_assign_1 = urem i32 %tmp_1_i_i, 100" [Game_logic/Game_logic.cpp:49->Game_logic/Game_logic.cpp:54->Game_logic/Game_logic.cpp:104]   --->   Operation 146 'urem' 'last_num_assign_1' <Predicate = true> <Delay = 4.13> <Core = "DivnS_SEQ">   --->   Core 24 'DivnS_SEQ' <Latency = 14> <II = 11> <Delay = 3.50> <FuncUnit> <Opcode : 'sdiv' 'srem' 'udiv' 'urem'> <InPorts = 2> <OutPorts = 1>

State 29 <SV = 28> <Delay = 4.13>
ST_29 : Operation 147 [11/36] (4.13ns)   --->   "%last_num_assign_1 = urem i32 %tmp_1_i_i, 100" [Game_logic/Game_logic.cpp:49->Game_logic/Game_logic.cpp:54->Game_logic/Game_logic.cpp:104]   --->   Operation 147 'urem' 'last_num_assign_1' <Predicate = true> <Delay = 4.13> <Core = "DivnS_SEQ">   --->   Core 24 'DivnS_SEQ' <Latency = 14> <II = 11> <Delay = 3.50> <FuncUnit> <Opcode : 'sdiv' 'srem' 'udiv' 'urem'> <InPorts = 2> <OutPorts = 1>

State 30 <SV = 29> <Delay = 4.13>
ST_30 : Operation 148 [10/36] (4.13ns)   --->   "%last_num_assign_1 = urem i32 %tmp_1_i_i, 100" [Game_logic/Game_logic.cpp:49->Game_logic/Game_logic.cpp:54->Game_logic/Game_logic.cpp:104]   --->   Operation 148 'urem' 'last_num_assign_1' <Predicate = true> <Delay = 4.13> <Core = "DivnS_SEQ">   --->   Core 24 'DivnS_SEQ' <Latency = 14> <II = 11> <Delay = 3.50> <FuncUnit> <Opcode : 'sdiv' 'srem' 'udiv' 'urem'> <InPorts = 2> <OutPorts = 1>

State 31 <SV = 30> <Delay = 4.13>
ST_31 : Operation 149 [9/36] (4.13ns)   --->   "%last_num_assign_1 = urem i32 %tmp_1_i_i, 100" [Game_logic/Game_logic.cpp:49->Game_logic/Game_logic.cpp:54->Game_logic/Game_logic.cpp:104]   --->   Operation 149 'urem' 'last_num_assign_1' <Predicate = true> <Delay = 4.13> <Core = "DivnS_SEQ">   --->   Core 24 'DivnS_SEQ' <Latency = 14> <II = 11> <Delay = 3.50> <FuncUnit> <Opcode : 'sdiv' 'srem' 'udiv' 'urem'> <InPorts = 2> <OutPorts = 1>

State 32 <SV = 31> <Delay = 4.13>
ST_32 : Operation 150 [8/36] (4.13ns)   --->   "%last_num_assign_1 = urem i32 %tmp_1_i_i, 100" [Game_logic/Game_logic.cpp:49->Game_logic/Game_logic.cpp:54->Game_logic/Game_logic.cpp:104]   --->   Operation 150 'urem' 'last_num_assign_1' <Predicate = true> <Delay = 4.13> <Core = "DivnS_SEQ">   --->   Core 24 'DivnS_SEQ' <Latency = 14> <II = 11> <Delay = 3.50> <FuncUnit> <Opcode : 'sdiv' 'srem' 'udiv' 'urem'> <InPorts = 2> <OutPorts = 1>

State 33 <SV = 32> <Delay = 4.13>
ST_33 : Operation 151 [7/36] (4.13ns)   --->   "%last_num_assign_1 = urem i32 %tmp_1_i_i, 100" [Game_logic/Game_logic.cpp:49->Game_logic/Game_logic.cpp:54->Game_logic/Game_logic.cpp:104]   --->   Operation 151 'urem' 'last_num_assign_1' <Predicate = true> <Delay = 4.13> <Core = "DivnS_SEQ">   --->   Core 24 'DivnS_SEQ' <Latency = 14> <II = 11> <Delay = 3.50> <FuncUnit> <Opcode : 'sdiv' 'srem' 'udiv' 'urem'> <InPorts = 2> <OutPorts = 1>

State 34 <SV = 33> <Delay = 4.13>
ST_34 : Operation 152 [6/36] (4.13ns)   --->   "%last_num_assign_1 = urem i32 %tmp_1_i_i, 100" [Game_logic/Game_logic.cpp:49->Game_logic/Game_logic.cpp:54->Game_logic/Game_logic.cpp:104]   --->   Operation 152 'urem' 'last_num_assign_1' <Predicate = true> <Delay = 4.13> <Core = "DivnS_SEQ">   --->   Core 24 'DivnS_SEQ' <Latency = 14> <II = 11> <Delay = 3.50> <FuncUnit> <Opcode : 'sdiv' 'srem' 'udiv' 'urem'> <InPorts = 2> <OutPorts = 1>

State 35 <SV = 34> <Delay = 4.13>
ST_35 : Operation 153 [5/36] (4.13ns)   --->   "%last_num_assign_1 = urem i32 %tmp_1_i_i, 100" [Game_logic/Game_logic.cpp:49->Game_logic/Game_logic.cpp:54->Game_logic/Game_logic.cpp:104]   --->   Operation 153 'urem' 'last_num_assign_1' <Predicate = true> <Delay = 4.13> <Core = "DivnS_SEQ">   --->   Core 24 'DivnS_SEQ' <Latency = 14> <II = 11> <Delay = 3.50> <FuncUnit> <Opcode : 'sdiv' 'srem' 'udiv' 'urem'> <InPorts = 2> <OutPorts = 1>

State 36 <SV = 35> <Delay = 4.13>
ST_36 : Operation 154 [4/36] (4.13ns)   --->   "%last_num_assign_1 = urem i32 %tmp_1_i_i, 100" [Game_logic/Game_logic.cpp:49->Game_logic/Game_logic.cpp:54->Game_logic/Game_logic.cpp:104]   --->   Operation 154 'urem' 'last_num_assign_1' <Predicate = true> <Delay = 4.13> <Core = "DivnS_SEQ">   --->   Core 24 'DivnS_SEQ' <Latency = 14> <II = 11> <Delay = 3.50> <FuncUnit> <Opcode : 'sdiv' 'srem' 'udiv' 'urem'> <InPorts = 2> <OutPorts = 1>

State 37 <SV = 36> <Delay = 4.13>
ST_37 : Operation 155 [3/36] (4.13ns)   --->   "%last_num_assign_1 = urem i32 %tmp_1_i_i, 100" [Game_logic/Game_logic.cpp:49->Game_logic/Game_logic.cpp:54->Game_logic/Game_logic.cpp:104]   --->   Operation 155 'urem' 'last_num_assign_1' <Predicate = true> <Delay = 4.13> <Core = "DivnS_SEQ">   --->   Core 24 'DivnS_SEQ' <Latency = 14> <II = 11> <Delay = 3.50> <FuncUnit> <Opcode : 'sdiv' 'srem' 'udiv' 'urem'> <InPorts = 2> <OutPorts = 1>

State 38 <SV = 37> <Delay = 4.13>
ST_38 : Operation 156 [2/36] (4.13ns)   --->   "%last_num_assign_1 = urem i32 %tmp_1_i_i, 100" [Game_logic/Game_logic.cpp:49->Game_logic/Game_logic.cpp:54->Game_logic/Game_logic.cpp:104]   --->   Operation 156 'urem' 'last_num_assign_1' <Predicate = true> <Delay = 4.13> <Core = "DivnS_SEQ">   --->   Core 24 'DivnS_SEQ' <Latency = 14> <II = 11> <Delay = 3.50> <FuncUnit> <Opcode : 'sdiv' 'srem' 'udiv' 'urem'> <InPorts = 2> <OutPorts = 1>

State 39 <SV = 38> <Delay = 7.39>
ST_39 : Operation 157 [1/36] (4.13ns)   --->   "%last_num_assign_1 = urem i32 %tmp_1_i_i, 100" [Game_logic/Game_logic.cpp:49->Game_logic/Game_logic.cpp:54->Game_logic/Game_logic.cpp:104]   --->   Operation 157 'urem' 'last_num_assign_1' <Predicate = true> <Delay = 4.13> <Core = "DivnS_SEQ">   --->   Core 24 'DivnS_SEQ' <Latency = 14> <II = 11> <Delay = 3.50> <FuncUnit> <Opcode : 'sdiv' 'srem' 'udiv' 'urem'> <InPorts = 2> <OutPorts = 1>
ST_39 : Operation 158 [1/1] (0.00ns)   --->   "%tmp_4 = trunc i32 %last_num_assign_1 to i7" [Game_logic/Game_logic.cpp:55->Game_logic/Game_logic.cpp:104]   --->   Operation 158 'trunc' 'tmp_4' <Predicate = true> <Delay = 0.00>
ST_39 : Operation 159 [1/1] (1.48ns)   --->   "%tmp_3_i = icmp ugt i7 %tmp_4, 50" [Game_logic/Game_logic.cpp:55->Game_logic/Game_logic.cpp:104]   --->   Operation 159 'icmp' 'tmp_3_i' <Predicate = true> <Delay = 1.48> <Core = "Cmp">   --->   Core 25 'Cmp' <Latency = 0> <II = 1> <Delay = 1.48> <FuncUnit> <Opcode : 'icmp'> <InPorts = 2> <OutPorts = 1>
ST_39 : Operation 160 [1/1] (1.76ns)   --->   "store i1 %tmp_3_i, i1* @btn1_verify, align 1" [Game_logic/Game_logic.cpp:104]   --->   Operation 160 'store' <Predicate = true> <Delay = 1.76>

State 40 <SV = 39> <Delay = 9.88>
ST_40 : Operation 161 [1/1] (0.00ns)   --->   "%tmp_3 = trunc i32 %last_num_assign_1 to i11" [Game_logic/Game_logic.cpp:49->Game_logic/Game_logic.cpp:54->Game_logic/Game_logic.cpp:105]   --->   Operation 161 'trunc' 'tmp_3' <Predicate = true> <Delay = 0.00>
ST_40 : Operation 162 [1/1] (3.36ns) (grouped into DSP with root node tmp_1_i_i4)   --->   "%tmp_i_i3 = mul i11 13, %tmp_3" [Game_logic/Game_logic.cpp:49->Game_logic/Game_logic.cpp:54->Game_logic/Game_logic.cpp:105]   --->   Operation 162 'mul' 'tmp_i_i3' <Predicate = true> <Delay = 3.36> <Core = "DSP48">   --->   Core 65 'DSP48' <Latency = 0> <II = 1> <Delay = 6.38> <IPBlock> <Opcode : 'mul' 'add' 'sub' 'select'> <InPorts = 0> <OutPorts = 1> <Sync> <CReg>
ST_40 : Operation 163 [1/1] (3.02ns) (root node of the DSP)   --->   "%tmp_1_i_i4 = add i11 100, %tmp_i_i3" [Game_logic/Game_logic.cpp:49->Game_logic/Game_logic.cpp:54->Game_logic/Game_logic.cpp:105]   --->   Operation 163 'add' 'tmp_1_i_i4' <Predicate = true> <Delay = 3.02> <Core = "DSP48">   --->   Core 65 'DSP48' <Latency = 0> <II = 1> <Delay = 6.38> <IPBlock> <Opcode : 'mul' 'add' 'sub' 'select'> <InPorts = 0> <OutPorts = 1> <Sync> <CReg>
ST_40 : Operation 164 [15/15] (3.50ns)   --->   "%last_num_assign_2 = urem i11 %tmp_1_i_i4, 100" [Game_logic/Game_logic.cpp:49->Game_logic/Game_logic.cpp:54->Game_logic/Game_logic.cpp:105]   --->   Operation 164 'urem' 'last_num_assign_2' <Predicate = true> <Delay = 3.50> <Core = "DivnS_SEQ">   --->   Core 24 'DivnS_SEQ' <Latency = 14> <II = 11> <Delay = 3.50> <FuncUnit> <Opcode : 'sdiv' 'srem' 'udiv' 'urem'> <InPorts = 2> <OutPorts = 1>

State 41 <SV = 40> <Delay = 3.50>
ST_41 : Operation 165 [14/15] (3.50ns)   --->   "%last_num_assign_2 = urem i11 %tmp_1_i_i4, 100" [Game_logic/Game_logic.cpp:49->Game_logic/Game_logic.cpp:54->Game_logic/Game_logic.cpp:105]   --->   Operation 165 'urem' 'last_num_assign_2' <Predicate = true> <Delay = 3.50> <Core = "DivnS_SEQ">   --->   Core 24 'DivnS_SEQ' <Latency = 14> <II = 11> <Delay = 3.50> <FuncUnit> <Opcode : 'sdiv' 'srem' 'udiv' 'urem'> <InPorts = 2> <OutPorts = 1>

State 42 <SV = 41> <Delay = 3.50>
ST_42 : Operation 166 [13/15] (3.50ns)   --->   "%last_num_assign_2 = urem i11 %tmp_1_i_i4, 100" [Game_logic/Game_logic.cpp:49->Game_logic/Game_logic.cpp:54->Game_logic/Game_logic.cpp:105]   --->   Operation 166 'urem' 'last_num_assign_2' <Predicate = true> <Delay = 3.50> <Core = "DivnS_SEQ">   --->   Core 24 'DivnS_SEQ' <Latency = 14> <II = 11> <Delay = 3.50> <FuncUnit> <Opcode : 'sdiv' 'srem' 'udiv' 'urem'> <InPorts = 2> <OutPorts = 1>

State 43 <SV = 42> <Delay = 3.50>
ST_43 : Operation 167 [12/15] (3.50ns)   --->   "%last_num_assign_2 = urem i11 %tmp_1_i_i4, 100" [Game_logic/Game_logic.cpp:49->Game_logic/Game_logic.cpp:54->Game_logic/Game_logic.cpp:105]   --->   Operation 167 'urem' 'last_num_assign_2' <Predicate = true> <Delay = 3.50> <Core = "DivnS_SEQ">   --->   Core 24 'DivnS_SEQ' <Latency = 14> <II = 11> <Delay = 3.50> <FuncUnit> <Opcode : 'sdiv' 'srem' 'udiv' 'urem'> <InPorts = 2> <OutPorts = 1>

State 44 <SV = 43> <Delay = 3.50>
ST_44 : Operation 168 [11/15] (3.50ns)   --->   "%last_num_assign_2 = urem i11 %tmp_1_i_i4, 100" [Game_logic/Game_logic.cpp:49->Game_logic/Game_logic.cpp:54->Game_logic/Game_logic.cpp:105]   --->   Operation 168 'urem' 'last_num_assign_2' <Predicate = true> <Delay = 3.50> <Core = "DivnS_SEQ">   --->   Core 24 'DivnS_SEQ' <Latency = 14> <II = 11> <Delay = 3.50> <FuncUnit> <Opcode : 'sdiv' 'srem' 'udiv' 'urem'> <InPorts = 2> <OutPorts = 1>

State 45 <SV = 44> <Delay = 3.50>
ST_45 : Operation 169 [10/15] (3.50ns)   --->   "%last_num_assign_2 = urem i11 %tmp_1_i_i4, 100" [Game_logic/Game_logic.cpp:49->Game_logic/Game_logic.cpp:54->Game_logic/Game_logic.cpp:105]   --->   Operation 169 'urem' 'last_num_assign_2' <Predicate = true> <Delay = 3.50> <Core = "DivnS_SEQ">   --->   Core 24 'DivnS_SEQ' <Latency = 14> <II = 11> <Delay = 3.50> <FuncUnit> <Opcode : 'sdiv' 'srem' 'udiv' 'urem'> <InPorts = 2> <OutPorts = 1>

State 46 <SV = 45> <Delay = 3.50>
ST_46 : Operation 170 [9/15] (3.50ns)   --->   "%last_num_assign_2 = urem i11 %tmp_1_i_i4, 100" [Game_logic/Game_logic.cpp:49->Game_logic/Game_logic.cpp:54->Game_logic/Game_logic.cpp:105]   --->   Operation 170 'urem' 'last_num_assign_2' <Predicate = true> <Delay = 3.50> <Core = "DivnS_SEQ">   --->   Core 24 'DivnS_SEQ' <Latency = 14> <II = 11> <Delay = 3.50> <FuncUnit> <Opcode : 'sdiv' 'srem' 'udiv' 'urem'> <InPorts = 2> <OutPorts = 1>

State 47 <SV = 46> <Delay = 3.50>
ST_47 : Operation 171 [8/15] (3.50ns)   --->   "%last_num_assign_2 = urem i11 %tmp_1_i_i4, 100" [Game_logic/Game_logic.cpp:49->Game_logic/Game_logic.cpp:54->Game_logic/Game_logic.cpp:105]   --->   Operation 171 'urem' 'last_num_assign_2' <Predicate = true> <Delay = 3.50> <Core = "DivnS_SEQ">   --->   Core 24 'DivnS_SEQ' <Latency = 14> <II = 11> <Delay = 3.50> <FuncUnit> <Opcode : 'sdiv' 'srem' 'udiv' 'urem'> <InPorts = 2> <OutPorts = 1>

State 48 <SV = 47> <Delay = 3.50>
ST_48 : Operation 172 [7/15] (3.50ns)   --->   "%last_num_assign_2 = urem i11 %tmp_1_i_i4, 100" [Game_logic/Game_logic.cpp:49->Game_logic/Game_logic.cpp:54->Game_logic/Game_logic.cpp:105]   --->   Operation 172 'urem' 'last_num_assign_2' <Predicate = true> <Delay = 3.50> <Core = "DivnS_SEQ">   --->   Core 24 'DivnS_SEQ' <Latency = 14> <II = 11> <Delay = 3.50> <FuncUnit> <Opcode : 'sdiv' 'srem' 'udiv' 'urem'> <InPorts = 2> <OutPorts = 1>

State 49 <SV = 48> <Delay = 3.50>
ST_49 : Operation 173 [6/15] (3.50ns)   --->   "%last_num_assign_2 = urem i11 %tmp_1_i_i4, 100" [Game_logic/Game_logic.cpp:49->Game_logic/Game_logic.cpp:54->Game_logic/Game_logic.cpp:105]   --->   Operation 173 'urem' 'last_num_assign_2' <Predicate = true> <Delay = 3.50> <Core = "DivnS_SEQ">   --->   Core 24 'DivnS_SEQ' <Latency = 14> <II = 11> <Delay = 3.50> <FuncUnit> <Opcode : 'sdiv' 'srem' 'udiv' 'urem'> <InPorts = 2> <OutPorts = 1>

State 50 <SV = 49> <Delay = 3.50>
ST_50 : Operation 174 [5/15] (3.50ns)   --->   "%last_num_assign_2 = urem i11 %tmp_1_i_i4, 100" [Game_logic/Game_logic.cpp:49->Game_logic/Game_logic.cpp:54->Game_logic/Game_logic.cpp:105]   --->   Operation 174 'urem' 'last_num_assign_2' <Predicate = true> <Delay = 3.50> <Core = "DivnS_SEQ">   --->   Core 24 'DivnS_SEQ' <Latency = 14> <II = 11> <Delay = 3.50> <FuncUnit> <Opcode : 'sdiv' 'srem' 'udiv' 'urem'> <InPorts = 2> <OutPorts = 1>

State 51 <SV = 50> <Delay = 3.50>
ST_51 : Operation 175 [4/15] (3.50ns)   --->   "%last_num_assign_2 = urem i11 %tmp_1_i_i4, 100" [Game_logic/Game_logic.cpp:49->Game_logic/Game_logic.cpp:54->Game_logic/Game_logic.cpp:105]   --->   Operation 175 'urem' 'last_num_assign_2' <Predicate = true> <Delay = 3.50> <Core = "DivnS_SEQ">   --->   Core 24 'DivnS_SEQ' <Latency = 14> <II = 11> <Delay = 3.50> <FuncUnit> <Opcode : 'sdiv' 'srem' 'udiv' 'urem'> <InPorts = 2> <OutPorts = 1>

State 52 <SV = 51> <Delay = 3.50>
ST_52 : Operation 176 [3/15] (3.50ns)   --->   "%last_num_assign_2 = urem i11 %tmp_1_i_i4, 100" [Game_logic/Game_logic.cpp:49->Game_logic/Game_logic.cpp:54->Game_logic/Game_logic.cpp:105]   --->   Operation 176 'urem' 'last_num_assign_2' <Predicate = true> <Delay = 3.50> <Core = "DivnS_SEQ">   --->   Core 24 'DivnS_SEQ' <Latency = 14> <II = 11> <Delay = 3.50> <FuncUnit> <Opcode : 'sdiv' 'srem' 'udiv' 'urem'> <InPorts = 2> <OutPorts = 1>

State 53 <SV = 52> <Delay = 3.50>
ST_53 : Operation 177 [2/15] (3.50ns)   --->   "%last_num_assign_2 = urem i11 %tmp_1_i_i4, 100" [Game_logic/Game_logic.cpp:49->Game_logic/Game_logic.cpp:54->Game_logic/Game_logic.cpp:105]   --->   Operation 177 'urem' 'last_num_assign_2' <Predicate = true> <Delay = 3.50> <Core = "DivnS_SEQ">   --->   Core 24 'DivnS_SEQ' <Latency = 14> <II = 11> <Delay = 3.50> <FuncUnit> <Opcode : 'sdiv' 'srem' 'udiv' 'urem'> <InPorts = 2> <OutPorts = 1>

State 54 <SV = 53> <Delay = 6.75>
ST_54 : Operation 178 [1/15] (3.50ns)   --->   "%last_num_assign_2 = urem i11 %tmp_1_i_i4, 100" [Game_logic/Game_logic.cpp:49->Game_logic/Game_logic.cpp:54->Game_logic/Game_logic.cpp:105]   --->   Operation 178 'urem' 'last_num_assign_2' <Predicate = true> <Delay = 3.50> <Core = "DivnS_SEQ">   --->   Core 24 'DivnS_SEQ' <Latency = 14> <II = 11> <Delay = 3.50> <FuncUnit> <Opcode : 'sdiv' 'srem' 'udiv' 'urem'> <InPorts = 2> <OutPorts = 1>
ST_54 : Operation 179 [1/1] (0.00ns)   --->   "%tmp_5 = trunc i11 %last_num_assign_2 to i7" [Game_logic/Game_logic.cpp:49->Game_logic/Game_logic.cpp:54->Game_logic/Game_logic.cpp:105]   --->   Operation 179 'trunc' 'tmp_5' <Predicate = true> <Delay = 0.00>
ST_54 : Operation 180 [1/1] (1.48ns)   --->   "%tmp_3_i6 = icmp ugt i7 %tmp_5, 50" [Game_logic/Game_logic.cpp:55->Game_logic/Game_logic.cpp:105]   --->   Operation 180 'icmp' 'tmp_3_i6' <Predicate = true> <Delay = 1.48> <Core = "Cmp">   --->   Core 25 'Cmp' <Latency = 0> <II = 1> <Delay = 1.48> <FuncUnit> <Opcode : 'icmp'> <InPorts = 2> <OutPorts = 1>
ST_54 : Operation 181 [1/1] (1.76ns)   --->   "store i1 %tmp_3_i6, i1* @btn2_verify, align 1" [Game_logic/Game_logic.cpp:105]   --->   Operation 181 'store' <Predicate = true> <Delay = 1.76>

State 55 <SV = 54> <Delay = 9.88>
ST_55 : Operation 182 [1/1] (3.36ns) (grouped into DSP with root node tmp_1_i_i9)   --->   "%tmp_i_i8 = mul i11 13, %last_num_assign_2" [Game_logic/Game_logic.cpp:49->Game_logic/Game_logic.cpp:54->Game_logic/Game_logic.cpp:106]   --->   Operation 182 'mul' 'tmp_i_i8' <Predicate = true> <Delay = 3.36> <Core = "DSP48">   --->   Core 65 'DSP48' <Latency = 0> <II = 1> <Delay = 6.38> <IPBlock> <Opcode : 'mul' 'add' 'sub' 'select'> <InPorts = 0> <OutPorts = 1> <Sync> <CReg>
ST_55 : Operation 183 [1/1] (3.02ns) (root node of the DSP)   --->   "%tmp_1_i_i9 = add i11 100, %tmp_i_i8" [Game_logic/Game_logic.cpp:49->Game_logic/Game_logic.cpp:54->Game_logic/Game_logic.cpp:106]   --->   Operation 183 'add' 'tmp_1_i_i9' <Predicate = true> <Delay = 3.02> <Core = "DSP48">   --->   Core 65 'DSP48' <Latency = 0> <II = 1> <Delay = 6.38> <IPBlock> <Opcode : 'mul' 'add' 'sub' 'select'> <InPorts = 0> <OutPorts = 1> <Sync> <CReg>
ST_55 : Operation 184 [15/15] (3.50ns)   --->   "%tmp_2_i_i = urem i11 %tmp_1_i_i9, 100" [Game_logic/Game_logic.cpp:49->Game_logic/Game_logic.cpp:54->Game_logic/Game_logic.cpp:106]   --->   Operation 184 'urem' 'tmp_2_i_i' <Predicate = true> <Delay = 3.50> <Core = "DivnS_SEQ">   --->   Core 24 'DivnS_SEQ' <Latency = 14> <II = 11> <Delay = 3.50> <FuncUnit> <Opcode : 'sdiv' 'srem' 'udiv' 'urem'> <InPorts = 2> <OutPorts = 1>

State 56 <SV = 55> <Delay = 3.50>
ST_56 : Operation 185 [14/15] (3.50ns)   --->   "%tmp_2_i_i = urem i11 %tmp_1_i_i9, 100" [Game_logic/Game_logic.cpp:49->Game_logic/Game_logic.cpp:54->Game_logic/Game_logic.cpp:106]   --->   Operation 185 'urem' 'tmp_2_i_i' <Predicate = true> <Delay = 3.50> <Core = "DivnS_SEQ">   --->   Core 24 'DivnS_SEQ' <Latency = 14> <II = 11> <Delay = 3.50> <FuncUnit> <Opcode : 'sdiv' 'srem' 'udiv' 'urem'> <InPorts = 2> <OutPorts = 1>

State 57 <SV = 56> <Delay = 3.50>
ST_57 : Operation 186 [13/15] (3.50ns)   --->   "%tmp_2_i_i = urem i11 %tmp_1_i_i9, 100" [Game_logic/Game_logic.cpp:49->Game_logic/Game_logic.cpp:54->Game_logic/Game_logic.cpp:106]   --->   Operation 186 'urem' 'tmp_2_i_i' <Predicate = true> <Delay = 3.50> <Core = "DivnS_SEQ">   --->   Core 24 'DivnS_SEQ' <Latency = 14> <II = 11> <Delay = 3.50> <FuncUnit> <Opcode : 'sdiv' 'srem' 'udiv' 'urem'> <InPorts = 2> <OutPorts = 1>

State 58 <SV = 57> <Delay = 3.50>
ST_58 : Operation 187 [12/15] (3.50ns)   --->   "%tmp_2_i_i = urem i11 %tmp_1_i_i9, 100" [Game_logic/Game_logic.cpp:49->Game_logic/Game_logic.cpp:54->Game_logic/Game_logic.cpp:106]   --->   Operation 187 'urem' 'tmp_2_i_i' <Predicate = true> <Delay = 3.50> <Core = "DivnS_SEQ">   --->   Core 24 'DivnS_SEQ' <Latency = 14> <II = 11> <Delay = 3.50> <FuncUnit> <Opcode : 'sdiv' 'srem' 'udiv' 'urem'> <InPorts = 2> <OutPorts = 1>

State 59 <SV = 58> <Delay = 3.50>
ST_59 : Operation 188 [11/15] (3.50ns)   --->   "%tmp_2_i_i = urem i11 %tmp_1_i_i9, 100" [Game_logic/Game_logic.cpp:49->Game_logic/Game_logic.cpp:54->Game_logic/Game_logic.cpp:106]   --->   Operation 188 'urem' 'tmp_2_i_i' <Predicate = true> <Delay = 3.50> <Core = "DivnS_SEQ">   --->   Core 24 'DivnS_SEQ' <Latency = 14> <II = 11> <Delay = 3.50> <FuncUnit> <Opcode : 'sdiv' 'srem' 'udiv' 'urem'> <InPorts = 2> <OutPorts = 1>

State 60 <SV = 59> <Delay = 3.50>
ST_60 : Operation 189 [10/15] (3.50ns)   --->   "%tmp_2_i_i = urem i11 %tmp_1_i_i9, 100" [Game_logic/Game_logic.cpp:49->Game_logic/Game_logic.cpp:54->Game_logic/Game_logic.cpp:106]   --->   Operation 189 'urem' 'tmp_2_i_i' <Predicate = true> <Delay = 3.50> <Core = "DivnS_SEQ">   --->   Core 24 'DivnS_SEQ' <Latency = 14> <II = 11> <Delay = 3.50> <FuncUnit> <Opcode : 'sdiv' 'srem' 'udiv' 'urem'> <InPorts = 2> <OutPorts = 1>

State 61 <SV = 60> <Delay = 3.50>
ST_61 : Operation 190 [9/15] (3.50ns)   --->   "%tmp_2_i_i = urem i11 %tmp_1_i_i9, 100" [Game_logic/Game_logic.cpp:49->Game_logic/Game_logic.cpp:54->Game_logic/Game_logic.cpp:106]   --->   Operation 190 'urem' 'tmp_2_i_i' <Predicate = true> <Delay = 3.50> <Core = "DivnS_SEQ">   --->   Core 24 'DivnS_SEQ' <Latency = 14> <II = 11> <Delay = 3.50> <FuncUnit> <Opcode : 'sdiv' 'srem' 'udiv' 'urem'> <InPorts = 2> <OutPorts = 1>

State 62 <SV = 61> <Delay = 3.50>
ST_62 : Operation 191 [8/15] (3.50ns)   --->   "%tmp_2_i_i = urem i11 %tmp_1_i_i9, 100" [Game_logic/Game_logic.cpp:49->Game_logic/Game_logic.cpp:54->Game_logic/Game_logic.cpp:106]   --->   Operation 191 'urem' 'tmp_2_i_i' <Predicate = true> <Delay = 3.50> <Core = "DivnS_SEQ">   --->   Core 24 'DivnS_SEQ' <Latency = 14> <II = 11> <Delay = 3.50> <FuncUnit> <Opcode : 'sdiv' 'srem' 'udiv' 'urem'> <InPorts = 2> <OutPorts = 1>

State 63 <SV = 62> <Delay = 3.50>
ST_63 : Operation 192 [7/15] (3.50ns)   --->   "%tmp_2_i_i = urem i11 %tmp_1_i_i9, 100" [Game_logic/Game_logic.cpp:49->Game_logic/Game_logic.cpp:54->Game_logic/Game_logic.cpp:106]   --->   Operation 192 'urem' 'tmp_2_i_i' <Predicate = true> <Delay = 3.50> <Core = "DivnS_SEQ">   --->   Core 24 'DivnS_SEQ' <Latency = 14> <II = 11> <Delay = 3.50> <FuncUnit> <Opcode : 'sdiv' 'srem' 'udiv' 'urem'> <InPorts = 2> <OutPorts = 1>

State 64 <SV = 63> <Delay = 3.50>
ST_64 : Operation 193 [6/15] (3.50ns)   --->   "%tmp_2_i_i = urem i11 %tmp_1_i_i9, 100" [Game_logic/Game_logic.cpp:49->Game_logic/Game_logic.cpp:54->Game_logic/Game_logic.cpp:106]   --->   Operation 193 'urem' 'tmp_2_i_i' <Predicate = true> <Delay = 3.50> <Core = "DivnS_SEQ">   --->   Core 24 'DivnS_SEQ' <Latency = 14> <II = 11> <Delay = 3.50> <FuncUnit> <Opcode : 'sdiv' 'srem' 'udiv' 'urem'> <InPorts = 2> <OutPorts = 1>

State 65 <SV = 64> <Delay = 3.50>
ST_65 : Operation 194 [5/15] (3.50ns)   --->   "%tmp_2_i_i = urem i11 %tmp_1_i_i9, 100" [Game_logic/Game_logic.cpp:49->Game_logic/Game_logic.cpp:54->Game_logic/Game_logic.cpp:106]   --->   Operation 194 'urem' 'tmp_2_i_i' <Predicate = true> <Delay = 3.50> <Core = "DivnS_SEQ">   --->   Core 24 'DivnS_SEQ' <Latency = 14> <II = 11> <Delay = 3.50> <FuncUnit> <Opcode : 'sdiv' 'srem' 'udiv' 'urem'> <InPorts = 2> <OutPorts = 1>

State 66 <SV = 65> <Delay = 3.50>
ST_66 : Operation 195 [4/15] (3.50ns)   --->   "%tmp_2_i_i = urem i11 %tmp_1_i_i9, 100" [Game_logic/Game_logic.cpp:49->Game_logic/Game_logic.cpp:54->Game_logic/Game_logic.cpp:106]   --->   Operation 195 'urem' 'tmp_2_i_i' <Predicate = true> <Delay = 3.50> <Core = "DivnS_SEQ">   --->   Core 24 'DivnS_SEQ' <Latency = 14> <II = 11> <Delay = 3.50> <FuncUnit> <Opcode : 'sdiv' 'srem' 'udiv' 'urem'> <InPorts = 2> <OutPorts = 1>

State 67 <SV = 66> <Delay = 3.50>
ST_67 : Operation 196 [3/15] (3.50ns)   --->   "%tmp_2_i_i = urem i11 %tmp_1_i_i9, 100" [Game_logic/Game_logic.cpp:49->Game_logic/Game_logic.cpp:54->Game_logic/Game_logic.cpp:106]   --->   Operation 196 'urem' 'tmp_2_i_i' <Predicate = true> <Delay = 3.50> <Core = "DivnS_SEQ">   --->   Core 24 'DivnS_SEQ' <Latency = 14> <II = 11> <Delay = 3.50> <FuncUnit> <Opcode : 'sdiv' 'srem' 'udiv' 'urem'> <InPorts = 2> <OutPorts = 1>

State 68 <SV = 67> <Delay = 3.50>
ST_68 : Operation 197 [2/15] (3.50ns)   --->   "%tmp_2_i_i = urem i11 %tmp_1_i_i9, 100" [Game_logic/Game_logic.cpp:49->Game_logic/Game_logic.cpp:54->Game_logic/Game_logic.cpp:106]   --->   Operation 197 'urem' 'tmp_2_i_i' <Predicate = true> <Delay = 3.50> <Core = "DivnS_SEQ">   --->   Core 24 'DivnS_SEQ' <Latency = 14> <II = 11> <Delay = 3.50> <FuncUnit> <Opcode : 'sdiv' 'srem' 'udiv' 'urem'> <InPorts = 2> <OutPorts = 1>

State 69 <SV = 68> <Delay = 6.75>
ST_69 : Operation 198 [1/15] (3.50ns)   --->   "%tmp_2_i_i = urem i11 %tmp_1_i_i9, 100" [Game_logic/Game_logic.cpp:49->Game_logic/Game_logic.cpp:54->Game_logic/Game_logic.cpp:106]   --->   Operation 198 'urem' 'tmp_2_i_i' <Predicate = true> <Delay = 3.50> <Core = "DivnS_SEQ">   --->   Core 24 'DivnS_SEQ' <Latency = 14> <II = 11> <Delay = 3.50> <FuncUnit> <Opcode : 'sdiv' 'srem' 'udiv' 'urem'> <InPorts = 2> <OutPorts = 1>
ST_69 : Operation 199 [1/1] (0.00ns)   --->   "%tmp_6 = trunc i11 %tmp_2_i_i to i7" [Game_logic/Game_logic.cpp:49->Game_logic/Game_logic.cpp:54->Game_logic/Game_logic.cpp:106]   --->   Operation 199 'trunc' 'tmp_6' <Predicate = true> <Delay = 0.00>
ST_69 : Operation 200 [1/1] (0.00ns)   --->   "%tmp_2_i_i_cast = zext i11 %tmp_2_i_i to i32" [Game_logic/Game_logic.cpp:49->Game_logic/Game_logic.cpp:54->Game_logic/Game_logic.cpp:106]   --->   Operation 200 'zext' 'tmp_2_i_i_cast' <Predicate = true> <Delay = 0.00>
ST_69 : Operation 201 [1/1] (0.00ns)   --->   "store i32 %tmp_2_i_i_cast, i32* @RandSeed, align 4" [Game_logic/Game_logic.cpp:54->Game_logic/Game_logic.cpp:106]   --->   Operation 201 'store' <Predicate = true> <Delay = 0.00>
ST_69 : Operation 202 [1/1] (1.48ns)   --->   "%tmp_3_i1 = icmp ugt i7 %tmp_6, 50" [Game_logic/Game_logic.cpp:55->Game_logic/Game_logic.cpp:106]   --->   Operation 202 'icmp' 'tmp_3_i1' <Predicate = true> <Delay = 1.48> <Core = "Cmp">   --->   Core 25 'Cmp' <Latency = 0> <II = 1> <Delay = 1.48> <FuncUnit> <Opcode : 'icmp'> <InPorts = 2> <OutPorts = 1>
ST_69 : Operation 203 [1/1] (1.76ns)   --->   "store i1 %tmp_3_i1, i1* @btn3_verify, align 1" [Game_logic/Game_logic.cpp:106]   --->   Operation 203 'store' <Predicate = true> <Delay = 1.76>
ST_69 : Operation 204 [1/1] (0.00ns)   --->   "%decrement_value_load = load i32* @decrement_value, align 4" [Game_logic/Game_logic.cpp:107]   --->   Operation 204 'load' 'decrement_value_load' <Predicate = true> <Delay = 0.00>
ST_69 : Operation 205 [1/1] (2.55ns)   --->   "%tmp_1 = add i32 2, %decrement_value_load" [Game_logic/Game_logic.cpp:107]   --->   Operation 205 'add' 'tmp_1' <Predicate = true> <Delay = 2.55> <Core = "AddSub">   --->   Core 14 'AddSub' <Latency = 0> <II = 1> <Delay = 2.55> <FuncUnit> <Opcode : 'add' 'sub'> <InPorts = 2> <OutPorts = 1>
ST_69 : Operation 206 [1/1] (1.76ns)   --->   "store i32 %tmp_1, i32* @decrement_value, align 4" [Game_logic/Game_logic.cpp:107]   --->   Operation 206 'store' <Predicate = true> <Delay = 1.76>
ST_69 : Operation 207 [1/1] (0.00ns)   --->   "br label %._crit_edge2" [Game_logic/Game_logic.cpp:109]   --->   Operation 207 'br' <Predicate = true> <Delay = 0.00>

State 70 <SV = 69> <Delay = 2.79>
ST_70 : Operation 208 [1/1] (0.00ns)   --->   "%btn1_verify_load = load i1* @btn1_verify, align 1" [Game_logic/Game_logic.cpp:62->Game_logic/Game_logic.cpp:111]   --->   Operation 208 'load' 'btn1_verify_load' <Predicate = true> <Delay = 0.00>
ST_70 : Operation 209 [1/1] (0.00ns) (grouped into LUT with out node not_or_cond3_i)   --->   "%tmp_i1 = xor i1 %btn1_verify_load, %btn1_read" [Game_logic/Game_logic.cpp:62->Game_logic/Game_logic.cpp:111]   --->   Operation 209 'xor' 'tmp_i1' <Predicate = true> <Delay = 0.00> <Core = "LogicGate">   --->   Core 27 'LogicGate' <Latency = 0> <II = 1> <Delay = 0.97> <FuncUnit> <Opcode : 'and' 'or' 'xor'> <InPorts = 2> <OutPorts = 1>
ST_70 : Operation 210 [1/1] (0.00ns)   --->   "%btn2_verify_load = load i1* @btn2_verify, align 1" [Game_logic/Game_logic.cpp:62->Game_logic/Game_logic.cpp:111]   --->   Operation 210 'load' 'btn2_verify_load' <Predicate = true> <Delay = 0.00>
ST_70 : Operation 211 [1/1] (0.00ns) (grouped into LUT with out node not_or_cond3_i)   --->   "%tmp1_i = xor i1 %btn2_verify_load, %btn2_read" [Game_logic/Game_logic.cpp:62->Game_logic/Game_logic.cpp:111]   --->   Operation 211 'xor' 'tmp1_i' <Predicate = true> <Delay = 0.00> <Core = "LogicGate">   --->   Core 27 'LogicGate' <Latency = 0> <II = 1> <Delay = 0.97> <FuncUnit> <Opcode : 'and' 'or' 'xor'> <InPorts = 2> <OutPorts = 1>
ST_70 : Operation 212 [1/1] (0.00ns)   --->   "%btn3_verify_load = load i1* @btn3_verify, align 1" [Game_logic/Game_logic.cpp:62->Game_logic/Game_logic.cpp:111]   --->   Operation 212 'load' 'btn3_verify_load' <Predicate = true> <Delay = 0.00>
ST_70 : Operation 213 [1/1] (0.00ns) (grouped into LUT with out node not_or_cond3_i)   --->   "%tmp2_i = xor i1 %btn3_verify_load, %btn3_read" [Game_logic/Game_logic.cpp:62->Game_logic/Game_logic.cpp:111]   --->   Operation 213 'xor' 'tmp2_i' <Predicate = true> <Delay = 0.00> <Core = "LogicGate">   --->   Core 27 'LogicGate' <Latency = 0> <II = 1> <Delay = 0.97> <FuncUnit> <Opcode : 'and' 'or' 'xor'> <InPorts = 2> <OutPorts = 1>
ST_70 : Operation 214 [1/1] (0.00ns) (grouped into LUT with out node not_or_cond3_i)   --->   "%tmp = or i1 %tmp1_i, %tmp2_i" [Game_logic/Game_logic.cpp:62->Game_logic/Game_logic.cpp:111]   --->   Operation 214 'or' 'tmp' <Predicate = true> <Delay = 0.00> <Core = "LogicGate">   --->   Core 27 'LogicGate' <Latency = 0> <II = 1> <Delay = 0.97> <FuncUnit> <Opcode : 'and' 'or' 'xor'> <InPorts = 2> <OutPorts = 1>
ST_70 : Operation 215 [1/1] (0.00ns) (grouped into LUT with out node not_or_cond3_i)   --->   "%or_cond3_i = or i1 %tmp, %tmp_i1" [Game_logic/Game_logic.cpp:62->Game_logic/Game_logic.cpp:111]   --->   Operation 215 'or' 'or_cond3_i' <Predicate = true> <Delay = 0.00> <Core = "LogicGate">   --->   Core 27 'LogicGate' <Latency = 0> <II = 1> <Delay = 0.97> <FuncUnit> <Opcode : 'and' 'or' 'xor'> <InPorts = 2> <OutPorts = 1>
ST_70 : Operation 216 [1/1] (0.97ns) (out node of the LUT)   --->   "%not_or_cond3_i = xor i1 %or_cond3_i, true" [Game_logic/Game_logic.cpp:62->Game_logic/Game_logic.cpp:111]   --->   Operation 216 'xor' 'not_or_cond3_i' <Predicate = true> <Delay = 0.97> <Core = "LogicGate">   --->   Core 27 'LogicGate' <Latency = 0> <II = 1> <Delay = 0.97> <FuncUnit> <Opcode : 'and' 'or' 'xor'> <InPorts = 2> <OutPorts = 1>
ST_70 : Operation 217 [1/1] (1.81ns)   --->   "store i1 %not_or_cond3_i, i1* @newRound, align 1" [Game_logic/Game_logic.cpp:111]   --->   Operation 217 'store' <Predicate = true> <Delay = 1.81>
ST_70 : Operation 218 [1/1] (0.00ns)   --->   "call void @_ssdm_op_Write.ap_none.i1P(i1* %lose, i1 false)" [Game_logic/Game_logic.cpp:113]   --->   Operation 218 'write' <Predicate = true> <Delay = 0.00>
ST_70 : Operation 219 [1/1] (0.00ns)   --->   "br label %1" [Game_logic/Game_logic.cpp:122]   --->   Operation 219 'br' <Predicate = true> <Delay = 0.00>


============================================================
+ Verbose Summary: Timing violations
============================================================
Target clock period: 10ns, clock uncertainty: 1.25ns.

 <State 1>: 0ns
The critical path consists of the following:

 <State 2>: 1.81ns
The critical path consists of the following:
	'store' operation (Game_logic/Game_logic.cpp:32->Game_logic/Game_logic.cpp:96) of constant 1 on static variable 'newRound' [52]  (1.81 ns)

 <State 3>: 8.51ns
The critical path consists of the following:
	'load' operation ('last_num', Game_logic/Game_logic.cpp:54->Game_logic/Game_logic.cpp:104) on global variable 'RandSeed' [71]  (0 ns)
	'mul' operation ('tmp_i_i', Game_logic/Game_logic.cpp:49->Game_logic/Game_logic.cpp:54->Game_logic/Game_logic.cpp:104) [72]  (8.51 ns)

 <State 4>: 6.69ns
The critical path consists of the following:
	'add' operation ('tmp_1_i_i', Game_logic/Game_logic.cpp:49->Game_logic/Game_logic.cpp:54->Game_logic/Game_logic.cpp:104) [73]  (2.55 ns)
	'urem' operation ('last_num', Game_logic/Game_logic.cpp:49->Game_logic/Game_logic.cpp:54->Game_logic/Game_logic.cpp:104) [74]  (4.13 ns)

 <State 5>: 4.13ns
The critical path consists of the following:
	'urem' operation ('last_num', Game_logic/Game_logic.cpp:49->Game_logic/Game_logic.cpp:54->Game_logic/Game_logic.cpp:104) [74]  (4.13 ns)

 <State 6>: 4.13ns
The critical path consists of the following:
	'urem' operation ('last_num', Game_logic/Game_logic.cpp:49->Game_logic/Game_logic.cpp:54->Game_logic/Game_logic.cpp:104) [74]  (4.13 ns)

 <State 7>: 4.13ns
The critical path consists of the following:
	'urem' operation ('last_num', Game_logic/Game_logic.cpp:49->Game_logic/Game_logic.cpp:54->Game_logic/Game_logic.cpp:104) [74]  (4.13 ns)

 <State 8>: 4.13ns
The critical path consists of the following:
	'urem' operation ('last_num', Game_logic/Game_logic.cpp:49->Game_logic/Game_logic.cpp:54->Game_logic/Game_logic.cpp:104) [74]  (4.13 ns)

 <State 9>: 4.13ns
The critical path consists of the following:
	'urem' operation ('last_num', Game_logic/Game_logic.cpp:49->Game_logic/Game_logic.cpp:54->Game_logic/Game_logic.cpp:104) [74]  (4.13 ns)

 <State 10>: 4.13ns
The critical path consists of the following:
	'urem' operation ('last_num', Game_logic/Game_logic.cpp:49->Game_logic/Game_logic.cpp:54->Game_logic/Game_logic.cpp:104) [74]  (4.13 ns)

 <State 11>: 4.13ns
The critical path consists of the following:
	'urem' operation ('last_num', Game_logic/Game_logic.cpp:49->Game_logic/Game_logic.cpp:54->Game_logic/Game_logic.cpp:104) [74]  (4.13 ns)

 <State 12>: 4.13ns
The critical path consists of the following:
	'urem' operation ('last_num', Game_logic/Game_logic.cpp:49->Game_logic/Game_logic.cpp:54->Game_logic/Game_logic.cpp:104) [74]  (4.13 ns)

 <State 13>: 4.13ns
The critical path consists of the following:
	'urem' operation ('last_num', Game_logic/Game_logic.cpp:49->Game_logic/Game_logic.cpp:54->Game_logic/Game_logic.cpp:104) [74]  (4.13 ns)

 <State 14>: 4.13ns
The critical path consists of the following:
	'urem' operation ('last_num', Game_logic/Game_logic.cpp:49->Game_logic/Game_logic.cpp:54->Game_logic/Game_logic.cpp:104) [74]  (4.13 ns)

 <State 15>: 4.13ns
The critical path consists of the following:
	'urem' operation ('last_num', Game_logic/Game_logic.cpp:49->Game_logic/Game_logic.cpp:54->Game_logic/Game_logic.cpp:104) [74]  (4.13 ns)

 <State 16>: 4.13ns
The critical path consists of the following:
	'urem' operation ('last_num', Game_logic/Game_logic.cpp:49->Game_logic/Game_logic.cpp:54->Game_logic/Game_logic.cpp:104) [74]  (4.13 ns)

 <State 17>: 4.13ns
The critical path consists of the following:
	'urem' operation ('last_num', Game_logic/Game_logic.cpp:49->Game_logic/Game_logic.cpp:54->Game_logic/Game_logic.cpp:104) [74]  (4.13 ns)

 <State 18>: 4.13ns
The critical path consists of the following:
	'urem' operation ('last_num', Game_logic/Game_logic.cpp:49->Game_logic/Game_logic.cpp:54->Game_logic/Game_logic.cpp:104) [74]  (4.13 ns)

 <State 19>: 4.13ns
The critical path consists of the following:
	'urem' operation ('last_num', Game_logic/Game_logic.cpp:49->Game_logic/Game_logic.cpp:54->Game_logic/Game_logic.cpp:104) [74]  (4.13 ns)

 <State 20>: 4.13ns
The critical path consists of the following:
	'urem' operation ('last_num', Game_logic/Game_logic.cpp:49->Game_logic/Game_logic.cpp:54->Game_logic/Game_logic.cpp:104) [74]  (4.13 ns)

 <State 21>: 4.13ns
The critical path consists of the following:
	'urem' operation ('last_num', Game_logic/Game_logic.cpp:49->Game_logic/Game_logic.cpp:54->Game_logic/Game_logic.cpp:104) [74]  (4.13 ns)

 <State 22>: 4.13ns
The critical path consists of the following:
	'urem' operation ('last_num', Game_logic/Game_logic.cpp:49->Game_logic/Game_logic.cpp:54->Game_logic/Game_logic.cpp:104) [74]  (4.13 ns)

 <State 23>: 4.13ns
The critical path consists of the following:
	'urem' operation ('last_num', Game_logic/Game_logic.cpp:49->Game_logic/Game_logic.cpp:54->Game_logic/Game_logic.cpp:104) [74]  (4.13 ns)

 <State 24>: 4.13ns
The critical path consists of the following:
	'urem' operation ('last_num', Game_logic/Game_logic.cpp:49->Game_logic/Game_logic.cpp:54->Game_logic/Game_logic.cpp:104) [74]  (4.13 ns)

 <State 25>: 4.13ns
The critical path consists of the following:
	'urem' operation ('last_num', Game_logic/Game_logic.cpp:49->Game_logic/Game_logic.cpp:54->Game_logic/Game_logic.cpp:104) [74]  (4.13 ns)

 <State 26>: 4.13ns
The critical path consists of the following:
	'urem' operation ('last_num', Game_logic/Game_logic.cpp:49->Game_logic/Game_logic.cpp:54->Game_logic/Game_logic.cpp:104) [74]  (4.13 ns)

 <State 27>: 4.13ns
The critical path consists of the following:
	'urem' operation ('last_num', Game_logic/Game_logic.cpp:49->Game_logic/Game_logic.cpp:54->Game_logic/Game_logic.cpp:104) [74]  (4.13 ns)

 <State 28>: 4.13ns
The critical path consists of the following:
	'urem' operation ('last_num', Game_logic/Game_logic.cpp:49->Game_logic/Game_logic.cpp:54->Game_logic/Game_logic.cpp:104) [74]  (4.13 ns)

 <State 29>: 4.13ns
The critical path consists of the following:
	'urem' operation ('last_num', Game_logic/Game_logic.cpp:49->Game_logic/Game_logic.cpp:54->Game_logic/Game_logic.cpp:104) [74]  (4.13 ns)

 <State 30>: 4.13ns
The critical path consists of the following:
	'urem' operation ('last_num', Game_logic/Game_logic.cpp:49->Game_logic/Game_logic.cpp:54->Game_logic/Game_logic.cpp:104) [74]  (4.13 ns)

 <State 31>: 4.13ns
The critical path consists of the following:
	'urem' operation ('last_num', Game_logic/Game_logic.cpp:49->Game_logic/Game_logic.cpp:54->Game_logic/Game_logic.cpp:104) [74]  (4.13 ns)

 <State 32>: 4.13ns
The critical path consists of the following:
	'urem' operation ('last_num', Game_logic/Game_logic.cpp:49->Game_logic/Game_logic.cpp:54->Game_logic/Game_logic.cpp:104) [74]  (4.13 ns)

 <State 33>: 4.13ns
The critical path consists of the following:
	'urem' operation ('last_num', Game_logic/Game_logic.cpp:49->Game_logic/Game_logic.cpp:54->Game_logic/Game_logic.cpp:104) [74]  (4.13 ns)

 <State 34>: 4.13ns
The critical path consists of the following:
	'urem' operation ('last_num', Game_logic/Game_logic.cpp:49->Game_logic/Game_logic.cpp:54->Game_logic/Game_logic.cpp:104) [74]  (4.13 ns)

 <State 35>: 4.13ns
The critical path consists of the following:
	'urem' operation ('last_num', Game_logic/Game_logic.cpp:49->Game_logic/Game_logic.cpp:54->Game_logic/Game_logic.cpp:104) [74]  (4.13 ns)

 <State 36>: 4.13ns
The critical path consists of the following:
	'urem' operation ('last_num', Game_logic/Game_logic.cpp:49->Game_logic/Game_logic.cpp:54->Game_logic/Game_logic.cpp:104) [74]  (4.13 ns)

 <State 37>: 4.13ns
The critical path consists of the following:
	'urem' operation ('last_num', Game_logic/Game_logic.cpp:49->Game_logic/Game_logic.cpp:54->Game_logic/Game_logic.cpp:104) [74]  (4.13 ns)

 <State 38>: 4.13ns
The critical path consists of the following:
	'urem' operation ('last_num', Game_logic/Game_logic.cpp:49->Game_logic/Game_logic.cpp:54->Game_logic/Game_logic.cpp:104) [74]  (4.13 ns)

 <State 39>: 7.39ns
The critical path consists of the following:
	'urem' operation ('last_num', Game_logic/Game_logic.cpp:49->Game_logic/Game_logic.cpp:54->Game_logic/Game_logic.cpp:104) [74]  (4.13 ns)
	'icmp' operation ('tmp_3_i', Game_logic/Game_logic.cpp:55->Game_logic/Game_logic.cpp:104) [77]  (1.49 ns)
	'store' operation (Game_logic/Game_logic.cpp:104) of variable 'tmp_3_i', Game_logic/Game_logic.cpp:55->Game_logic/Game_logic.cpp:104 on static variable 'btn1_verify' [78]  (1.77 ns)

 <State 40>: 9.88ns
The critical path consists of the following:
	'mul' operation of DSP[80] ('tmp_i_i3', Game_logic/Game_logic.cpp:49->Game_logic/Game_logic.cpp:54->Game_logic/Game_logic.cpp:105) [79]  (3.36 ns)
	'add' operation of DSP[80] ('tmp_1_i_i4', Game_logic/Game_logic.cpp:49->Game_logic/Game_logic.cpp:54->Game_logic/Game_logic.cpp:105) [80]  (3.02 ns)
	'urem' operation ('last_num', Game_logic/Game_logic.cpp:49->Game_logic/Game_logic.cpp:54->Game_logic/Game_logic.cpp:105) [81]  (3.5 ns)

 <State 41>: 3.5ns
The critical path consists of the following:
	'urem' operation ('last_num', Game_logic/Game_logic.cpp:49->Game_logic/Game_logic.cpp:54->Game_logic/Game_logic.cpp:105) [81]  (3.5 ns)

 <State 42>: 3.5ns
The critical path consists of the following:
	'urem' operation ('last_num', Game_logic/Game_logic.cpp:49->Game_logic/Game_logic.cpp:54->Game_logic/Game_logic.cpp:105) [81]  (3.5 ns)

 <State 43>: 3.5ns
The critical path consists of the following:
	'urem' operation ('last_num', Game_logic/Game_logic.cpp:49->Game_logic/Game_logic.cpp:54->Game_logic/Game_logic.cpp:105) [81]  (3.5 ns)

 <State 44>: 3.5ns
The critical path consists of the following:
	'urem' operation ('last_num', Game_logic/Game_logic.cpp:49->Game_logic/Game_logic.cpp:54->Game_logic/Game_logic.cpp:105) [81]  (3.5 ns)

 <State 45>: 3.5ns
The critical path consists of the following:
	'urem' operation ('last_num', Game_logic/Game_logic.cpp:49->Game_logic/Game_logic.cpp:54->Game_logic/Game_logic.cpp:105) [81]  (3.5 ns)

 <State 46>: 3.5ns
The critical path consists of the following:
	'urem' operation ('last_num', Game_logic/Game_logic.cpp:49->Game_logic/Game_logic.cpp:54->Game_logic/Game_logic.cpp:105) [81]  (3.5 ns)

 <State 47>: 3.5ns
The critical path consists of the following:
	'urem' operation ('last_num', Game_logic/Game_logic.cpp:49->Game_logic/Game_logic.cpp:54->Game_logic/Game_logic.cpp:105) [81]  (3.5 ns)

 <State 48>: 3.5ns
The critical path consists of the following:
	'urem' operation ('last_num', Game_logic/Game_logic.cpp:49->Game_logic/Game_logic.cpp:54->Game_logic/Game_logic.cpp:105) [81]  (3.5 ns)

 <State 49>: 3.5ns
The critical path consists of the following:
	'urem' operation ('last_num', Game_logic/Game_logic.cpp:49->Game_logic/Game_logic.cpp:54->Game_logic/Game_logic.cpp:105) [81]  (3.5 ns)

 <State 50>: 3.5ns
The critical path consists of the following:
	'urem' operation ('last_num', Game_logic/Game_logic.cpp:49->Game_logic/Game_logic.cpp:54->Game_logic/Game_logic.cpp:105) [81]  (3.5 ns)

 <State 51>: 3.5ns
The critical path consists of the following:
	'urem' operation ('last_num', Game_logic/Game_logic.cpp:49->Game_logic/Game_logic.cpp:54->Game_logic/Game_logic.cpp:105) [81]  (3.5 ns)

 <State 52>: 3.5ns
The critical path consists of the following:
	'urem' operation ('last_num', Game_logic/Game_logic.cpp:49->Game_logic/Game_logic.cpp:54->Game_logic/Game_logic.cpp:105) [81]  (3.5 ns)

 <State 53>: 3.5ns
The critical path consists of the following:
	'urem' operation ('last_num', Game_logic/Game_logic.cpp:49->Game_logic/Game_logic.cpp:54->Game_logic/Game_logic.cpp:105) [81]  (3.5 ns)

 <State 54>: 6.76ns
The critical path consists of the following:
	'urem' operation ('last_num', Game_logic/Game_logic.cpp:49->Game_logic/Game_logic.cpp:54->Game_logic/Game_logic.cpp:105) [81]  (3.5 ns)
	'icmp' operation ('tmp_3_i6', Game_logic/Game_logic.cpp:55->Game_logic/Game_logic.cpp:105) [83]  (1.49 ns)
	'store' operation (Game_logic/Game_logic.cpp:105) of variable 'tmp_3_i6', Game_logic/Game_logic.cpp:55->Game_logic/Game_logic.cpp:105 on static variable 'btn2_verify' [84]  (1.77 ns)

 <State 55>: 9.88ns
The critical path consists of the following:
	'mul' operation of DSP[86] ('tmp_i_i8', Game_logic/Game_logic.cpp:49->Game_logic/Game_logic.cpp:54->Game_logic/Game_logic.cpp:106) [85]  (3.36 ns)
	'add' operation of DSP[86] ('tmp_1_i_i9', Game_logic/Game_logic.cpp:49->Game_logic/Game_logic.cpp:54->Game_logic/Game_logic.cpp:106) [86]  (3.02 ns)
	'urem' operation ('tmp_2_i_i', Game_logic/Game_logic.cpp:49->Game_logic/Game_logic.cpp:54->Game_logic/Game_logic.cpp:106) [87]  (3.5 ns)

 <State 56>: 3.5ns
The critical path consists of the following:
	'urem' operation ('tmp_2_i_i', Game_logic/Game_logic.cpp:49->Game_logic/Game_logic.cpp:54->Game_logic/Game_logic.cpp:106) [87]  (3.5 ns)

 <State 57>: 3.5ns
The critical path consists of the following:
	'urem' operation ('tmp_2_i_i', Game_logic/Game_logic.cpp:49->Game_logic/Game_logic.cpp:54->Game_logic/Game_logic.cpp:106) [87]  (3.5 ns)

 <State 58>: 3.5ns
The critical path consists of the following:
	'urem' operation ('tmp_2_i_i', Game_logic/Game_logic.cpp:49->Game_logic/Game_logic.cpp:54->Game_logic/Game_logic.cpp:106) [87]  (3.5 ns)

 <State 59>: 3.5ns
The critical path consists of the following:
	'urem' operation ('tmp_2_i_i', Game_logic/Game_logic.cpp:49->Game_logic/Game_logic.cpp:54->Game_logic/Game_logic.cpp:106) [87]  (3.5 ns)

 <State 60>: 3.5ns
The critical path consists of the following:
	'urem' operation ('tmp_2_i_i', Game_logic/Game_logic.cpp:49->Game_logic/Game_logic.cpp:54->Game_logic/Game_logic.cpp:106) [87]  (3.5 ns)

 <State 61>: 3.5ns
The critical path consists of the following:
	'urem' operation ('tmp_2_i_i', Game_logic/Game_logic.cpp:49->Game_logic/Game_logic.cpp:54->Game_logic/Game_logic.cpp:106) [87]  (3.5 ns)

 <State 62>: 3.5ns
The critical path consists of the following:
	'urem' operation ('tmp_2_i_i', Game_logic/Game_logic.cpp:49->Game_logic/Game_logic.cpp:54->Game_logic/Game_logic.cpp:106) [87]  (3.5 ns)

 <State 63>: 3.5ns
The critical path consists of the following:
	'urem' operation ('tmp_2_i_i', Game_logic/Game_logic.cpp:49->Game_logic/Game_logic.cpp:54->Game_logic/Game_logic.cpp:106) [87]  (3.5 ns)

 <State 64>: 3.5ns
The critical path consists of the following:
	'urem' operation ('tmp_2_i_i', Game_logic/Game_logic.cpp:49->Game_logic/Game_logic.cpp:54->Game_logic/Game_logic.cpp:106) [87]  (3.5 ns)

 <State 65>: 3.5ns
The critical path consists of the following:
	'urem' operation ('tmp_2_i_i', Game_logic/Game_logic.cpp:49->Game_logic/Game_logic.cpp:54->Game_logic/Game_logic.cpp:106) [87]  (3.5 ns)

 <State 66>: 3.5ns
The critical path consists of the following:
	'urem' operation ('tmp_2_i_i', Game_logic/Game_logic.cpp:49->Game_logic/Game_logic.cpp:54->Game_logic/Game_logic.cpp:106) [87]  (3.5 ns)

 <State 67>: 3.5ns
The critical path consists of the following:
	'urem' operation ('tmp_2_i_i', Game_logic/Game_logic.cpp:49->Game_logic/Game_logic.cpp:54->Game_logic/Game_logic.cpp:106) [87]  (3.5 ns)

 <State 68>: 3.5ns
The critical path consists of the following:
	'urem' operation ('tmp_2_i_i', Game_logic/Game_logic.cpp:49->Game_logic/Game_logic.cpp:54->Game_logic/Game_logic.cpp:106) [87]  (3.5 ns)

 <State 69>: 6.76ns
The critical path consists of the following:
	'urem' operation ('tmp_2_i_i', Game_logic/Game_logic.cpp:49->Game_logic/Game_logic.cpp:54->Game_logic/Game_logic.cpp:106) [87]  (3.5 ns)
	'icmp' operation ('tmp_3_i1', Game_logic/Game_logic.cpp:55->Game_logic/Game_logic.cpp:106) [91]  (1.49 ns)
	'store' operation (Game_logic/Game_logic.cpp:106) of variable 'tmp_3_i1', Game_logic/Game_logic.cpp:55->Game_logic/Game_logic.cpp:106 on static variable 'btn3_verify' [92]  (1.77 ns)

 <State 70>: 2.79ns
The critical path consists of the following:
	'load' operation ('btn1_verify_load', Game_logic/Game_logic.cpp:62->Game_logic/Game_logic.cpp:111) on static variable 'btn1_verify' [99]  (0 ns)
	'xor' operation ('tmp_i1', Game_logic/Game_logic.cpp:62->Game_logic/Game_logic.cpp:111) [100]  (0 ns)
	'or' operation ('or_cond3_i', Game_logic/Game_logic.cpp:62->Game_logic/Game_logic.cpp:111) [106]  (0 ns)
	'xor' operation ('not_or_cond3_i', Game_logic/Game_logic.cpp:62->Game_logic/Game_logic.cpp:111) [107]  (0.978 ns)
	'store' operation (Game_logic/Game_logic.cpp:111) of variable 'not_or_cond3_i', Game_logic/Game_logic.cpp:62->Game_logic/Game_logic.cpp:111 on static variable 'newRound' [108]  (1.81 ns)


============================================================
+ Verbose Summary: Binding
============================================================
N/A
* FSMD analyzer results:
  - Output states:
 - Input state : 
  - Chain level:
	State 1
	State 2
	State 3
	State 4
	State 5
	State 6
	State 7
	State 8
	State 9
	State 10
	State 11
	State 12
	State 13
	State 14
	State 15
	State 16
	State 17
	State 18
	State 19
	State 20
	State 21
	State 22
	State 23
	State 24
	State 25
	State 26
	State 27
	State 28
	State 29
	State 30
	State 31
	State 32
	State 33
	State 34
	State 35
	State 36
	State 37
	State 38
	State 39
	State 40
	State 41
	State 42
	State 43
	State 44
	State 45
	State 46
	State 47
	State 48
	State 49
	State 50
	State 51
	State 52
	State 53
	State 54
	State 55
	State 56
	State 57
	State 58
	State 59
	State 60
	State 61
	State 62
	State 63
	State 64
	State 65
	State 66
	State 67
	State 68
	State 69
	State 70


============================================================
+ Verbose Summary: Datapath Resource usage 
============================================================
N/A
