#-----------------------------------------------------------
# Vivado v2018.3 (64-bit)
# SW Build 2405991 on Thu Dec  6 23:38:27 MST 2018
# IP Build 2404404 on Fri Dec  7 01:43:56 MST 2018
# Start of session at: Tue Apr 16 12:42:24 2019
# Process ID: 16096
# Current directory: D:/FPGA_WORKSPACES/FPGA_Final_Project/FPGA__Proj/HDMI_game_project
# Command line: vivado.exe -gui_launcher_event rodinguilauncherevent20524 D:\FPGA_WORKSPACES\FPGA_Final_Project\FPGA__Proj\HDMI_game_project\HDMI_game_project.xpr
# Log file: D:/FPGA_WORKSPACES/FPGA_Final_Project/FPGA__Proj/HDMI_game_project/vivado.log
# Journal file: D:/FPGA_WORKSPACES/FPGA_Final_Project/FPGA__Proj/HDMI_game_project\vivado.jou
#-----------------------------------------------------------
start_guiopen_project D:/FPGA_WORKSPACES/FPGA_Final_Project/FPGA__Proj/HDMI_game_project/HDMI_game_project.xpr
SScanning sources...FFinished scanning sourcesINFO: [IP_Flow 19-234] Refreshing IP repositories
INFO: [IP_Flow 19-1704] No user IP repositories specified
IINFO: [IP_Flow 19-2313] Loaded Vivado IP repository 'C:/Xilinx/Vivado/2018.3/data/ip'.oopen_project: Time (s): cpu = 00:00:37 ; elapsed = 00:00:18 . Memory (MB): peak = 733.570 ; gain = 117.57update_compile_order -fileset sources_1
exopen_run impl_1
INFO: [Netlist 29-17] Analyzing 4 Unisim elements for replacement
INFO: [Netlist 29-28] Unisim Transformation completed in 0 CPU seconds
INFO: [Project 1-479] Netlist was created with Vivado 2018.3
INFO: [Device 21-403] Loading part xc7z020clg400-1
INFO: [Project 1-570] Preparing netlist for logic optimization
INFO: [Timing 38-478] Restoring timing data from binary archive.
INFO: [Timing 38-479] Binary timing data restore complete.
INFO: [Project 1-856] Restoring constraints from binary archive.
INFO: [Project 1-853] Binary constraint restore complete.
Reading XDEF placement.
Reading placer database...
Reading XDEF routing.
Read XDEF File: Time (s): cpu = 00:00:00 ; elapsed = 00:00:00.129 . Memory (MB): peak = 1655.750 ; gain = 0.000
Restored from archive | CPU: 0.000000 secs | Memory: 0.000000 MB |
Finished XDEF File Restore: Time (s): cpu = 00:00:00 ; elapsed = 00:00:00.129 . Memory (MB): peak = 1655.750 ; gain = 0.000
Netlist sorting complete. Time (s): cpu = 00:00:00 ; elapsed = 00:00:00 . Memory (MB): peak = 1655.750 ; gain = 0.000
INFO: [Project 1-111] Unisim Transformation Summary:
  A total of 1 instances were transformed.
  OBUFDS => OBUFDS_DUAL_BUF (INV, OBUFDS, OBUFDS): 1 instances

open_run: Time (s): cpu = 00:00:50 ; elapsed = 00:00:39 . Memory (MB): peak = 1772.551 ; gain = 982.957
WARNING: [Timing 38-313] There are no user specified timing constraints. Timing constraints are needed for proper timing analysis.
open_bd_design {D:/FPGA_WORKSPACES/FPGA_Final_Project/FPGA__Proj/HDMI_game_project/HDMI_game_project.srcs/sources_1/bd/Testing_HDMI/Testing_HDMI.bd}
Adding cell -- xilinx.com:module_ref:HDMI_test:1.0 - HDMI_test_0
Adding cell -- xilinx.com:ip:clk_wiz:6.0 - clk_wiz_0
WARNING: [BD 41-1731] Type mismatch between connected pins: /clk_wiz_0/clk_out1(clk) and /HDMI_test_0/pixclk(undef)
WARNING: [BD 41-1731] Type mismatch between connected pins: /clk_wiz_0/clk_out2(clk) and /HDMI_test_0/DCM_TMDS_CLKFX(undef)
Successfully read diagram <Testing_HDMI> from BD file <D:/FPGA_WORKSPACES/FPGA_Final_Project/FPGA__Proj/HDMI_game_project/HDMI_game_project.srcs/sources_1/bd/Testing_HDMI/Testing_HDMI.bd>
open_bd_design: Time (s): cpu = 00:00:17 ; elapsed = 00:00:17 . Memory (MB): peak = 1844.840 ; gain = 49.930
reset_run synth_1
launch_runs impl_1 -to_step write_bitstream -jobs 8
[Tue Apr 16 13:17:36 2019] Launched synth_1...
Run output will be captured here: D:/FPGA_WORKSPACES/FPGA_Final_Project/FPGA__Proj/HDMI_game_project/HDMI_game_project.runs/synth_1/runme.log
[Tue Apr 16 13:17:37 2019] Launched impl_1...
Run output will be captured here: D:/FPGA_WORKSPACES/FPGA_Final_Project/FPGA__Proj/HDMI_game_project/HDMI_game_project.runs/impl_1/runme.log
reset_run synth_1
WARNING: [Vivado 12-1017] Problems encountered:
1. PID not specified

launch_runs impl_1 -to_step write_bitstream -jobs 8
[Tue Apr 16 13:17:44 2019] Launched synth_1...
Run output will be captured here: D:/FPGA_WORKSPACES/FPGA_Final_Project/FPGA__Proj/HDMI_game_project/HDMI_game_project.runs/synth_1/runme.log
[Tue Apr 16 13:17:44 2019] Launched impl_1...
Run output will be captured here: D:/FPGA_WORKSPACES/FPGA_Final_Project/FPGA__Proj/HDMI_game_project/HDMI_game_project.runs/impl_1/runme.log
reset_run synth_1
launch_runs impl_1 -to_step write_bitstream -jobs 8
[Tue Apr 16 13:21:53 2019] Launched synth_1...
Run output will be captured here: D:/FPGA_WORKSPACES/FPGA_Final_Project/FPGA__Proj/HDMI_game_project/HDMI_game_project.runs/synth_1/runme.log
[Tue Apr 16 13:21:53 2019] Launched impl_1...
Run output will be captured here: D:/FPGA_WORKSPACES/FPGA_Final_Project/FPGA__Proj/HDMI_game_project/HDMI_game_project.runs/impl_1/runme.log
make_wrapper -files [get_files D:/FPGA_WORKSPACES/FPGA_Final_Project/FPGA__Proj/HDMI_game_project/HDMI_game_project.srcs/sources_1/bd/Testing_HDMI/Testing_HDMI.bd] -top
Wrote  : <D:\FPGA_WORKSPACES\FPGA_Final_Project\FPGA__Proj\HDMI_game_project\HDMI_game_project.srcs\sources_1\bd\Testing_HDMI\Testing_HDMI.bd> 
Wrote  : <D:/FPGA_WORKSPACES/FPGA_Final_Project/FPGA__Proj/HDMI_game_project/HDMI_game_project.srcs/sources_1/bd/Testing_HDMI/ui/bd_96043947.ui> 
VHDL Output written to : D:/FPGA_WORKSPACES/FPGA_Final_Project/FPGA__Proj/HDMI_game_project/HDMI_game_project.srcs/sources_1/bd/Testing_HDMI/synth/Testing_HDMI.v
VHDL Output written to : D:/FPGA_WORKSPACES/FPGA_Final_Project/FPGA__Proj/HDMI_game_project/HDMI_game_project.srcs/sources_1/bd/Testing_HDMI/sim/Testing_HDMI.v
VHDL Output written to : D:/FPGA_WORKSPACES/FPGA_Final_Project/FPGA__Proj/HDMI_game_project/HDMI_game_project.srcs/sources_1/bd/Testing_HDMI/hdl/Testing_HDMI_wrapper.v
add_files -norecurse D:/FPGA_WORKSPACES/FPGA_Final_Project/FPGA__Proj/HDMI_game_project/HDMI_game_project.srcs/sources_1/bd/Testing_HDMI/hdl/Testing_HDMI_wrapper.v
update_compile_order -fileset sources_1
set_property top Testing_HDMI_wrapper [current_fileset]
update_compile_order -fileset sources_1
update_module_reference Testing_HDMI_HDMI_test_0_0
INFO: [IP_Flow 19-5107] Inferred bus interface 'TMDSn_clock' of definition 'xilinx.com:signal:clock:1.0' (from Xilinx Repository).
INFO: [IP_Flow 19-5107] Inferred bus interface 'TMDSp_clock' of definition 'xilinx.com:signal:clock:1.0' (from Xilinx Repository).
WARNING: [IP_Flow 19-3153] Bus Interface 'TMDSn_clock': ASSOCIATED_BUSIF bus parameter is missing.
CRITICAL WARNING: [IP_Flow 19-4751] Bus Interface 'TMDSn_clock': FREQ_HZ bus parameter is missing for output clock interface.
WARNING: [IP_Flow 19-3153] Bus Interface 'TMDSp_clock': ASSOCIATED_BUSIF bus parameter is missing.
CRITICAL WARNING: [IP_Flow 19-4751] Bus Interface 'TMDSp_clock': FREQ_HZ bus parameter is missing for output clock interface.
INFO: [IP_Flow 19-234] Refreshing IP repositories
INFO: [IP_Flow 19-1704] No user IP repositories specified
Upgrading 'D:/FPGA_WORKSPACES/FPGA_Final_Project/FPGA__Proj/HDMI_game_project/HDMI_game_project.srcs/sources_1/bd/Testing_HDMI/Testing_HDMI.bd'
INFO: [IP_Flow 19-1972] Upgraded Testing_HDMI_HDMI_test_0_0 from HDMI_test_v1_0 1.0 to HDMI_test_v1_0 1.0
WARNING: [IP_Flow 19-4700] Upgrade has removed port 'XY_Blue'
WARNING: [IP_Flow 19-4700] Upgrade has removed port 'XY_Green'
WARNING: [IP_Flow 19-4700] Upgrade has removed port 'XY_Red'
WARNING: [IP_Flow 19-4698] Upgrade has added port 'btn0'
WARNING: [IP_Flow 19-4698] Upgrade has added port 'btn1'
WARNING: [IP_Flow 19-4698] Upgrade has added port 'btn2'
WARNING: [IP_Flow 19-4698] Upgrade has added port 'btn3'
WARNING: [IP_Flow 19-3298] Detected external port differences while upgrading 'Testing_HDMI_HDMI_test_0_0'. These changes may impact your design.
WARNING: [BD 41-1731] Type mismatch between connected pins: /clk_wiz_0/clk_out1(clk) and /HDMI_test_0_upgraded_ipi/pixclk(undef)
WARNING: [BD 41-1731] Type mismatch between connected pins: /clk_wiz_0/clk_out2(clk) and /HDMI_test_0_upgraded_ipi/DCM_TMDS_CLKFX(undef)
CRITICAL WARNING: [BD 41-1167] The pin 'XY_Red' is not found on the upgraded version of the cell '/HDMI_test_0'. Its connection to the net 'btn_0_1' has been removed.
CRITICAL WARNING: [BD 41-1167] The pin 'XY_Green' is not found on the upgraded version of the cell '/HDMI_test_0'. Its connection to the net 'btn_1_1' has been removed.
CRITICAL WARNING: [BD 41-1167] The pin 'XY_Blue' is not found on the upgraded version of the cell '/HDMI_test_0'. Its connection to the net 'btn_2_1' has been removed.
CRITICAL WARNING: [Coretcl 2-1280] The upgrade of 'Testing_HDMI_HDMI_test_0_0' has identified issues that may require user intervention. Please verify that the instance is correctly configured, and review any upgrade messages.
Wrote  : <D:\FPGA_WORKSPACES\FPGA_Final_Project\FPGA__Proj\HDMI_game_project\HDMI_game_project.srcs\sources_1\bd\Testing_HDMI\Testing_HDMI.bd> 
Wrote  : <D:/FPGA_WORKSPACES/FPGA_Final_Project/FPGA__Proj/HDMI_game_project/HDMI_game_project.srcs/sources_1/bd/Testing_HDMI/ui/bd_96043947.ui> 
reset_run synth_1
launch_runs synth_1 -jobs 8
CRITICAL WARNING: [BD 41-759] The input pins (listed below) are either not connected or do not have a source port, and they don't have a tie-off specified. These pins are tied-off to all 0's to avoid error in Implementation flow.
Please check your design and connect them as needed: 
/HDMI_test_0/btn0
/HDMI_test_0/btn1
/HDMI_test_0/btn2
/HDMI_test_0/btn3

Wrote  : <D:\FPGA_WORKSPACES\FPGA_Final_Project\FPGA__Proj\HDMI_game_project\HDMI_game_project.srcs\sources_1\bd\Testing_HDMI\Testing_HDMI.bd> 
VHDL Output written to : D:/FPGA_WORKSPACES/FPGA_Final_Project/FPGA__Proj/HDMI_game_project/HDMI_game_project.srcs/sources_1/bd/Testing_HDMI/synth/Testing_HDMI.v
VHDL Output written to : D:/FPGA_WORKSPACES/FPGA_Final_Project/FPGA__Proj/HDMI_game_project/HDMI_game_project.srcs/sources_1/bd/Testing_HDMI/sim/Testing_HDMI.v
VHDL Output written to : D:/FPGA_WORKSPACES/FPGA_Final_Project/FPGA__Proj/HDMI_game_project/HDMI_game_project.srcs/sources_1/bd/Testing_HDMI/hdl/Testing_HDMI_wrapper.v
INFO: [BD 41-1029] Generation completed for the IP Integrator block HDMI_test_0 .
INFO: [BD 41-1029] Generation completed for the IP Integrator block clk_wiz_0 .
Exporting to file D:/FPGA_WORKSPACES/FPGA_Final_Project/FPGA__Proj/HDMI_game_project/HDMI_game_project.srcs/sources_1/bd/Testing_HDMI/hw_handoff/Testing_HDMI.hwh
Generated Block Design Tcl file D:/FPGA_WORKSPACES/FPGA_Final_Project/FPGA__Proj/HDMI_game_project/HDMI_game_project.srcs/sources_1/bd/Testing_HDMI/hw_handoff/Testing_HDMI_bd.tcl
Generated Hardware Definition File D:/FPGA_WORKSPACES/FPGA_Final_Project/FPGA__Proj/HDMI_game_project/HDMI_game_project.srcs/sources_1/bd/Testing_HDMI/synth/Testing_HDMI.hwdef
[Tue Apr 16 13:45:58 2019] Launched Testing_HDMI_clk_wiz_0_0_synth_1, Testing_HDMI_HDMI_test_0_0_synth_1...
Run output will be captured here:
Testing_HDMI_clk_wiz_0_0_synth_1: D:/FPGA_WORKSPACES/FPGA_Final_Project/FPGA__Proj/HDMI_game_project/HDMI_game_project.runs/Testing_HDMI_clk_wiz_0_0_synth_1/runme.log
Testing_HDMI_HDMI_test_0_0_synth_1: D:/FPGA_WORKSPACES/FPGA_Final_Project/FPGA__Proj/HDMI_game_project/HDMI_game_project.runs/Testing_HDMI_HDMI_test_0_0_synth_1/runme.log
[Tue Apr 16 13:45:58 2019] Launched synth_1...
Run output will be captured here: D:/FPGA_WORKSPACES/FPGA_Final_Project/FPGA__Proj/HDMI_game_project/HDMI_game_project.runs/synth_1/runme.log
launch_runs: Time (s): cpu = 00:00:05 ; elapsed = 00:00:09 . Memory (MB): peak = 2616.629 ; gain = 35.566
launch_runs impl_1 -jobs 8
[Tue Apr 16 13:52:05 2019] Launched impl_1...
Run output will be captured here: D:/FPGA_WORKSPACES/FPGA_Final_Project/FPGA__Proj/HDMI_game_project/HDMI_game_project.runs/impl_1/runme.log
connect_bd_net [get_bd_ports btn_0] [get_bd_pins HDMI_test_0/btn0]
connect_bd_net [get_bd_ports btn_1] [get_bd_pins HDMI_test_0/btn1]
connect_bd_net [get_bd_ports btn_2] [get_bd_pins HDMI_test_0/btn2]
create_bd_port -dir I btn_3
connect_bd_net [get_bd_ports btn_3] [get_bd_pins HDMI_test_0/btn3]
set_property location {601 18} [get_bd_ports LED_4_Port]
missing operand at _@_
in expression "(10.000 / 1.0) * _@_"
missing operand at _@_
in expression "1000 / _@_"
missing operand at _@_
in expression "1000 / _@_"
missing operand at _@_
in expression "(10.000 / 1.0) * _@_"
missing operand at _@_
in expression "(10.000 / 1.0) * _@_"
expected floating-point number but got ""
missing operand at _@_
in expression " _@_*1.0 / 25"
missing operand at _@_
in expression " _@_*1.0 / 25"
missing operand at _@_
in expression " _@_*1.0 / 25"
missing operand at _@_
in expression " _@_*1.0 / 25"
missing operand at _@_
in expression " _@_*1.0 / 25"
missing operand at _@_
in expression "(10.000 * _@_) / (1)"
missing operand at _@_
in expression "(10.000 * _@_) / (1)"
missing operand at _@_
in expression "(10.000 * _@_) / (1)"
missing operand at _@_
in expression "(10.000 * _@_) / (1)"
missing operand at _@_
in expression "(10.000 * _@_) / (1)"
missing operand at _@_
in expression "(10.000 * _@_) / (1)"
missing operand at _@_
in expression "(10.000 * _@_) / (1)"
missing operand at _@_
in expression "(10.000 * _@_) / (1)"
missing operand at _@_
in expression "(10.000 * _@_) / (1)"
missing operand at _@_
in expression "(10.000 * _@_) / (1)"
missing operand at _@_
in expression "(10.000 * _@_) / (1)"
missing operand at _@_
in expression "(10.000 * _@_) / (1)"
missing operand at _@_
in expression "(10.000 * _@_) / (1)"
missing operand at _@_
in expression "(10.000 * _@_) / (1)"
missing operand at _@_
in expression "1000 / _@_"
startgroup
set_property -dict [list CONFIG.PRIM_IN_FREQ {125} CONFIG.CLKIN1_JITTER_PS {80.0} CONFIG.MMCM_DIVCLK_DIVIDE {1} CONFIG.MMCM_CLKFBOUT_MULT_F {8.000} CONFIG.MMCM_CLKIN1_PERIOD {8.000} CONFIG.CLKOUT1_JITTER {165.419} CONFIG.CLKOUT1_PHASE_ERROR {96.948} CONFIG.CLKOUT2_JITTER {104.759} CONFIG.CLKOUT2_PHASE_ERROR {96.948}] [get_bd_cells clk_wiz_0]
endgroup
save_bd_design
Wrote  : <D:\FPGA_WORKSPACES\FPGA_Final_Project\FPGA__Proj\HDMI_game_project\HDMI_game_project.srcs\sources_1\bd\Testing_HDMI\Testing_HDMI.bd> 
Wrote  : <D:/FPGA_WORKSPACES/FPGA_Final_Project/FPGA__Proj/HDMI_game_project/HDMI_game_project.srcs/sources_1/bd/Testing_HDMI/ui/bd_96043947.ui> 
reset_run synth_1
reset_run Testing_HDMI_clk_wiz_0_0_synth_1
launch_runs impl_1 -to_step write_bitstream -jobs 8
Wrote  : <D:\FPGA_WORKSPACES\FPGA_Final_Project\FPGA__Proj\HDMI_game_project\HDMI_game_project.srcs\sources_1\bd\Testing_HDMI\Testing_HDMI.bd> 
VHDL Output written to : D:/FPGA_WORKSPACES/FPGA_Final_Project/FPGA__Proj/HDMI_game_project/HDMI_game_project.srcs/sources_1/bd/Testing_HDMI/synth/Testing_HDMI.v
VHDL Output written to : D:/FPGA_WORKSPACES/FPGA_Final_Project/FPGA__Proj/HDMI_game_project/HDMI_game_project.srcs/sources_1/bd/Testing_HDMI/sim/Testing_HDMI.v
VHDL Output written to : D:/FPGA_WORKSPACES/FPGA_Final_Project/FPGA__Proj/HDMI_game_project/HDMI_game_project.srcs/sources_1/bd/Testing_HDMI/hdl/Testing_HDMI_wrapper.v
INFO: [BD 41-1029] Generation completed for the IP Integrator block HDMI_test_0 .
INFO: [BD 41-1029] Generation completed for the IP Integrator block clk_wiz_0 .
Exporting to file D:/FPGA_WORKSPACES/FPGA_Final_Project/FPGA__Proj/HDMI_game_project/HDMI_game_project.srcs/sources_1/bd/Testing_HDMI/hw_handoff/Testing_HDMI.hwh
Generated Block Design Tcl file D:/FPGA_WORKSPACES/FPGA_Final_Project/FPGA__Proj/HDMI_game_project/HDMI_game_project.srcs/sources_1/bd/Testing_HDMI/hw_handoff/Testing_HDMI_bd.tcl
Generated Hardware Definition File D:/FPGA_WORKSPACES/FPGA_Final_Project/FPGA__Proj/HDMI_game_project/HDMI_game_project.srcs/sources_1/bd/Testing_HDMI/synth/Testing_HDMI.hwdef
[Tue Apr 16 13:56:14 2019] Launched Testing_HDMI_clk_wiz_0_0_synth_1, synth_1...
Run output will be captured here:
Testing_HDMI_clk_wiz_0_0_synth_1: D:/FPGA_WORKSPACES/FPGA_Final_Project/FPGA__Proj/HDMI_game_project/HDMI_game_project.runs/Testing_HDMI_clk_wiz_0_0_synth_1/runme.log
synth_1: D:/FPGA_WORKSPACES/FPGA_Final_Project/FPGA__Proj/HDMI_game_project/HDMI_game_project.runs/synth_1/runme.log
[Tue Apr 16 13:56:14 2019] Launched impl_1...
Run output will be captured here: D:/FPGA_WORKSPACES/FPGA_Final_Project/FPGA__Proj/HDMI_game_project/HDMI_game_project.runs/impl_1/runme.log
launch_runs: Time (s): cpu = 00:00:04 ; elapsed = 00:00:08 . Memory (MB): peak = 2685.500 ; gain = 32.707
delete_bd_objs [get_bd_ports LED_4_Port]
create_bd_port -dir O hdmi_tx_hpdn
startgroup
connect_bd_net [get_bd_ports hdmi_tx_hpdn] [get_bd_pins HDMI_test_0/hdmi_hpd_tri_o]
endgroup
set_property location {569 -5} [get_bd_ports hdmi_tx_hpdn]
create_bd_port -dir O hdmi_tx_clk_p
set_property location {595 23} [get_bd_ports hdmi_tx_clk_p]
connect_bd_net [get_bd_ports hdmi_tx_clk_p] [get_bd_pins HDMI_test_0/TMDSp_clock]
create_bd_port -dir I hdmi_tx_clk_n
delete_bd_objs [get_bd_ports hdmi_tx_clk_n]
create_bd_port -dir O hdmi_tx_clk_n
set_property location {632 62} [get_bd_ports hdmi_tx_clk_n]
connect_bd_net [get_bd_ports hdmi_tx_clk_n] [get_bd_pins HDMI_test_0/TMDSn_clock]
update_module_reference Testing_HDMI_HDMI_test_0_0
INFO: [IP_Flow 19-5107] Inferred bus interface 'TMDSn_clock' of definition 'xilinx.com:signal:clock:1.0' (from Xilinx Repository).
INFO: [IP_Flow 19-5107] Inferred bus interface 'TMDSp_clock' of definition 'xilinx.com:signal:clock:1.0' (from Xilinx Repository).
WARNING: [IP_Flow 19-3153] Bus Interface 'TMDSn_clock': ASSOCIATED_BUSIF bus parameter is missing.
CRITICAL WARNING: [IP_Flow 19-4751] Bus Interface 'TMDSn_clock': FREQ_HZ bus parameter is missing for output clock interface.
WARNING: [IP_Flow 19-3153] Bus Interface 'TMDSp_clock': ASSOCIATED_BUSIF bus parameter is missing.
CRITICAL WARNING: [IP_Flow 19-4751] Bus Interface 'TMDSp_clock': FREQ_HZ bus parameter is missing for output clock interface.
INFO: [IP_Flow 19-234] Refreshing IP repositories
INFO: [IP_Flow 19-1704] No user IP repositories specified
Upgrading 'D:/FPGA_WORKSPACES/FPGA_Final_Project/FPGA__Proj/HDMI_game_project/HDMI_game_project.srcs/sources_1/bd/Testing_HDMI/Testing_HDMI.bd'
WARNING: [Vivado 12-1017] Problems encountered:
1. Failed to delete one or more files in run directory D:/FPGA_WORKSPACES/FPGA_Final_Project/FPGA__Proj/HDMI_game_project/HDMI_game_project.runs/Testing_HDMI_HDMI_test_0_0_synth_1

INFO: [IP_Flow 19-1972] Upgraded Testing_HDMI_HDMI_test_0_0 from HDMI_test_v1_0 1.0 to HDMI_test_v1_0 1.0
WARNING: [IP_Flow 19-4700] Upgrade has removed port 'x_value'
WARNING: [IP_Flow 19-4700] Upgrade has removed port 'y_value'
WARNING: [IP_Flow 19-3298] Detected external port differences while upgrading 'Testing_HDMI_HDMI_test_0_0'. These changes may impact your design.
WARNING: [BD 41-1731] Type mismatch between connected pins: /clk_wiz_0/clk_out1(clk) and /HDMI_test_0_upgraded_ipi/pixclk(undef)
WARNING: [BD 41-1731] Type mismatch between connected pins: /clk_wiz_0/clk_out2(clk) and /HDMI_test_0_upgraded_ipi/DCM_TMDS_CLKFX(undef)
CRITICAL WARNING: [Coretcl 2-1280] The upgrade of 'Testing_HDMI_HDMI_test_0_0' has identified issues that may require user intervention. Please verify that the instance is correctly configured, and review any upgrade messages.
Wrote  : <D:\FPGA_WORKSPACES\FPGA_Final_Project\FPGA__Proj\HDMI_game_project\HDMI_game_project.srcs\sources_1\bd\Testing_HDMI\Testing_HDMI.bd> 
Wrote  : <D:/FPGA_WORKSPACES/FPGA_Final_Project/FPGA__Proj/HDMI_game_project/HDMI_game_project.srcs/sources_1/bd/Testing_HDMI/ui/bd_96043947.ui> 
reset_run synth_1
launch_runs impl_1 -to_step write_bitstream -jobs 8
WARNING: [BD 41-927] Following properties on pin /HDMI_test_0/TMDSp_clock have been updated from connected ip. They may not be synchronized with cell properties. You can set property on pin directly to confirm the value and resolve the warning.
	CLK_DOMAIN=Testing_HDMI_HDMI_test_0_0_TMDSp_clock 
WARNING: [BD 41-927] Following properties on pin /HDMI_test_0/TMDSn_clock have been updated from connected ip. They may not be synchronized with cell properties. You can set property on pin directly to confirm the value and resolve the warning.
	CLK_DOMAIN=Testing_HDMI_HDMI_test_0_0_TMDSn_clock 
Wrote  : <D:\FPGA_WORKSPACES\FPGA_Final_Project\FPGA__Proj\HDMI_game_project\HDMI_game_project.srcs\sources_1\bd\Testing_HDMI\Testing_HDMI.bd> 
VHDL Output written to : D:/FPGA_WORKSPACES/FPGA_Final_Project/FPGA__Proj/HDMI_game_project/HDMI_game_project.srcs/sources_1/bd/Testing_HDMI/synth/Testing_HDMI.v
VHDL Output written to : D:/FPGA_WORKSPACES/FPGA_Final_Project/FPGA__Proj/HDMI_game_project/HDMI_game_project.srcs/sources_1/bd/Testing_HDMI/sim/Testing_HDMI.v
VHDL Output written to : D:/FPGA_WORKSPACES/FPGA_Final_Project/FPGA__Proj/HDMI_game_project/HDMI_game_project.srcs/sources_1/bd/Testing_HDMI/hdl/Testing_HDMI_wrapper.v
INFO: [BD 41-1029] Generation completed for the IP Integrator block HDMI_test_0 .
INFO: [BD 41-1029] Generation completed for the IP Integrator block clk_wiz_0 .
Exporting to file D:/FPGA_WORKSPACES/FPGA_Final_Project/FPGA__Proj/HDMI_game_project/HDMI_game_project.srcs/sources_1/bd/Testing_HDMI/hw_handoff/Testing_HDMI.hwh
Generated Block Design Tcl file D:/FPGA_WORKSPACES/FPGA_Final_Project/FPGA__Proj/HDMI_game_project/HDMI_game_project.srcs/sources_1/bd/Testing_HDMI/hw_handoff/Testing_HDMI_bd.tcl
Generated Hardware Definition File D:/FPGA_WORKSPACES/FPGA_Final_Project/FPGA__Proj/HDMI_game_project/HDMI_game_project.srcs/sources_1/bd/Testing_HDMI/synth/Testing_HDMI.hwdef
[Tue Apr 16 14:00:57 2019] Launched Testing_HDMI_HDMI_test_0_0_synth_1, synth_1...
Run output will be captured here:
Testing_HDMI_HDMI_test_0_0_synth_1: D:/FPGA_WORKSPACES/FPGA_Final_Project/FPGA__Proj/HDMI_game_project/HDMI_game_project.runs/Testing_HDMI_HDMI_test_0_0_synth_1/runme.log
synth_1: D:/FPGA_WORKSPACES/FPGA_Final_Project/FPGA__Proj/HDMI_game_project/HDMI_game_project.runs/synth_1/runme.log
[Tue Apr 16 14:00:57 2019] Launched impl_1...
Run output will be captured here: D:/FPGA_WORKSPACES/FPGA_Final_Project/FPGA__Proj/HDMI_game_project/HDMI_game_project.runs/impl_1/runme.log
launch_runs: Time (s): cpu = 00:00:02 ; elapsed = 00:00:07 . Memory (MB): peak = 2685.711 ; gain = 0.000
reset_run synth_1
launch_runs impl_1 -to_step write_bitstream -jobs 8
[Tue Apr 16 14:11:44 2019] Launched synth_1...
Run output will be captured here: D:/FPGA_WORKSPACES/FPGA_Final_Project/FPGA__Proj/HDMI_game_project/HDMI_game_project.runs/synth_1/runme.log
[Tue Apr 16 14:11:44 2019] Launched impl_1...
Run output will be captured here: D:/FPGA_WORKSPACES/FPGA_Final_Project/FPGA__Proj/HDMI_game_project/HDMI_game_project.runs/impl_1/runme.log
reset_run synth_1
update_module_reference Testing_HDMI_HDMI_test_0_0
INFO: [IP_Flow 19-5107] Inferred bus interface 'TMDSn_clock' of definition 'xilinx.com:signal:clock:1.0' (from Xilinx Repository).
INFO: [IP_Flow 19-5107] Inferred bus interface 'TMDSp_clock' of definition 'xilinx.com:signal:clock:1.0' (from Xilinx Repository).
WARNING: [IP_Flow 19-3153] Bus Interface 'TMDSn_clock': ASSOCIATED_BUSIF bus parameter is missing.
CRITICAL WARNING: [IP_Flow 19-4751] Bus Interface 'TMDSn_clock': FREQ_HZ bus parameter is missing for output clock interface.
WARNING: [IP_Flow 19-3153] Bus Interface 'TMDSp_clock': ASSOCIATED_BUSIF bus parameter is missing.
CRITICAL WARNING: [IP_Flow 19-4751] Bus Interface 'TMDSp_clock': FREQ_HZ bus parameter is missing for output clock interface.
INFO: [IP_Flow 19-234] Refreshing IP repositories
INFO: [IP_Flow 19-1704] No user IP repositories specified
Upgrading 'D:/FPGA_WORKSPACES/FPGA_Final_Project/FPGA__Proj/HDMI_game_project/HDMI_game_project.srcs/sources_1/bd/Testing_HDMI/Testing_HDMI.bd'
INFO: [IP_Flow 19-1972] Upgraded Testing_HDMI_HDMI_test_0_0 from HDMI_test_v1_0 1.0 to HDMI_test_v1_0 1.0
WARNING: [BD 41-1731] Type mismatch between connected pins: /clk_wiz_0/clk_out1(clk) and /HDMI_test_0_upgraded_ipi/pixclk(undef)
WARNING: [BD 41-1731] Type mismatch between connected pins: /clk_wiz_0/clk_out2(clk) and /HDMI_test_0_upgraded_ipi/DCM_TMDS_CLKFX(undef)
Wrote  : <D:\FPGA_WORKSPACES\FPGA_Final_Project\FPGA__Proj\HDMI_game_project\HDMI_game_project.srcs\sources_1\bd\Testing_HDMI\Testing_HDMI.bd> 
launch_runs impl_1 -to_step write_bitstream -jobs 8
WARNING: [BD 41-927] Following properties on pin /HDMI_test_0/TMDSp_clock have been updated from connected ip. They may not be synchronized with cell properties. You can set property on pin directly to confirm the value and resolve the warning.
	CLK_DOMAIN=Testing_HDMI_HDMI_test_0_0_TMDSp_clock 
WARNING: [BD 41-927] Following properties on pin /HDMI_test_0/TMDSn_clock have been updated from connected ip. They may not be synchronized with cell properties. You can set property on pin directly to confirm the value and resolve the warning.
	CLK_DOMAIN=Testing_HDMI_HDMI_test_0_0_TMDSn_clock 
Wrote  : <D:\FPGA_WORKSPACES\FPGA_Final_Project\FPGA__Proj\HDMI_game_project\HDMI_game_project.srcs\sources_1\bd\Testing_HDMI\Testing_HDMI.bd> 
VHDL Output written to : D:/FPGA_WORKSPACES/FPGA_Final_Project/FPGA__Proj/HDMI_game_project/HDMI_game_project.srcs/sources_1/bd/Testing_HDMI/synth/Testing_HDMI.v
VHDL Output written to : D:/FPGA_WORKSPACES/FPGA_Final_Project/FPGA__Proj/HDMI_game_project/HDMI_game_project.srcs/sources_1/bd/Testing_HDMI/sim/Testing_HDMI.v
VHDL Output written to : D:/FPGA_WORKSPACES/FPGA_Final_Project/FPGA__Proj/HDMI_game_project/HDMI_game_project.srcs/sources_1/bd/Testing_HDMI/hdl/Testing_HDMI_wrapper.v
INFO: [BD 41-1029] Generation completed for the IP Integrator block HDMI_test_0 .
INFO: [BD 41-1029] Generation completed for the IP Integrator block clk_wiz_0 .
Exporting to file D:/FPGA_WORKSPACES/FPGA_Final_Project/FPGA__Proj/HDMI_game_project/HDMI_game_project.srcs/sources_1/bd/Testing_HDMI/hw_handoff/Testing_HDMI.hwh
Generated Block Design Tcl file D:/FPGA_WORKSPACES/FPGA_Final_Project/FPGA__Proj/HDMI_game_project/HDMI_game_project.srcs/sources_1/bd/Testing_HDMI/hw_handoff/Testing_HDMI_bd.tcl
Generated Hardware Definition File D:/FPGA_WORKSPACES/FPGA_Final_Project/FPGA__Proj/HDMI_game_project/HDMI_game_project.srcs/sources_1/bd/Testing_HDMI/synth/Testing_HDMI.hwdef
[Tue Apr 16 14:12:26 2019] Launched Testing_HDMI_HDMI_test_0_0_synth_1, synth_1...
Run output will be captured here:
Testing_HDMI_HDMI_test_0_0_synth_1: D:/FPGA_WORKSPACES/FPGA_Final_Project/FPGA__Proj/HDMI_game_project/HDMI_game_project.runs/Testing_HDMI_HDMI_test_0_0_synth_1/runme.log
synth_1: D:/FPGA_WORKSPACES/FPGA_Final_Project/FPGA__Proj/HDMI_game_project/HDMI_game_project.runs/synth_1/runme.log
[Tue Apr 16 14:12:26 2019] Launched impl_1...
Run output will be captured here: D:/FPGA_WORKSPACES/FPGA_Final_Project/FPGA__Proj/HDMI_game_project/HDMI_game_project.runs/impl_1/runme.log
launch_runs: Time (s): cpu = 00:00:02 ; elapsed = 00:00:06 . Memory (MB): peak = 2699.719 ; gain = 14.008
open_hw
connect_hw_server
INFO: [Labtools 27-2285] Connecting to hw_server url TCP:localhost:3121
INFO: [Labtools 27-2222] Launching hw_server...
INFO: [Labtools 27-2221] Launch Output:

****** Xilinx hw_server v2018.3
  **** Build date : Dec  7 2018-00:40:27
    ** Copyright 1986-2018 Xilinx, Inc. All Rights Reserved.


open_hw_target
INFO: [Labtoolstcl 44-466] Opening hw_target localhost:3121/xilinx_tcf/Digilent/003017A6DF1EA
open_hw_target: Time (s): cpu = 00:00:04 ; elapsed = 00:00:07 . Memory (MB): peak = 3624.695 ; gain = 917.844
set_property PROGRAM.FILE {D:/FPGA_WORKSPACES/FPGA_Final_Project/FPGA__Proj/HDMI_game_project/HDMI_game_project.runs/impl_1/Testing_HDMI_wrapper.bit} [get_hw_devices xc7z020_1]
current_hw_device [get_hw_devices xc7z020_1]
refresh_hw_device -update_hw_probes false [lindex [get_hw_devices xc7z020_1] 0]
INFO: [Labtools 27-1435] Device xc7z020 (JTAG device index = 1) is not programmed (DONE status = 0).
set_property PROBES.FILE {} [get_hw_devices xc7z020_1]
set_property FULL_PROBES.FILE {} [get_hw_devices xc7z020_1]
set_property PROGRAM.FILE {D:/FPGA_WORKSPACES/FPGA_Final_Project/FPGA__Proj/HDMI_game_project/HDMI_game_project.runs/impl_1/Testing_HDMI_wrapper.bit} [get_hw_devices xc7z020_1]
program_hw_devices [get_hw_devices xc7z020_1]
INFO: [Labtools 27-3164] End of startup status: HIGH
refresh_hw_device [lindex [get_hw_devices xc7z020_1] 0]
INFO: [Labtools 27-1434] Device xc7z020 (JTAG device index = 1) is programmed with a design that has no supported debug core(s) in it.
update_module_reference Testing_HDMI_HDMI_test_0_0
INFO: [IP_Flow 19-5107] Inferred bus interface 'TMDSn_clock' of definition 'xilinx.com:signal:clock:1.0' (from Xilinx Repository).
INFO: [IP_Flow 19-5107] Inferred bus interface 'TMDSp_clock' of definition 'xilinx.com:signal:clock:1.0' (from Xilinx Repository).
WARNING: [IP_Flow 19-3153] Bus Interface 'TMDSn_clock': ASSOCIATED_BUSIF bus parameter is missing.
CRITICAL WARNING: [IP_Flow 19-4751] Bus Interface 'TMDSn_clock': FREQ_HZ bus parameter is missing for output clock interface.
WARNING: [IP_Flow 19-3153] Bus Interface 'TMDSp_clock': ASSOCIATED_BUSIF bus parameter is missing.
CRITICAL WARNING: [IP_Flow 19-4751] Bus Interface 'TMDSp_clock': FREQ_HZ bus parameter is missing for output clock interface.
INFO: [IP_Flow 19-234] Refreshing IP repositories
INFO: [IP_Flow 19-1704] No user IP repositories specified
Upgrading 'D:/FPGA_WORKSPACES/FPGA_Final_Project/FPGA__Proj/HDMI_game_project/HDMI_game_project.srcs/sources_1/bd/Testing_HDMI/Testing_HDMI.bd'
WARNING: [Vivado 12-1017] Problems encountered:
1. Failed to delete one or more files in run directory D:/FPGA_WORKSPACES/FPGA_Final_Project/FPGA__Proj/HDMI_game_project/HDMI_game_project.runs/Testing_HDMI_HDMI_test_0_0_synth_1

INFO: [IP_Flow 19-1972] Upgraded Testing_HDMI_HDMI_test_0_0 from HDMI_test_v1_0 1.0 to HDMI_test_v1_0 1.0
WARNING: [BD 41-1731] Type mismatch between connected pins: /clk_wiz_0/clk_out1(clk) and /HDMI_test_0_upgraded_ipi/pixclk(undef)
WARNING: [BD 41-1731] Type mismatch between connected pins: /clk_wiz_0/clk_out2(clk) and /HDMI_test_0_upgraded_ipi/DCM_TMDS_CLKFX(undef)
Wrote  : <D:\FPGA_WORKSPACES\FPGA_Final_Project\FPGA__Proj\HDMI_game_project\HDMI_game_project.srcs\sources_1\bd\Testing_HDMI\Testing_HDMI.bd> 
set_property PROBES.FILE {} [get_hw_devices xc7z020_1]
set_property FULL_PROBES.FILE {} [get_hw_devices xc7z020_1]
set_property PROGRAM.FILE {D:/FPGA_WORKSPACES/FPGA_Final_Project/FPGA__Proj/HDMI_game_project/HDMI_game_project.runs/impl_1/Testing_HDMI_wrapper.bit} [get_hw_devices xc7z020_1]
program_hw_devices [get_hw_devices xc7z020_1]
INFO: [Labtools 27-3164] End of startup status: HIGH
refresh_hw_device [lindex [get_hw_devices xc7z020_1] 0]
INFO: [Labtools 27-1434] Device xc7z020 (JTAG device index = 1) is programmed with a design that has no supported debug core(s) in it.
set_property PROBES.FILE {} [get_hw_devices xc7z020_1]
set_property FULL_PROBES.FILE {} [get_hw_devices xc7z020_1]
set_property PROGRAM.FILE {D:/FPGA_WORKSPACES/FPGA_Final_Project/FPGA__Proj/HDMI_game_project/HDMI_game_project.runs/impl_1/Testing_HDMI_wrapper.bit} [get_hw_devices xc7z020_1]
program_hw_devices [get_hw_devices xc7z020_1]
INFO: [Labtools 27-3164] End of startup status: HIGH
refresh_hw_device [lindex [get_hw_devices xc7z020_1] 0]
INFO: [Labtools 27-1434] Device xc7z020 (JTAG device index = 1) is programmed with a design that has no supported debug core(s) in it.
reset_run synth_1
WARNING: [Vivado 12-1017] Problems encountered:
1. Failed to delete one or more files in run directory D:/FPGA_WORKSPACES/FPGA_Final_Project/FPGA__Proj/HDMI_game_project/HDMI_game_project.runs/synth_1

launch_runs impl_1 -to_step write_bitstream -jobs 8
WARNING: [BD 41-927] Following properties on pin /HDMI_test_0/TMDSp_clock have been updated from connected ip. They may not be synchronized with cell properties. You can set property on pin directly to confirm the value and resolve the warning.
	CLK_DOMAIN=Testing_HDMI_HDMI_test_0_0_TMDSp_clock 
WARNING: [BD 41-927] Following properties on pin /HDMI_test_0/TMDSn_clock have been updated from connected ip. They may not be synchronized with cell properties. You can set property on pin directly to confirm the value and resolve the warning.
	CLK_DOMAIN=Testing_HDMI_HDMI_test_0_0_TMDSn_clock 
Wrote  : <D:\FPGA_WORKSPACES\FPGA_Final_Project\FPGA__Proj\HDMI_game_project\HDMI_game_project.srcs\sources_1\bd\Testing_HDMI\Testing_HDMI.bd> 
VHDL Output written to : D:/FPGA_WORKSPACES/FPGA_Final_Project/FPGA__Proj/HDMI_game_project/HDMI_game_project.srcs/sources_1/bd/Testing_HDMI/synth/Testing_HDMI.v
VHDL Output written to : D:/FPGA_WORKSPACES/FPGA_Final_Project/FPGA__Proj/HDMI_game_project/HDMI_game_project.srcs/sources_1/bd/Testing_HDMI/sim/Testing_HDMI.v
VHDL Output written to : D:/FPGA_WORKSPACES/FPGA_Final_Project/FPGA__Proj/HDMI_game_project/HDMI_game_project.srcs/sources_1/bd/Testing_HDMI/hdl/Testing_HDMI_wrapper.v
INFO: [BD 41-1029] Generation completed for the IP Integrator block HDMI_test_0 .
INFO: [BD 41-1029] Generation completed for the IP Integrator block clk_wiz_0 .
Exporting to file D:/FPGA_WORKSPACES/FPGA_Final_Project/FPGA__Proj/HDMI_game_project/HDMI_game_project.srcs/sources_1/bd/Testing_HDMI/hw_handoff/Testing_HDMI.hwh
Generated Block Design Tcl file D:/FPGA_WORKSPACES/FPGA_Final_Project/FPGA__Proj/HDMI_game_project/HDMI_game_project.srcs/sources_1/bd/Testing_HDMI/hw_handoff/Testing_HDMI_bd.tcl
Generated Hardware Definition File D:/FPGA_WORKSPACES/FPGA_Final_Project/FPGA__Proj/HDMI_game_project/HDMI_game_project.srcs/sources_1/bd/Testing_HDMI/synth/Testing_HDMI.hwdef
[Tue Apr 16 14:25:33 2019] Launched Testing_HDMI_HDMI_test_0_0_synth_1, synth_1...
Run output will be captured here:
Testing_HDMI_HDMI_test_0_0_synth_1: D:/FPGA_WORKSPACES/FPGA_Final_Project/FPGA__Proj/HDMI_game_project/HDMI_game_project.runs/Testing_HDMI_HDMI_test_0_0_synth_1/runme.log
synth_1: D:/FPGA_WORKSPACES/FPGA_Final_Project/FPGA__Proj/HDMI_game_project/HDMI_game_project.runs/synth_1/runme.log
[Tue Apr 16 14:25:33 2019] Launched impl_1...
Run output will be captured here: D:/FPGA_WORKSPACES/FPGA_Final_Project/FPGA__Proj/HDMI_game_project/HDMI_game_project.runs/impl_1/runme.log
set_property PROBES.FILE {} [get_hw_devices xc7z020_1]
set_property FULL_PROBES.FILE {} [get_hw_devices xc7z020_1]
set_property PROGRAM.FILE {D:/FPGA_WORKSPACES/FPGA_Final_Project/FPGA__Proj/HDMI_game_project/HDMI_game_project.runs/impl_1/Testing_HDMI_wrapper.bit} [get_hw_devices xc7z020_1]
program_hw_devices [get_hw_devices xc7z020_1]
INFO: [Labtools 27-3164] End of startup status: HIGH
refresh_hw_device [lindex [get_hw_devices xc7z020_1] 0]
INFO: [Labtools 27-1434] Device xc7z020 (JTAG device index = 1) is programmed with a design that has no supported debug core(s) in it.
refresh_hw_device [lindex [get_hw_devices xc7z020_1] 0]
INFO: [Labtools 27-1434] Device xc7z020 (JTAG device index = 1) is programmed with a design that has no supported debug core(s) in it.
update_module_reference Testing_HDMI_HDMI_test_0_0
INFO: [IP_Flow 19-5107] Inferred bus interface 'TMDSn_clock' of definition 'xilinx.com:signal:clock:1.0' (from Xilinx Repository).
INFO: [IP_Flow 19-5107] Inferred bus interface 'TMDSp_clock' of definition 'xilinx.com:signal:clock:1.0' (from Xilinx Repository).
WARNING: [IP_Flow 19-3153] Bus Interface 'TMDSn_clock': ASSOCIATED_BUSIF bus parameter is missing.
CRITICAL WARNING: [IP_Flow 19-4751] Bus Interface 'TMDSn_clock': FREQ_HZ bus parameter is missing for output clock interface.
WARNING: [IP_Flow 19-3153] Bus Interface 'TMDSp_clock': ASSOCIATED_BUSIF bus parameter is missing.
CRITICAL WARNING: [IP_Flow 19-4751] Bus Interface 'TMDSp_clock': FREQ_HZ bus parameter is missing for output clock interface.
INFO: [IP_Flow 19-234] Refreshing IP repositories
INFO: [IP_Flow 19-1704] No user IP repositories specified
Upgrading 'D:/FPGA_WORKSPACES/FPGA_Final_Project/FPGA__Proj/HDMI_game_project/HDMI_game_project.srcs/sources_1/bd/Testing_HDMI/Testing_HDMI.bd'
WARNING: [Vivado 12-1017] Problems encountered:
1. Failed to delete one or more files in run directory D:/FPGA_WORKSPACES/FPGA_Final_Project/FPGA__Proj/HDMI_game_project/HDMI_game_project.runs/Testing_HDMI_HDMI_test_0_0_synth_1

INFO: [IP_Flow 19-1972] Upgraded Testing_HDMI_HDMI_test_0_0 from HDMI_test_v1_0 1.0 to HDMI_test_v1_0 1.0
WARNING: [BD 41-1731] Type mismatch between connected pins: /clk_wiz_0/clk_out1(clk) and /HDMI_test_0_upgraded_ipi/pixclk(undef)
WARNING: [BD 41-1731] Type mismatch between connected pins: /clk_wiz_0/clk_out2(clk) and /HDMI_test_0_upgraded_ipi/DCM_TMDS_CLKFX(undef)
Wrote  : <D:\FPGA_WORKSPACES\FPGA_Final_Project\FPGA__Proj\HDMI_game_project\HDMI_game_project.srcs\sources_1\bd\Testing_HDMI\Testing_HDMI.bd> 
update_module_reference: Time (s): cpu = 00:00:02 ; elapsed = 00:00:05 . Memory (MB): peak = 3714.238 ; gain = 0.000
reset_run synth_1
WARNING: [Vivado 12-1017] Problems encountered:
1. Failed to delete one or more files in run directory D:/FPGA_WORKSPACES/FPGA_Final_Project/FPGA__Proj/HDMI_game_project/HDMI_game_project.runs/synth_1

launch_runs impl_1 -to_step write_bitstream -jobs 8
WARNING: [BD 41-927] Following properties on pin /HDMI_test_0/TMDSp_clock have been updated from connected ip. They may not be synchronized with cell properties. You can set property on pin directly to confirm the value and resolve the warning.
	CLK_DOMAIN=Testing_HDMI_HDMI_test_0_0_TMDSp_clock 
WARNING: [BD 41-927] Following properties on pin /HDMI_test_0/TMDSn_clock have been updated from connected ip. They may not be synchronized with cell properties. You can set property on pin directly to confirm the value and resolve the warning.
	CLK_DOMAIN=Testing_HDMI_HDMI_test_0_0_TMDSn_clock 
Wrote  : <D:\FPGA_WORKSPACES\FPGA_Final_Project\FPGA__Proj\HDMI_game_project\HDMI_game_project.srcs\sources_1\bd\Testing_HDMI\Testing_HDMI.bd> 
VHDL Output written to : D:/FPGA_WORKSPACES/FPGA_Final_Project/FPGA__Proj/HDMI_game_project/HDMI_game_project.srcs/sources_1/bd/Testing_HDMI/synth/Testing_HDMI.v
VHDL Output written to : D:/FPGA_WORKSPACES/FPGA_Final_Project/FPGA__Proj/HDMI_game_project/HDMI_game_project.srcs/sources_1/bd/Testing_HDMI/sim/Testing_HDMI.v
VHDL Output written to : D:/FPGA_WORKSPACES/FPGA_Final_Project/FPGA__Proj/HDMI_game_project/HDMI_game_project.srcs/sources_1/bd/Testing_HDMI/hdl/Testing_HDMI_wrapper.v
INFO: [BD 41-1029] Generation completed for the IP Integrator block HDMI_test_0 .
INFO: [BD 41-1029] Generation completed for the IP Integrator block clk_wiz_0 .
Exporting to file D:/FPGA_WORKSPACES/FPGA_Final_Project/FPGA__Proj/HDMI_game_project/HDMI_game_project.srcs/sources_1/bd/Testing_HDMI/hw_handoff/Testing_HDMI.hwh
Generated Block Design Tcl file D:/FPGA_WORKSPACES/FPGA_Final_Project/FPGA__Proj/HDMI_game_project/HDMI_game_project.srcs/sources_1/bd/Testing_HDMI/hw_handoff/Testing_HDMI_bd.tcl
Generated Hardware Definition File D:/FPGA_WORKSPACES/FPGA_Final_Project/FPGA__Proj/HDMI_game_project/HDMI_game_project.srcs/sources_1/bd/Testing_HDMI/synth/Testing_HDMI.hwdef
[Tue Apr 16 14:30:34 2019] Launched Testing_HDMI_HDMI_test_0_0_synth_1, synth_1...
Run output will be captured here:
Testing_HDMI_HDMI_test_0_0_synth_1: D:/FPGA_WORKSPACES/FPGA_Final_Project/FPGA__Proj/HDMI_game_project/HDMI_game_project.runs/Testing_HDMI_HDMI_test_0_0_synth_1/runme.log
synth_1: D:/FPGA_WORKSPACES/FPGA_Final_Project/FPGA__Proj/HDMI_game_project/HDMI_game_project.runs/synth_1/runme.log
[Tue Apr 16 14:30:34 2019] Launched impl_1...
Run output will be captured here: D:/FPGA_WORKSPACES/FPGA_Final_Project/FPGA__Proj/HDMI_game_project/HDMI_game_project.runs/impl_1/runme.log
set_property PROBES.FILE {} [get_hw_devices xc7z020_1]
set_property FULL_PROBES.FILE {} [get_hw_devices xc7z020_1]
set_property PROGRAM.FILE {D:/FPGA_WORKSPACES/FPGA_Final_Project/FPGA__Proj/HDMI_game_project/HDMI_game_project.runs/impl_1/Testing_HDMI_wrapper.bit} [get_hw_devices xc7z020_1]
program_hw_devices [get_hw_devices xc7z020_1]
INFO: [Labtools 27-3164] End of startup status: HIGH
refresh_hw_device [lindex [get_hw_devices xc7z020_1] 0]
INFO: [Labtools 27-1434] Device xc7z020 (JTAG device index = 1) is programmed with a design that has no supported debug core(s) in it.
set_property PROBES.FILE {} [get_hw_devices xc7z020_1]
set_property FULL_PROBES.FILE {} [get_hw_devices xc7z020_1]
set_property PROGRAM.FILE {D:/FPGA_WORKSPACES/FPGA_Final_Project/FPGA__Proj/HDMI_game_project/HDMI_game_project.runs/impl_1/Testing_HDMI_wrapper.bit} [get_hw_devices xc7z020_1]
program_hw_devices [get_hw_devices xc7z020_1]
INFO: [Labtools 27-3164] End of startup status: HIGH
refresh_hw_device [lindex [get_hw_devices xc7z020_1] 0]
INFO: [Labtools 27-1434] Device xc7z020 (JTAG device index = 1) is programmed with a design that has no supported debug core(s) in it.
ERROR: [Labtoolstcl 44-513] HW Target shutdown. Closing target: localhost:3121/xilinx_tcf/Digilent/003017A6DF1EA
exit
INFO: [Common 17-206] Exiting Vivado at Tue Apr 16 14:45:13 2019...
