#-----------------------------------------------------------
# Vivado v2018.3 (64-bit)
# SW Build 2405991 on Thu Dec  6 23:38:27 MST 2018
# IP Build 2404404 on Fri Dec  7 01:43:56 MST 2018
# Start of session at: Wed Apr 24 14:58:27 2019
# Process ID: 4840
# Current directory: D:/FPGA_WORKSPACES/FPGA_Final_Project/FPGA__Proj/HDMI_game_project
# Command line: vivado.exe -gui_launcher_event rodinguilauncherevent4064 D:\FPGA_WORKSPACES\FPGA_Final_Project\FPGA__Proj\HDMI_game_project\HDMI_game_project.xpr
# Log file: D:/FPGA_WORKSPACES/FPGA_Final_Project/FPGA__Proj/HDMI_game_project/vivado.log
# Journal file: D:/FPGA_WORKSPACES/FPGA_Final_Project/FPGA__Proj/HDMI_game_project\vivado.jou
#-----------------------------------------------------------
start_gui
open_project D:/FPGA_WORKSPACES/FPGA_Final_Project/FPGA__Proj/HDMI_game_project/HDMI_game_project.xpr
INFO: [Project 1-313] Project file moved from 'C:/Users/itr9fc/Desktop/FPGA__Proj/HDMI_game_project' since last save.
Scanning sources...
Finished scanning sources
INFO: [IP_Flow 19-234] Refreshing IP repositories
INFO: [IP_Flow 19-1700] Loaded user IP repository 'd:/FPGA_WORKSPACES/FPGA_Final_Project/FPGA__Proj/Interface2/solution1/impl/ip'.
INFO: [IP_Flow 19-1700] Loaded user IP repository 'd:/FPGA_WORKSPACES/FPGA_Final_Project/FPGA__Proj/Gamelogic2/solution1/impl/ip'.
INFO: [IP_Flow 19-2313] Loaded Vivado IP repository 'C:/Xilinx/Vivado/2018.3/data/ip'.
WARNING: [BD 41-1661] One or more IPs have been locked in the design 'Testing_HDMI.bd'. Please run report_ip_status for more details and recommendations on how to fix this issue.
List of locked IPs:
Testing_HDMI_Interface2_0_0

open_project: Time (s): cpu = 00:00:22 ; elapsed = 00:00:11 . Memory (MB): peak = 724.723 ; gain = 143.117
update_compile_order -fileset sources_1
reset_run synth_1
launch_runs impl_1 -to_step write_bitstream -jobs 8
[Wed Apr 24 15:02:53 2019] Launched synth_1...
Run output will be captured here: D:/FPGA_WORKSPACES/FPGA_Final_Project/FPGA__Proj/HDMI_game_project/HDMI_game_project.runs/synth_1/runme.log
[Wed Apr 24 15:02:53 2019] Launched impl_1...
Run output will be captured here: D:/FPGA_WORKSPACES/FPGA_Final_Project/FPGA__Proj/HDMI_game_project/HDMI_game_project.runs/impl_1/runme.log
launch_runs: Time (s): cpu = 00:00:02 ; elapsed = 00:00:19 . Memory (MB): peak = 1064.313 ; gain = 0.000
open_hw
connect_hw_server
INFO: [Labtools 27-2285] Connecting to hw_server url TCP:localhost:3121
INFO: [Labtools 27-2222] Launching hw_server...
INFO: [Labtools 27-2221] Launch Output:

****** Xilinx hw_server v2018.3
  **** Build date : Dec  7 2018-00:40:27
    ** Copyright 1986-2018 Xilinx, Inc. All Rights Reserved.


open_hw_target
INFO: [Labtoolstcl 44-466] Opening hw_target localhost:3121/xilinx_tcf/Digilent/003017A6DF1EA
open_hw_target: Time (s): cpu = 00:00:05 ; elapsed = 00:00:07 . Memory (MB): peak = 1724.703 ; gain = 660.391
set_property PROGRAM.FILE {D:/FPGA_WORKSPACES/FPGA_Final_Project/FPGA__Proj/HDMI_game_project/HDMI_game_project.runs/impl_1/Testing_HDMI_wrapper.bit} [get_hw_devices xc7z020_1]
current_hw_device [get_hw_devices xc7z020_1]
refresh_hw_device -update_hw_probes false [lindex [get_hw_devices xc7z020_1] 0]
INFO: [Labtools 27-1435] Device xc7z020 (JTAG device index = 1) is not programmed (DONE status = 0).
set_property PROBES.FILE {} [get_hw_devices xc7z020_1]
set_property FULL_PROBES.FILE {} [get_hw_devices xc7z020_1]
set_property PROGRAM.FILE {D:/FPGA_WORKSPACES/FPGA_Final_Project/FPGA__Proj/HDMI_game_project/HDMI_game_project.runs/impl_1/Testing_HDMI_wrapper.bit} [get_hw_devices xc7z020_1]
program_hw_devices [get_hw_devices xc7z020_1]
INFO: [Labtools 27-3164] End of startup status: HIGH
refresh_hw_device [lindex [get_hw_devices xc7z020_1] 0]
INFO: [Labtools 27-1434] Device xc7z020 (JTAG device index = 1) is programmed with a design that has no supported debug core(s) in it.
ERROR: [Labtoolstcl 44-513] HW Target shutdown. Closing target: localhost:3121/xilinx_tcf/Digilent/003017A6DF1EA
INFO: [Labtoolstcl 44-466] Opening hw_target localhost:3121/xilinx_tcf/Digilent/003017A6DF1EA
WARNING: [Labtoolstcl 44-129] No matching hw_ila_data was found.
INFO: [Labtools 27-1435] Device xc7z020 (JTAG device index = 1) is not programmed (DONE status = 0).
WARNING: [Labtoolstcl 44-129] No matching hw_ila_data was found.
ERROR: [Labtoolstcl 44-513] HW Target shutdown. Closing target: localhost:3121/xilinx_tcf/Digilent/003017A6DF1EA
INFO: [Labtoolstcl 44-466] Opening hw_target localhost:3121/xilinx_tcf/Digilent/003017A6DF1EA
WARNING: [Labtoolstcl 44-129] No matching hw_ila_data was found.
INFO: [Labtools 27-1435] Device xc7z020 (JTAG device index = 1) is not programmed (DONE status = 0).
WARNING: [Labtoolstcl 44-129] No matching hw_ila_data was found.
set_property PROBES.FILE {} [get_hw_devices xc7z020_1]
set_property FULL_PROBES.FILE {} [get_hw_devices xc7z020_1]
set_property PROGRAM.FILE {D:/FPGA_WORKSPACES/FPGA_Final_Project/FPGA__Proj/HDMI_game_project/HDMI_game_project.runs/impl_1/Testing_HDMI_wrapper.bit} [get_hw_devices xc7z020_1]
program_hw_devices [get_hw_devices xc7z020_1]
INFO: [Labtools 27-3164] End of startup status: HIGH
refresh_hw_device [lindex [get_hw_devices xc7z020_1] 0]
INFO: [Labtools 27-1434] Device xc7z020 (JTAG device index = 1) is programmed with a design that has no supported debug core(s) in it.
WARNING: [IP_Flow 19-4318] IP-XACT file does not exist: d:/FPGA_WORKSPACES/FPGA_Final_Project/FPGA__Proj/Interface2/solution1/impl/ip/component.xml. It will be created.
update_ip_catalog -rebuild -scan_changes
INFO: [IP_Flow 19-234] Refreshing IP repositories
INFO: [IP_Flow 19-1700] Loaded user IP repository 'd:/FPGA_WORKSPACES/FPGA_Final_Project/FPGA__Proj/Interface2/solution1/impl/ip'.
INFO: [IP_Flow 19-1700] Loaded user IP repository 'd:/FPGA_WORKSPACES/FPGA_Final_Project/FPGA__Proj/Gamelogic2/solution1/impl/ip'.
report_ip_status -name ip_status
upgrade_ip -vlnv xilinx.com:hls:Interface2:1.0 [get_ips  Testing_HDMI_Interface2_0_0] -log ip_upgrade.log
Adding cell -- xilinx.com:ip:clk_wiz:6.0 - clk_wiz_0
Adding cell -- xilinx.com:module_ref:clean_button:1.0 - clean_button_0
Adding cell -- xilinx.com:module_ref:clean_button:1.0 - clean_button_1
Adding cell -- xilinx.com:module_ref:clean_button:1.0 - clean_button_2
Adding cell -- xilinx.com:module_ref:clean_button:1.0 - clean_button_3
Adding cell -- xilinx.com:module_ref:HDMI_test:1.0 - HDMI_test_0
Adding cell -- xilinx.com:hls:Gamelogic2:1.0 - Gamelogic2_0
Adding cell -- xilinx.com:hls:Interface2:1.0 - Interface2_0
WARNING: [BD 41-1731] Type mismatch between connected pins: /clk_wiz_0/clk_out1(clk) and /HDMI_test_0/pixclk(undef)
WARNING: [BD 41-1731] Type mismatch between connected pins: /clk_wiz_0/clk_out2(clk) and /HDMI_test_0/DCM_TMDS_CLKFX(undef)
Successfully read diagram <Testing_HDMI> from BD file <D:/FPGA_WORKSPACES/FPGA_Final_Project/FPGA__Proj/HDMI_game_project/HDMI_game_project.srcs/sources_1/bd/Testing_HDMI/Testing_HDMI.bd>
Upgrading 'D:/FPGA_WORKSPACES/FPGA_Final_Project/FPGA__Proj/HDMI_game_project/HDMI_game_project.srcs/sources_1/bd/Testing_HDMI/Testing_HDMI.bd'
WARNING: [Vivado 12-1017] Problems encountered:
1. Failed to delete one or more files in run directory D:/FPGA_WORKSPACES/FPGA_Final_Project/FPGA__Proj/HDMI_game_project/HDMI_game_project.runs/Testing_HDMI_Interface2_0_0_synth_1

INFO: [IP_Flow 19-3422] Upgraded Testing_HDMI_Interface2_0_0 (Interface2 1.0) from revision 1904241258 to revision 1904241513
WARNING: [IP_Flow 19-4699] Upgrade has removed interface 'ap_clk'
WARNING: [IP_Flow 19-4699] Upgrade has removed interface 'ap_rst'
WARNING: [IP_Flow 19-3670] Detected external interface differences while upgrading 'Testing_HDMI_Interface2_0_0'.
WARNING: [IP_Flow 19-4700] Upgrade has removed port 'ap_clk'
WARNING: [IP_Flow 19-4700] Upgrade has removed port 'ap_rst'
WARNING: [IP_Flow 19-3298] Detected external port differences while upgrading 'Testing_HDMI_Interface2_0_0'. These changes may impact your design.
CRITICAL WARNING: [BD 41-1167] The pin 'ap_clk' is not found on the upgraded version of the cell '/Interface2_0'. Its connection to the net 'clk_wiz_0_clk_out3' has been removed.
CRITICAL WARNING: [Coretcl 2-1279] The upgrade of 'Testing_HDMI_Interface2_0_0' has identified issues that may require user intervention. Please review the upgrade log 'd:/FPGA_WORKSPACES/FPGA_Final_Project/FPGA__Proj/HDMI_game_project/ip_upgrade.log', and verify that the upgraded IP is correctly configured.
Wrote  : <D:\FPGA_WORKSPACES\FPGA_Final_Project\FPGA__Proj\HDMI_game_project\HDMI_game_project.srcs\sources_1\bd\Testing_HDMI\Testing_HDMI.bd> 
Wrote  : <D:/FPGA_WORKSPACES/FPGA_Final_Project/FPGA__Proj/HDMI_game_project/HDMI_game_project.srcs/sources_1/bd/Testing_HDMI/ui/bd_96043947.ui> 
INFO: [Coretcl 2-1525] Wrote upgrade log to 'D:/FPGA_WORKSPACES/FPGA_Final_Project/FPGA__Proj/HDMI_game_project/ip_upgrade.log'.
upgrade_ip: Time (s): cpu = 00:00:15 ; elapsed = 00:00:12 . Memory (MB): peak = 1978.414 ; gain = 120.832
export_ip_user_files -of_objects [get_ips Testing_HDMI_Interface2_0_0] -no_script -sync -force -quiet
reset_run synth_1
WARNING: [Vivado 12-1017] Problems encountered:
1. Failed to delete one or more files in run directory D:/FPGA_WORKSPACES/FPGA_Final_Project/FPGA__Proj/HDMI_game_project/HDMI_game_project.runs/synth_1

launch_runs impl_1 -to_step write_bitstream -jobs 8
WARNING: [BD 41-927] Following properties on pin /clean_button_0/clk have been updated from connected ip. They may not be synchronized with cell properties. You can set property on pin directly to confirm the value and resolve the warning.
	CLK_DOMAIN=/clk_wiz_0_clk_out1 
WARNING: [BD 41-927] Following properties on pin /clean_button_1/clk have been updated from connected ip. They may not be synchronized with cell properties. You can set property on pin directly to confirm the value and resolve the warning.
	CLK_DOMAIN=/clk_wiz_0_clk_out1 
WARNING: [BD 41-927] Following properties on pin /clean_button_2/clk have been updated from connected ip. They may not be synchronized with cell properties. You can set property on pin directly to confirm the value and resolve the warning.
	CLK_DOMAIN=/clk_wiz_0_clk_out1 
WARNING: [BD 41-927] Following properties on pin /clean_button_3/clk have been updated from connected ip. They may not be synchronized with cell properties. You can set property on pin directly to confirm the value and resolve the warning.
	CLK_DOMAIN=/clk_wiz_0_clk_out1 
WARNING: [BD 41-927] Following properties on pin /HDMI_test_0/TMDSp_clock have been updated from connected ip. They may not be synchronized with cell properties. You can set property on pin directly to confirm the value and resolve the warning.
	CLK_DOMAIN=Testing_HDMI_HDMI_test_0_0_TMDSp_clock 
WARNING: [BD 41-927] Following properties on pin /HDMI_test_0/TMDSn_clock have been updated from connected ip. They may not be synchronized with cell properties. You can set property on pin directly to confirm the value and resolve the warning.
	CLK_DOMAIN=Testing_HDMI_HDMI_test_0_0_TMDSn_clock 
WARNING: [BD 41-927] Following properties on pin /Gamelogic2_0/ap_clk have been updated from connected ip. They may not be synchronized with cell properties. You can set property on pin directly to confirm the value and resolve the warning.
	CLK_DOMAIN=/clk_wiz_0_clk_out1 
WARNING: [BD 41-927] Following properties on pin /Gamelogic2_0/btn0 have been updated from connected ip. They may not be synchronized with cell properties. You can set property on pin directly to confirm the value and resolve the warning.
	LAYERED_METADATA=xilinx.com:interface:datatypes:1.0 {DATA {datatype {name {attribs {resolve_type immediate dependency {} format string minimum {} maximum {}} value {}} bitwidth {attribs {resolve_type immediate dependency {} format long minimum {} maximum {}} value 1} bitoffset {attribs {resolve_type immediate dependency {} format long minimum {} maximum {}} value 0}}}} 
WARNING: [BD 41-927] Following properties on pin /Gamelogic2_0/btn1 have been updated from connected ip. They may not be synchronized with cell properties. You can set property on pin directly to confirm the value and resolve the warning.
	LAYERED_METADATA=xilinx.com:interface:datatypes:1.0 {DATA {datatype {name {attribs {resolve_type immediate dependency {} format string minimum {} maximum {}} value {}} bitwidth {attribs {resolve_type immediate dependency {} format long minimum {} maximum {}} value 1} bitoffset {attribs {resolve_type immediate dependency {} format long minimum {} maximum {}} value 0}}}} 
WARNING: [BD 41-927] Following properties on pin /Gamelogic2_0/btn2 have been updated from connected ip. They may not be synchronized with cell properties. You can set property on pin directly to confirm the value and resolve the warning.
	LAYERED_METADATA=xilinx.com:interface:datatypes:1.0 {DATA {datatype {name {attribs {resolve_type immediate dependency {} format string minimum {} maximum {}} value {}} bitwidth {attribs {resolve_type immediate dependency {} format long minimum {} maximum {}} value 1} bitoffset {attribs {resolve_type immediate dependency {} format long minimum {} maximum {}} value 0}}}} 
WARNING: [BD 41-927] Following properties on pin /Gamelogic2_0/btn3 have been updated from connected ip. They may not be synchronized with cell properties. You can set property on pin directly to confirm the value and resolve the warning.
	LAYERED_METADATA=xilinx.com:interface:datatypes:1.0 {DATA {datatype {name {attribs {resolve_type immediate dependency {} format string minimum {} maximum {}} value {}} bitwidth {attribs {resolve_type immediate dependency {} format long minimum {} maximum {}} value 1} bitoffset {attribs {resolve_type immediate dependency {} format long minimum {} maximum {}} value 0}}}} 
WARNING: [BD 41-927] Following properties on pin /Gamelogic2_0/center_line_out_V have been updated from connected ip. They may not be synchronized with cell properties. You can set property on pin directly to confirm the value and resolve the warning.
	LAYERED_METADATA=xilinx.com:interface:datatypes:1.0 {DATA {datatype {name {attribs {resolve_type immediate dependency {} format string minimum {} maximum {}} value {}} bitwidth {attribs {resolve_type immediate dependency {} format long minimum {} maximum {}} value 12} bitoffset {attribs {resolve_type immediate dependency {} format long minimum {} maximum {}} value 0} integer {signed {attribs {resolve_type immediate dependency {} format bool minimum {} maximum {}} value false}}}}} 
WARNING: [BD 41-927] Following properties on pin /Gamelogic2_0/center_line_in_V have been updated from connected ip. They may not be synchronized with cell properties. You can set property on pin directly to confirm the value and resolve the warning.
	LAYERED_METADATA=xilinx.com:interface:datatypes:1.0 {DATA {datatype {name {attribs {resolve_type immediate dependency {} format string minimum {} maximum {}} value {}} bitwidth {attribs {resolve_type immediate dependency {} format long minimum {} maximum {}} value 12} bitoffset {attribs {resolve_type immediate dependency {} format long minimum {} maximum {}} value 0} integer {signed {attribs {resolve_type immediate dependency {} format bool minimum {} maximum {}} value false}}}}} 
WARNING: [BD 41-927] Following properties on pin /Gamelogic2_0/right_out have been updated from connected ip. They may not be synchronized with cell properties. You can set property on pin directly to confirm the value and resolve the warning.
	LAYERED_METADATA=xilinx.com:interface:datatypes:1.0 {DATA {datatype {name {attribs {resolve_type immediate dependency {} format string minimum {} maximum {}} value {}} bitwidth {attribs {resolve_type immediate dependency {} format long minimum {} maximum {}} value 1} bitoffset {attribs {resolve_type immediate dependency {} format long minimum {} maximum {}} value 0}}}} 
WARNING: [BD 41-927] Following properties on pin /Gamelogic2_0/right_in have been updated from connected ip. They may not be synchronized with cell properties. You can set property on pin directly to confirm the value and resolve the warning.
	LAYERED_METADATA=xilinx.com:interface:datatypes:1.0 {DATA {datatype {name {attribs {resolve_type immediate dependency {} format string minimum {} maximum {}} value {}} bitwidth {attribs {resolve_type immediate dependency {} format long minimum {} maximum {}} value 1} bitoffset {attribs {resolve_type immediate dependency {} format long minimum {} maximum {}} value 0}}}} 
WARNING: [BD 41-927] Following properties on pin /Interface2_0/x_V have been updated from connected ip. They may not be synchronized with cell properties. You can set property on pin directly to confirm the value and resolve the warning.
	LAYERED_METADATA=xilinx.com:interface:datatypes:1.0 {DATA {datatype {name {attribs {resolve_type immediate dependency {} format string minimum {} maximum {}} value {}} bitwidth {attribs {resolve_type immediate dependency {} format long minimum {} maximum {}} value 10} bitoffset {attribs {resolve_type immediate dependency {} format long minimum {} maximum {}} value 0} integer {signed {attribs {resolve_type immediate dependency {} format bool minimum {} maximum {}} value false}}}}} 
WARNING: [BD 41-927] Following properties on pin /Interface2_0/y_V have been updated from connected ip. They may not be synchronized with cell properties. You can set property on pin directly to confirm the value and resolve the warning.
	LAYERED_METADATA=xilinx.com:interface:datatypes:1.0 {DATA {datatype {name {attribs {resolve_type immediate dependency {} format string minimum {} maximum {}} value {}} bitwidth {attribs {resolve_type immediate dependency {} format long minimum {} maximum {}} value 10} bitoffset {attribs {resolve_type immediate dependency {} format long minimum {} maximum {}} value 0} integer {signed {attribs {resolve_type immediate dependency {} format bool minimum {} maximum {}} value false}}}}} 
WARNING: [BD 41-927] Following properties on pin /Interface2_0/XY_Red_V have been updated from connected ip. They may not be synchronized with cell properties. You can set property on pin directly to confirm the value and resolve the warning.
	LAYERED_METADATA=xilinx.com:interface:datatypes:1.0 {DATA {datatype {name {attribs {resolve_type immediate dependency {} format string minimum {} maximum {}} value {}} bitwidth {attribs {resolve_type immediate dependency {} format long minimum {} maximum {}} value 8} bitoffset {attribs {resolve_type immediate dependency {} format long minimum {} maximum {}} value 0} integer {signed {attribs {resolve_type immediate dependency {} format bool minimum {} maximum {}} value false}}}}} 
WARNING: [BD 41-927] Following properties on pin /Interface2_0/XY_Green_V have been updated from connected ip. They may not be synchronized with cell properties. You can set property on pin directly to confirm the value and resolve the warning.
	LAYERED_METADATA=xilinx.com:interface:datatypes:1.0 {DATA {datatype {name {attribs {resolve_type immediate dependency {} format string minimum {} maximum {}} value {}} bitwidth {attribs {resolve_type immediate dependency {} format long minimum {} maximum {}} value 8} bitoffset {attribs {resolve_type immediate dependency {} format long minimum {} maximum {}} value 0} integer {signed {attribs {resolve_type immediate dependency {} format bool minimum {} maximum {}} value false}}}}} 
WARNING: [BD 41-927] Following properties on pin /Interface2_0/XY_Blue_V have been updated from connected ip. They may not be synchronized with cell properties. You can set property on pin directly to confirm the value and resolve the warning.
	LAYERED_METADATA=xilinx.com:interface:datatypes:1.0 {DATA {datatype {name {attribs {resolve_type immediate dependency {} format string minimum {} maximum {}} value {}} bitwidth {attribs {resolve_type immediate dependency {} format long minimum {} maximum {}} value 8} bitoffset {attribs {resolve_type immediate dependency {} format long minimum {} maximum {}} value 0} integer {signed {attribs {resolve_type immediate dependency {} format bool minimum {} maximum {}} value false}}}}} 
WARNING: [BD 41-927] Following properties on pin /Interface2_0/center_line_V have been updated from connected ip. They may not be synchronized with cell properties. You can set property on pin directly to confirm the value and resolve the warning.
	LAYERED_METADATA=xilinx.com:interface:datatypes:1.0 {DATA {datatype {name {attribs {resolve_type immediate dependency {} format string minimum {} maximum {}} value {}} bitwidth {attribs {resolve_type immediate dependency {} format long minimum {} maximum {}} value 12} bitoffset {attribs {resolve_type immediate dependency {} format long minimum {} maximum {}} value 0} integer {signed {attribs {resolve_type immediate dependency {} format bool minimum {} maximum {}} value false}}}}} 
WARNING: [BD 41-927] Following properties on pin /Interface2_0/right_r have been updated from connected ip. They may not be synchronized with cell properties. You can set property on pin directly to confirm the value and resolve the warning.
	LAYERED_METADATA=xilinx.com:interface:datatypes:1.0 {DATA {datatype {name {attribs {resolve_type immediate dependency {} format string minimum {} maximum {}} value {}} bitwidth {attribs {resolve_type immediate dependency {} format long minimum {} maximum {}} value 1} bitoffset {attribs {resolve_type immediate dependency {} format long minimum {} maximum {}} value 0}}}} 
CRITICAL WARNING: [BD 41-759] The input pins (listed below) are either not connected or do not have a source port, and they don't have a tie-off specified. These pins are tied-off to all 0's to avoid error in Implementation flow.
Please check your design and connect them as needed: 
/Gamelogic2_0/ap_rst

Wrote  : <D:\FPGA_WORKSPACES\FPGA_Final_Project\FPGA__Proj\HDMI_game_project\HDMI_game_project.srcs\sources_1\bd\Testing_HDMI\Testing_HDMI.bd> 
VHDL Output written to : D:/FPGA_WORKSPACES/FPGA_Final_Project/FPGA__Proj/HDMI_game_project/HDMI_game_project.srcs/sources_1/bd/Testing_HDMI/synth/Testing_HDMI.v
VHDL Output written to : D:/FPGA_WORKSPACES/FPGA_Final_Project/FPGA__Proj/HDMI_game_project/HDMI_game_project.srcs/sources_1/bd/Testing_HDMI/sim/Testing_HDMI.v
VHDL Output written to : D:/FPGA_WORKSPACES/FPGA_Final_Project/FPGA__Proj/HDMI_game_project/HDMI_game_project.srcs/sources_1/bd/Testing_HDMI/hdl/Testing_HDMI_wrapper.v
INFO: [BD 41-1029] Generation completed for the IP Integrator block HDMI_test_0 .
INFO: [BD 41-1029] Generation completed for the IP Integrator block clk_wiz_0 .
INFO: [BD 41-1029] Generation completed for the IP Integrator block clean_button_0 .
INFO: [BD 41-1029] Generation completed for the IP Integrator block clean_button_1 .
INFO: [BD 41-1029] Generation completed for the IP Integrator block clean_button_2 .
INFO: [BD 41-1029] Generation completed for the IP Integrator block clean_button_3 .
INFO: [BD 41-1029] Generation completed for the IP Integrator block Interface2_0 .
INFO: [BD 41-1029] Generation completed for the IP Integrator block Gamelogic2_0 .
Exporting to file D:/FPGA_WORKSPACES/FPGA_Final_Project/FPGA__Proj/HDMI_game_project/HDMI_game_project.srcs/sources_1/bd/Testing_HDMI/hw_handoff/Testing_HDMI.hwh
Generated Block Design Tcl file D:/FPGA_WORKSPACES/FPGA_Final_Project/FPGA__Proj/HDMI_game_project/HDMI_game_project.srcs/sources_1/bd/Testing_HDMI/hw_handoff/Testing_HDMI_bd.tcl
Generated Hardware Definition File D:/FPGA_WORKSPACES/FPGA_Final_Project/FPGA__Proj/HDMI_game_project/HDMI_game_project.srcs/sources_1/bd/Testing_HDMI/synth/Testing_HDMI.hwdef
[Wed Apr 24 15:15:25 2019] Launched Testing_HDMI_Interface2_0_0_synth_1, synth_1...
Run output will be captured here:
Testing_HDMI_Interface2_0_0_synth_1: D:/FPGA_WORKSPACES/FPGA_Final_Project/FPGA__Proj/HDMI_game_project/HDMI_game_project.runs/Testing_HDMI_Interface2_0_0_synth_1/runme.log
synth_1: D:/FPGA_WORKSPACES/FPGA_Final_Project/FPGA__Proj/HDMI_game_project/HDMI_game_project.runs/synth_1/runme.log
[Wed Apr 24 15:15:25 2019] Launched impl_1...
Run output will be captured here: D:/FPGA_WORKSPACES/FPGA_Final_Project/FPGA__Proj/HDMI_game_project/HDMI_game_project.runs/impl_1/runme.log
launch_runs: Time (s): cpu = 00:00:04 ; elapsed = 00:00:30 . Memory (MB): peak = 2011.320 ; gain = 31.090
set_property PROBES.FILE {} [get_hw_devices xc7z020_1]
set_property FULL_PROBES.FILE {} [get_hw_devices xc7z020_1]
set_property PROGRAM.FILE {D:/FPGA_WORKSPACES/FPGA_Final_Project/FPGA__Proj/HDMI_game_project/HDMI_game_project.runs/impl_1/Testing_HDMI_wrapper.bit} [get_hw_devices xc7z020_1]
program_hw_devices [get_hw_devices xc7z020_1]
INFO: [Labtools 27-3164] End of startup status: HIGH
refresh_hw_device [lindex [get_hw_devices xc7z020_1] 0]
INFO: [Labtools 27-1434] Device xc7z020 (JTAG device index = 1) is programmed with a design that has no supported debug core(s) in it.
